<?xml version="1.0" encoding="UTF-8"?>
<testsuites name="TS3" time="24.751" tests="9" failures="0" errors="0">
   <testsuite name="TS3" tests="9" failures="0" errors="0" time="24.751" skipped="0" timestamp="22-06-2024T11:40:24" hostname="anhtran - 192.168.102.5" id="Test Suites/TSF/TS3">
      <properties>
         <property name="deviceName" value=""/>
         <property name="devicePlatform"/>
         <property name="logFolder" value="/Users/anhtran/git/KatlProj/Reports/20240622_113944/TSF/TS3/20240622_113947"/>
         <property name="logFiles" value="/Users/anhtran/git/KatlProj/Reports/20240622_113944/TSF/TS3/20240622_113947/execution0.log"/>
         <property name="attachments" value="keyes/keyes-current_viewport 1.png, keyes/keyes-current_viewport 2.png, keyes/keyes-current_viewport 3.png, keyes/keyes-current_viewport 4.png, keyes/keyes-current_viewport 5.png, keyes/keyes-current_viewport 6.png, keyes/keyes-current_viewport 7.png, keyes/keyes-current_viewport 8.png, keyes/keyes-current_viewport9.png, keyes/keyes-current_viewport 10.png, keyes/keyes-current_viewport11.png, keyes/keyes-current_viewport12.png, keyes/keyes-current_viewport13.png, keyes/keyes-current_viewport14.png, keyes/keyes-current_viewport15.png, keyes/keyes-current_viewport16.png, keyes/keyes-current_viewport17.png, keyes/keyes-current_viewport16.png"/>
         <property name="hostName" value="anhtran - 192.168.102.5"/>
         <property name="os" value="Mac OS X 64bit"/>
         <property name="katalonVersion" value="9.5.0.217"/>
         <property name="browser" value="Chrome 126.0.0.0"/>
         <property name="hostAddress" value="192.168.102.5"/>
         <property name="sessionId" value="fedfa44dc5e6e8cb109766082643f80d"/>
         <property name="seleniumVersion" value="3.141.59"/>
         <property name="proxyInformation" value="ProxyInformation { proxyOption=NO_PROXY, proxyServerType=HTTP, username=, password=********, proxyServerAddress=, proxyServerPort=0, executionList=&quot;&quot;, isApplyToDesiredCapabilities=true }"/>
         <property name="platform" value="Mac OS X"/>
      </properties>
      <testcase name="Test Cases/TCs_W/TC1" time="1.102" classname="Test Cases/TCs_W/TC1" status="PASSED">
         <system-out><![CDATA[22-06-2024T11:40:24 - [TEST_CASE][PASSED] - Test Cases/TCs_W/TC1: Test Cases/TCs_W/TC1

22-06-2024T11:40:24 - [TEST_STEP][PASSED] - openBrowser(""): Browser is opened with url: ''

22-06-2024T11:40:24 - [MESSAGE][INFO] - Starting 'Chrome' driver

22-06-2024T11:40:24 - [MESSAGE][INFO] - Action delay is set to 0 milliseconds

22-06-2024T11:40:25 - [MESSAGE][PASSED] - Browser is opened with url: ''

22-06-2024T11:40:25 - [TEST_STEP][PASSED] - closeBrowser(): Browser is closed

22-06-2024T11:40:25 - [MESSAGE][PASSED] - Browser is closed]]></system-out>
         <system-err><![CDATA[]]></system-err>
      </testcase>
      <testcase name="Test Cases/TCs_W/TC10" time="0.697" classname="Test Cases/TCs_W/TC10" status="PASSED">
         <system-out><![CDATA[22-06-2024T11:40:25 - [TEST_CASE][PASSED] - Test Cases/TCs_W/TC10: Test Cases/TCs_W/TC10

22-06-2024T11:40:25 - [TEST_STEP][PASSED] - openBrowser(""): Browser is opened with url: ''

22-06-2024T11:40:25 - [MESSAGE][INFO] - Starting 'Chrome' driver

22-06-2024T11:40:25 - [MESSAGE][INFO] - Action delay is set to 0 milliseconds

22-06-2024T11:40:25 - [MESSAGE][PASSED] - Browser is opened with url: ''

22-06-2024T11:40:25 - [TEST_STEP][PASSED] - closeBrowser(): Browser is closed

22-06-2024T11:40:26 - [MESSAGE][PASSED] - Browser is closed]]></system-out>
         <system-err><![CDATA[]]></system-err>
      </testcase>
      <testcase name="Test Cases/TCs_W/request" time="0.495" classname="Test Cases/TCs_W/request" status="PASSED">
         <system-out><![CDATA[22-06-2024T11:40:26 - [TEST_CASE][PASSED] - Test Cases/TCs_W/request: Test Cases/TCs_W/request

22-06-2024T11:40:26 - [TEST_STEP][PASSED] - sendRequest(findTestObject("New Request")): Send request successfully

22-06-2024T11:40:26 - [MESSAGE][INFO] - HAR: /Users/anhtran/git/KatlProj/Reports/20240622_113944/TSF/TS3/20240622_113947/requests/main/0.har

22-06-2024T11:40:26 - [MESSAGE][PASSED] - Send request successfully]]></system-out>
         <system-err><![CDATA[]]></system-err>
      </testcase>
      <testcase name="Test Cases/TCs_W/checkpoint" time="18.977" classname="Test Cases/TCs_W/checkpoint" status="PASSED">
         <system-out><![CDATA[22-06-2024T11:40:26 - [TEST_CASE][PASSED] - Test Cases/TCs_W/checkpoint: Test Cases/TCs_W/checkpoint

22-06-2024T11:40:26 - [TEST_STEP][PASSED] - openBrowser(""): Browser is opened with url: ''

22-06-2024T11:40:26 - [MESSAGE][INFO] - Starting 'Chrome' driver

22-06-2024T11:40:26 - [MESSAGE][INFO] - Action delay is set to 0 milliseconds

22-06-2024T11:40:27 - [MESSAGE][PASSED] - Browser is opened with url: ''

22-06-2024T11:40:27 - [TEST_STEP][PASSED] - navigateToUrl("https://academy.katalon.com/"): Navigate to 'https://academy.katalon.com/' successfully

22-06-2024T11:40:32 - [MESSAGE][PASSED] - Navigate to 'https://academy.katalon.com/' successfully

22-06-2024T11:40:32 - [TEST_STEP][PASSED] - takeScreenshotAsCheckpoint("current_viewport 1"): Taking screenshot successfully

22-06-2024T11:40:34 - [MESSAGE][INFO] - 0 hidden object(s)

22-06-2024T11:40:34 - [MESSAGE][PASSED] - Taking screenshot successfully
[[ATTACHMENT|keyes/keyes-current_viewport 1.png]]

22-06-2024T11:40:34 - [TEST_STEP][PASSED] - takeScreenshotAsCheckpoint("current_viewport 2 "): Taking screenshot successfully

22-06-2024T11:40:35 - [MESSAGE][INFO] - 0 hidden object(s)

22-06-2024T11:40:35 - [MESSAGE][PASSED] - Taking screenshot successfully
[[ATTACHMENT|keyes/keyes-current_viewport 2.png]]

22-06-2024T11:40:35 - [TEST_STEP][PASSED] - takeScreenshotAsCheckpoint("current_viewport 3"): Taking screenshot successfully

22-06-2024T11:40:36 - [MESSAGE][INFO] - 0 hidden object(s)

22-06-2024T11:40:36 - [MESSAGE][PASSED] - Taking screenshot successfully
[[ATTACHMENT|keyes/keyes-current_viewport 3.png]]

22-06-2024T11:40:36 - [TEST_STEP][PASSED] - takeScreenshotAsCheckpoint("current_viewport 4"): Taking screenshot successfully

22-06-2024T11:40:36 - [MESSAGE][INFO] - 0 hidden object(s)

22-06-2024T11:40:36 - [MESSAGE][PASSED] - Taking screenshot successfully
[[ATTACHMENT|keyes/keyes-current_viewport 4.png]]

22-06-2024T11:40:36 - [TEST_STEP][PASSED] - takeScreenshotAsCheckpoint("current_viewport 5"): Taking screenshot successfully

22-06-2024T11:40:37 - [MESSAGE][INFO] - 0 hidden object(s)

22-06-2024T11:40:37 - [MESSAGE][PASSED] - Taking screenshot successfully
[[ATTACHMENT|keyes/keyes-current_viewport 5.png]]

22-06-2024T11:40:37 - [TEST_STEP][PASSED] - takeScreenshotAsCheckpoint("current_viewport 6"): Taking screenshot successfully

22-06-2024T11:40:37 - [MESSAGE][INFO] - 0 hidden object(s)

22-06-2024T11:40:38 - [MESSAGE][PASSED] - Taking screenshot successfully
[[ATTACHMENT|keyes/keyes-current_viewport 6.png]]

22-06-2024T11:40:38 - [TEST_STEP][PASSED] - takeScreenshotAsCheckpoint("current_viewport 7"): Taking screenshot successfully

22-06-2024T11:40:38 - [MESSAGE][INFO] - 0 hidden object(s)

22-06-2024T11:40:38 - [MESSAGE][PASSED] - Taking screenshot successfully
[[ATTACHMENT|keyes/keyes-current_viewport 7.png]]

22-06-2024T11:40:38 - [TEST_STEP][PASSED] - takeScreenshotAsCheckpoint("current_viewport 8 "): Taking screenshot successfully

22-06-2024T11:40:39 - [MESSAGE][INFO] - 0 hidden object(s)

22-06-2024T11:40:39 - [MESSAGE][PASSED] - Taking screenshot successfully
[[ATTACHMENT|keyes/keyes-current_viewport 8.png]]

22-06-2024T11:40:39 - [TEST_STEP][PASSED] - takeScreenshotAsCheckpoint("current_viewport9"): Taking screenshot successfully

22-06-2024T11:40:39 - [MESSAGE][INFO] - 0 hidden object(s)

22-06-2024T11:40:39 - [MESSAGE][PASSED] - Taking screenshot successfully
[[ATTACHMENT|keyes/keyes-current_viewport9.png]]

22-06-2024T11:40:39 - [TEST_STEP][PASSED] - takeScreenshotAsCheckpoint("current_viewport 10"): Taking screenshot successfully

22-06-2024T11:40:40 - [MESSAGE][INFO] - 0 hidden object(s)

22-06-2024T11:40:40 - [MESSAGE][PASSED] - Taking screenshot successfully
[[ATTACHMENT|keyes/keyes-current_viewport 10.png]]

22-06-2024T11:40:40 - [TEST_STEP][PASSED] - takeScreenshotAsCheckpoint("current_viewport11"): Taking screenshot successfully

22-06-2024T11:40:41 - [MESSAGE][INFO] - 0 hidden object(s)

22-06-2024T11:40:41 - [MESSAGE][PASSED] - Taking screenshot successfully
[[ATTACHMENT|keyes/keyes-current_viewport11.png]]

22-06-2024T11:40:41 - [TEST_STEP][PASSED] - takeScreenshotAsCheckpoint("current_viewport12"): Taking screenshot successfully

22-06-2024T11:40:41 - [MESSAGE][INFO] - 0 hidden object(s)

22-06-2024T11:40:41 - [MESSAGE][PASSED] - Taking screenshot successfully
[[ATTACHMENT|keyes/keyes-current_viewport12.png]]

22-06-2024T11:40:41 - [TEST_STEP][PASSED] - takeScreenshotAsCheckpoint("current_viewport13"): Taking screenshot successfully

22-06-2024T11:40:42 - [MESSAGE][INFO] - 0 hidden object(s)

22-06-2024T11:40:42 - [MESSAGE][PASSED] - Taking screenshot successfully
[[ATTACHMENT|keyes/keyes-current_viewport13.png]]

22-06-2024T11:40:42 - [TEST_STEP][PASSED] - takeScreenshotAsCheckpoint("current_viewport14"): Taking screenshot successfully

22-06-2024T11:40:42 - [MESSAGE][INFO] - 0 hidden object(s)

22-06-2024T11:40:42 - [MESSAGE][PASSED] - Taking screenshot successfully
[[ATTACHMENT|keyes/keyes-current_viewport14.png]]

22-06-2024T11:40:42 - [TEST_STEP][PASSED] - takeScreenshotAsCheckpoint("current_viewport15"): Taking screenshot successfully

22-06-2024T11:40:43 - [MESSAGE][INFO] - 0 hidden object(s)

22-06-2024T11:40:43 - [MESSAGE][PASSED] - Taking screenshot successfully
[[ATTACHMENT|keyes/keyes-current_viewport15.png]]

22-06-2024T11:40:43 - [TEST_STEP][PASSED] - takeScreenshotAsCheckpoint("current_viewport16"): Taking screenshot successfully

22-06-2024T11:40:44 - [MESSAGE][INFO] - 0 hidden object(s)

22-06-2024T11:40:44 - [MESSAGE][PASSED] - Taking screenshot successfully
[[ATTACHMENT|keyes/keyes-current_viewport16.png]]

22-06-2024T11:40:44 - [TEST_STEP][PASSED] - takeScreenshotAsCheckpoint("current_viewport17"): Taking screenshot successfully

22-06-2024T11:40:44 - [MESSAGE][INFO] - 0 hidden object(s)

22-06-2024T11:40:44 - [MESSAGE][PASSED] - Taking screenshot successfully
[[ATTACHMENT|keyes/keyes-current_viewport17.png]]

22-06-2024T11:40:44 - [TEST_STEP][PASSED] - takeScreenshotAsCheckpoint("current_viewport16"): Taking screenshot successfully

22-06-2024T11:40:45 - [MESSAGE][INFO] - 0 hidden object(s)

22-06-2024T11:40:45 - [MESSAGE][PASSED] - Taking screenshot successfully
[[ATTACHMENT|keyes/keyes-current_viewport16.png]]

22-06-2024T11:40:45 - [TEST_STEP][PASSED] - closeBrowser(): Browser is closed

22-06-2024T11:40:45 - [MESSAGE][PASSED] - Browser is closed]]></system-out>
         <system-err><![CDATA[]]></system-err>
      </testcase>
      <testcase name="Test Cases/TCs_W/TC11" time="0.764" classname="Test Cases/TCs_W/TC11" status="PASSED">
         <system-out><![CDATA[22-06-2024T11:40:45 - [TEST_CASE][PASSED] - Test Cases/TCs_W/TC11: Test Cases/TCs_W/TC11

22-06-2024T11:40:45 - [TEST_STEP][PASSED] - openBrowser(""): Browser is opened with url: ''

22-06-2024T11:40:45 - [MESSAGE][INFO] - Starting 'Chrome' driver

22-06-2024T11:40:45 - [MESSAGE][INFO] - Action delay is set to 0 milliseconds

22-06-2024T11:40:46 - [MESSAGE][PASSED] - Browser is opened with url: ''

22-06-2024T11:40:46 - [TEST_STEP][PASSED] - closeBrowser(): Browser is closed

22-06-2024T11:40:46 - [MESSAGE][PASSED] - Browser is closed]]></system-out>
         <system-err><![CDATA[]]></system-err>
      </testcase>
      <testcase name="Test Cases/TCs_W/TC12" time="0.657" classname="Test Cases/TCs_W/TC12" status="PASSED">
         <system-out><![CDATA[22-06-2024T11:40:46 - [TEST_CASE][PASSED] - Test Cases/TCs_W/TC12: Test Cases/TCs_W/TC12

22-06-2024T11:40:46 - [TEST_STEP][PASSED] - openBrowser(""): Browser is opened with url: ''

22-06-2024T11:40:46 - [MESSAGE][INFO] - Starting 'Chrome' driver

22-06-2024T11:40:46 - [MESSAGE][INFO] - Action delay is set to 0 milliseconds

22-06-2024T11:40:46 - [MESSAGE][PASSED] - Browser is opened with url: ''

22-06-2024T11:40:46 - [TEST_STEP][PASSED] - closeBrowser(): Browser is closed

22-06-2024T11:40:46 - [MESSAGE][PASSED] - Browser is closed]]></system-out>
         <system-err><![CDATA[]]></system-err>
      </testcase>
      <testcase name="Test Cases/TCs_W/TC13" time="0.654" classname="Test Cases/TCs_W/TC13" status="PASSED">
         <system-out><![CDATA[22-06-2024T11:40:46 - [TEST_CASE][PASSED] - Test Cases/TCs_W/TC13: Test Cases/TCs_W/TC13

22-06-2024T11:40:46 - [TEST_STEP][PASSED] - openBrowser(""): Browser is opened with url: ''

22-06-2024T11:40:46 - [MESSAGE][INFO] - Starting 'Chrome' driver

22-06-2024T11:40:46 - [MESSAGE][INFO] - Action delay is set to 0 milliseconds

22-06-2024T11:40:47 - [MESSAGE][PASSED] - Browser is opened with url: ''

22-06-2024T11:40:47 - [TEST_STEP][PASSED] - closeBrowser(): Browser is closed

22-06-2024T11:40:47 - [MESSAGE][PASSED] - Browser is closed]]></system-out>
         <system-err><![CDATA[]]></system-err>
      </testcase>
      <testcase name="Test Cases/TCs_W/TC14" time="0.668" classname="Test Cases/TCs_W/TC14" status="PASSED">
         <system-out><![CDATA[22-06-2024T11:40:47 - [TEST_CASE][PASSED] - Test Cases/TCs_W/TC14: Test Cases/TCs_W/TC14

22-06-2024T11:40:47 - [TEST_STEP][PASSED] - openBrowser(""): Browser is opened with url: ''

22-06-2024T11:40:47 - [MESSAGE][INFO] - Starting 'Chrome' driver

22-06-2024T11:40:47 - [MESSAGE][INFO] - Action delay is set to 0 milliseconds

22-06-2024T11:40:48 - [MESSAGE][PASSED] - Browser is opened with url: ''

22-06-2024T11:40:48 - [TEST_STEP][PASSED] - closeBrowser(): Browser is closed

22-06-2024T11:40:48 - [MESSAGE][PASSED] - Browser is closed]]></system-out>
         <system-err><![CDATA[]]></system-err>
      </testcase>
      <testcase name="Test Cases/TCs_W/TC15" time="0.668" classname="Test Cases/TCs_W/TC15" status="PASSED">
         <system-out><![CDATA[22-06-2024T11:40:48 - [TEST_CASE][PASSED] - Test Cases/TCs_W/TC15: Test Cases/TCs_W/TC15

22-06-2024T11:40:48 - [TEST_STEP][PASSED] - openBrowser(""): Browser is opened with url: ''

22-06-2024T11:40:48 - [MESSAGE][INFO] - Starting 'Chrome' driver

22-06-2024T11:40:48 - [MESSAGE][INFO] - Action delay is set to 0 milliseconds

22-06-2024T11:40:48 - [MESSAGE][PASSED] - Browser is opened with url: ''

22-06-2024T11:40:48 - [TEST_STEP][PASSED] - closeBrowser(): Browser is closed

22-06-2024T11:40:48 - [MESSAGE][PASSED] - Browser is closed]]></system-out>
         <system-err><![CDATA[]]></system-err>
      </testcase>
      <system-out><![CDATA[22-06-2024T11:40:24 - [TEST_SUITE][PASSED] - TS3: Test Cases/TCs_W/TC15]]></system-out>
      <system-err><![CDATA[]]></system-err>
   </testsuite>
</testsuites>
