<?xml version="1.0" encoding="UTF-8"?>
<testsuites name="TS4" time="25.485" tests="3" failures="0" errors="0">
   <testsuite name="TS4" tests="3" failures="0" errors="0" time="25.485" skipped="0" timestamp="22-06-2024T11:33:48" hostname="anhtran - 192.168.102.5" id="Test Suites/TSF/TS4">
      <properties>
         <property name="deviceName" value=""/>
         <property name="devicePlatform"/>
         <property name="logFolder" value="/Users/anhtran/git/KatlProj/Reports/20240622_113347/TSF/TS4/20240622_113347"/>
         <property name="logFiles" value="/Users/anhtran/git/KatlProj/Reports/20240622_113347/TSF/TS4/20240622_113347/execution0.log"/>
         <property name="attachments" value="keyes/keyes-current_viewport 1.png, keyes/keyes-current_viewport 2.png, keyes/keyes-current_viewport 3.png, keyes/keyes-current_viewport 4.png, keyes/keyes-current_viewport 5.png, keyes/keyes-current_viewport 6.png, keyes/keyes-current_viewport 7.png, keyes/keyes-current_viewport 8.png, keyes/keyes-current_viewport9.png, keyes/keyes-current_viewport 10.png, keyes/keyes-current_viewport11.png, keyes/keyes-current_viewport12.png, keyes/keyes-current_viewport13.png, keyes/keyes-current_viewport14.png, keyes/keyes-current_viewport15.png, keyes/keyes-current_viewport16.png, keyes/keyes-current_viewport17.png, keyes/keyes-current_viewport16.png"/>
         <property name="hostName" value="anhtran - 192.168.102.5"/>
         <property name="os" value="Mac OS X 64bit"/>
         <property name="katalonVersion" value="9.5.0.217"/>
         <property name="browser" value="Chrome 126.0.0.0"/>
         <property name="hostAddress" value="192.168.102.5"/>
         <property name="sessionId" value="3a331910aecf66b361e86877cff6ebb4"/>
         <property name="seleniumVersion" value="3.141.59"/>
         <property name="proxyInformation" value="ProxyInformation { proxyOption=NO_PROXY, proxyServerType=HTTP, username=, password=********, proxyServerAddress=, proxyServerPort=0, executionList=&quot;&quot;, isApplyToDesiredCapabilities=true }"/>
         <property name="platform" value="Mac OS X"/>
      </properties>
      <testcase name="Test Cases/TCs_W/checkpoint" time="24.169" classname="Test Cases/TCs_W/checkpoint" status="PASSED">
         <system-out><![CDATA[22-06-2024T11:33:48 - [TEST_CASE][PASSED] - Test Cases/TCs_W/checkpoint: Test Cases/TCs_W/checkpoint

22-06-2024T11:33:48 - [TEST_STEP][PASSED] - openBrowser(""): Browser is opened with url: ''

22-06-2024T11:33:48 - [MESSAGE][INFO] - Starting 'Chrome' driver

22-06-2024T11:33:48 - [MESSAGE][INFO] - Action delay is set to 0 milliseconds

22-06-2024T11:33:50 - [MESSAGE][PASSED] - Browser is opened with url: ''

22-06-2024T11:33:50 - [TEST_STEP][PASSED] - navigateToUrl("https://academy.katalon.com/"): Navigate to 'https://academy.katalon.com/' successfully

22-06-2024T11:33:59 - [MESSAGE][PASSED] - Navigate to 'https://academy.katalon.com/' successfully

22-06-2024T11:33:59 - [TEST_STEP][PASSED] - takeScreenshotAsCheckpoint("current_viewport 1"): Taking screenshot successfully

22-06-2024T11:34:01 - [MESSAGE][INFO] - 0 hidden object(s)

22-06-2024T11:34:01 - [MESSAGE][PASSED] - Taking screenshot successfully
[[ATTACHMENT|keyes/keyes-current_viewport 1.png]]

22-06-2024T11:34:01 - [TEST_STEP][PASSED] - takeScreenshotAsCheckpoint("current_viewport 2 "): Taking screenshot successfully

22-06-2024T11:34:02 - [MESSAGE][INFO] - 0 hidden object(s)

22-06-2024T11:34:02 - [MESSAGE][PASSED] - Taking screenshot successfully
[[ATTACHMENT|keyes/keyes-current_viewport 2.png]]

22-06-2024T11:34:02 - [TEST_STEP][PASSED] - takeScreenshotAsCheckpoint("current_viewport 3"): Taking screenshot successfully

22-06-2024T11:34:03 - [MESSAGE][INFO] - 0 hidden object(s)

22-06-2024T11:34:03 - [MESSAGE][PASSED] - Taking screenshot successfully
[[ATTACHMENT|keyes/keyes-current_viewport 3.png]]

22-06-2024T11:34:03 - [TEST_STEP][PASSED] - takeScreenshotAsCheckpoint("current_viewport 4"): Taking screenshot successfully

22-06-2024T11:34:03 - [MESSAGE][INFO] - 0 hidden object(s)

22-06-2024T11:34:03 - [MESSAGE][PASSED] - Taking screenshot successfully
[[ATTACHMENT|keyes/keyes-current_viewport 4.png]]

22-06-2024T11:34:03 - [TEST_STEP][PASSED] - takeScreenshotAsCheckpoint("current_viewport 5"): Taking screenshot successfully

22-06-2024T11:34:04 - [MESSAGE][INFO] - 0 hidden object(s)

22-06-2024T11:34:04 - [MESSAGE][PASSED] - Taking screenshot successfully
[[ATTACHMENT|keyes/keyes-current_viewport 5.png]]

22-06-2024T11:34:04 - [TEST_STEP][PASSED] - takeScreenshotAsCheckpoint("current_viewport 6"): Taking screenshot successfully

22-06-2024T11:34:04 - [MESSAGE][INFO] - 0 hidden object(s)

22-06-2024T11:34:05 - [MESSAGE][PASSED] - Taking screenshot successfully
[[ATTACHMENT|keyes/keyes-current_viewport 6.png]]

22-06-2024T11:34:05 - [TEST_STEP][PASSED] - takeScreenshotAsCheckpoint("current_viewport 7"): Taking screenshot successfully

22-06-2024T11:34:05 - [MESSAGE][INFO] - 0 hidden object(s)

22-06-2024T11:34:05 - [MESSAGE][PASSED] - Taking screenshot successfully
[[ATTACHMENT|keyes/keyes-current_viewport 7.png]]

22-06-2024T11:34:05 - [TEST_STEP][PASSED] - takeScreenshotAsCheckpoint("current_viewport 8 "): Taking screenshot successfully

22-06-2024T11:34:06 - [MESSAGE][INFO] - 0 hidden object(s)

22-06-2024T11:34:06 - [MESSAGE][PASSED] - Taking screenshot successfully
[[ATTACHMENT|keyes/keyes-current_viewport 8.png]]

22-06-2024T11:34:06 - [TEST_STEP][PASSED] - takeScreenshotAsCheckpoint("current_viewport9"): Taking screenshot successfully

22-06-2024T11:34:07 - [MESSAGE][INFO] - 0 hidden object(s)

22-06-2024T11:34:07 - [MESSAGE][PASSED] - Taking screenshot successfully
[[ATTACHMENT|keyes/keyes-current_viewport9.png]]

22-06-2024T11:34:07 - [TEST_STEP][PASSED] - takeScreenshotAsCheckpoint("current_viewport 10"): Taking screenshot successfully

22-06-2024T11:34:07 - [MESSAGE][INFO] - 0 hidden object(s)

22-06-2024T11:34:07 - [MESSAGE][PASSED] - Taking screenshot successfully
[[ATTACHMENT|keyes/keyes-current_viewport 10.png]]

22-06-2024T11:34:07 - [TEST_STEP][PASSED] - takeScreenshotAsCheckpoint("current_viewport11"): Taking screenshot successfully

22-06-2024T11:34:08 - [MESSAGE][INFO] - 0 hidden object(s)

22-06-2024T11:34:08 - [MESSAGE][PASSED] - Taking screenshot successfully
[[ATTACHMENT|keyes/keyes-current_viewport11.png]]

22-06-2024T11:34:08 - [TEST_STEP][PASSED] - takeScreenshotAsCheckpoint("current_viewport12"): Taking screenshot successfully

22-06-2024T11:34:08 - [MESSAGE][INFO] - 0 hidden object(s)

22-06-2024T11:34:09 - [MESSAGE][PASSED] - Taking screenshot successfully
[[ATTACHMENT|keyes/keyes-current_viewport12.png]]

22-06-2024T11:34:09 - [TEST_STEP][PASSED] - takeScreenshotAsCheckpoint("current_viewport13"): Taking screenshot successfully

22-06-2024T11:34:09 - [MESSAGE][INFO] - 0 hidden object(s)

22-06-2024T11:34:09 - [MESSAGE][PASSED] - Taking screenshot successfully
[[ATTACHMENT|keyes/keyes-current_viewport13.png]]

22-06-2024T11:34:09 - [TEST_STEP][PASSED] - takeScreenshotAsCheckpoint("current_viewport14"): Taking screenshot successfully

22-06-2024T11:34:10 - [MESSAGE][INFO] - 0 hidden object(s)

22-06-2024T11:34:10 - [MESSAGE][PASSED] - Taking screenshot successfully
[[ATTACHMENT|keyes/keyes-current_viewport14.png]]

22-06-2024T11:34:10 - [TEST_STEP][PASSED] - takeScreenshotAsCheckpoint("current_viewport15"): Taking screenshot successfully

22-06-2024T11:34:10 - [MESSAGE][INFO] - 0 hidden object(s)

22-06-2024T11:34:10 - [MESSAGE][PASSED] - Taking screenshot successfully
[[ATTACHMENT|keyes/keyes-current_viewport15.png]]

22-06-2024T11:34:10 - [TEST_STEP][PASSED] - takeScreenshotAsCheckpoint("current_viewport16"): Taking screenshot successfully

22-06-2024T11:34:11 - [MESSAGE][INFO] - 0 hidden object(s)

22-06-2024T11:34:11 - [MESSAGE][PASSED] - Taking screenshot successfully
[[ATTACHMENT|keyes/keyes-current_viewport16.png]]

22-06-2024T11:34:11 - [TEST_STEP][PASSED] - takeScreenshotAsCheckpoint("current_viewport17"): Taking screenshot successfully

22-06-2024T11:34:11 - [MESSAGE][INFO] - 0 hidden object(s)

22-06-2024T11:34:12 - [MESSAGE][PASSED] - Taking screenshot successfully
[[ATTACHMENT|keyes/keyes-current_viewport17.png]]

22-06-2024T11:34:12 - [TEST_STEP][PASSED] - takeScreenshotAsCheckpoint("current_viewport16"): Taking screenshot successfully

22-06-2024T11:34:12 - [MESSAGE][INFO] - 0 hidden object(s)

22-06-2024T11:34:12 - [MESSAGE][PASSED] - Taking screenshot successfully
[[ATTACHMENT|keyes/keyes-current_viewport16.png]]

22-06-2024T11:34:12 - [TEST_STEP][PASSED] - closeBrowser(): Browser is closed

22-06-2024T11:34:12 - [MESSAGE][PASSED] - Browser is closed]]></system-out>
         <system-err><![CDATA[]]></system-err>
      </testcase>
      <testcase name="Test Cases/TCs_W/request" time="0.511" classname="Test Cases/TCs_W/request" status="PASSED">
         <system-out><![CDATA[22-06-2024T11:34:12 - [TEST_CASE][PASSED] - Test Cases/TCs_W/request: Test Cases/TCs_W/request

22-06-2024T11:34:12 - [TEST_STEP][PASSED] - sendRequest(findTestObject("New Request")): Send request successfully

22-06-2024T11:34:13 - [MESSAGE][INFO] - HAR: /Users/anhtran/git/KatlProj/Reports/20240622_113347/TSF/TS4/20240622_113347/requests/main/0.har

22-06-2024T11:34:13 - [MESSAGE][PASSED] - Send request successfully]]></system-out>
         <system-err><![CDATA[]]></system-err>
      </testcase>
      <testcase name="Test Cases/TCs_W/TC1" time="0.746" classname="Test Cases/TCs_W/TC1" status="PASSED">
         <system-out><![CDATA[22-06-2024T11:34:13 - [TEST_CASE][PASSED] - Test Cases/TCs_W/TC1: Test Cases/TCs_W/TC1

22-06-2024T11:34:13 - [TEST_STEP][PASSED] - openBrowser(""): Browser is opened with url: ''

22-06-2024T11:34:13 - [MESSAGE][INFO] - Starting 'Chrome' driver

22-06-2024T11:34:13 - [MESSAGE][INFO] - Action delay is set to 0 milliseconds

22-06-2024T11:34:13 - [MESSAGE][PASSED] - Browser is opened with url: ''

22-06-2024T11:34:13 - [TEST_STEP][PASSED] - closeBrowser(): Browser is closed

22-06-2024T11:34:14 - [MESSAGE][PASSED] - Browser is closed]]></system-out>
         <system-err><![CDATA[]]></system-err>
      </testcase>
      <system-out><![CDATA[22-06-2024T11:33:48 - [TEST_SUITE][PASSED] - TS4: Test Cases/TCs_W/TC1]]></system-out>
      <system-err><![CDATA[]]></system-err>
   </testsuite>
</testsuites>
