<?xml version="1.0" encoding="UTF-8"?>
<testsuites name="TSC3" time="103.338" tests="37" failures="0" errors="0">
   <testsuite name="TS1" tests="15" failures="0" errors="0" time="36.353" skipped="0" timestamp="22-06-2024T11:41:35" hostname="anhtran - 192.168.102.5" id="Test Suites/TSF/TS1">
      <properties>
         <property name="deviceName" value=""/>
         <property name="devicePlatform"/>
         <property name="logFolder" value="/Users/anhtran/git/KatlProj/Reports/20240622_114128/TSF/TS1/20240622_114129"/>
         <property name="logFiles" value="/Users/anhtran/git/KatlProj/Reports/20240622_114128/TSF/TS1/20240622_114129/execution0.log"/>
         <property name="attachments" value="keyes/keyes-current_viewport 1.png, keyes/keyes-current_viewport 2.png, keyes/keyes-current_viewport 3.png, keyes/keyes-current_viewport 4.png, keyes/keyes-current_viewport 5.png, keyes/keyes-current_viewport 6.png, keyes/keyes-current_viewport 7.png, keyes/keyes-current_viewport 8.png, keyes/keyes-current_viewport9.png, keyes/keyes-current_viewport 10.png, keyes/keyes-current_viewport11.png, keyes/keyes-current_viewport12.png, keyes/keyes-current_viewport13.png, keyes/keyes-current_viewport14.png, keyes/keyes-current_viewport15.png, keyes/keyes-current_viewport16.png, keyes/keyes-current_viewport17.png, keyes/keyes-current_viewport16.png"/>
         <property name="hostName" value="anhtran - 192.168.102.5"/>
         <property name="os" value="Mac OS X 64bit"/>
         <property name="katalonVersion" value="9.5.0.217"/>
         <property name="browser" value="Chrome 126.0.0.0"/>
         <property name="hostAddress" value="192.168.102.5"/>
         <property name="sessionId" value="7fc774eaac367fcb18ca9fe914d005c1"/>
         <property name="seleniumVersion" value="3.141.59"/>
         <property name="proxyInformation" value="ProxyInformation { proxyOption=NO_PROXY, proxyServerType=HTTP, username=, password=********, proxyServerAddress=, proxyServerPort=0, executionList=&quot;&quot;, isApplyToDesiredCapabilities=true }"/>
         <property name="platform" value="Mac OS X"/>
      </properties>
      <testcase name="Test Cases/TCs_W/checkpoint" time="23.457" classname="Test Cases/TCs_W/checkpoint" status="PASSED">
         <system-out><![CDATA[22-06-2024T11:41:35 - [TEST_CASE][PASSED] - Test Cases/TCs_W/checkpoint: Test Cases/TCs_W/checkpoint

22-06-2024T11:41:35 - [TEST_STEP][PASSED] - openBrowser(""): Browser is opened with url: ''

22-06-2024T11:41:36 - [MESSAGE][INFO] - Starting 'Chrome' driver

22-06-2024T11:41:36 - [MESSAGE][INFO] - Action delay is set to 0 milliseconds

22-06-2024T11:41:38 - [MESSAGE][PASSED] - Browser is opened with url: ''

22-06-2024T11:41:38 - [TEST_STEP][PASSED] - navigateToUrl("https://academy.katalon.com/"): Navigate to 'https://academy.katalon.com/' successfully

22-06-2024T11:41:46 - [MESSAGE][PASSED] - Navigate to 'https://academy.katalon.com/' successfully

22-06-2024T11:41:46 - [TEST_STEP][PASSED] - takeScreenshotAsCheckpoint("current_viewport 1"): Taking screenshot successfully

22-06-2024T11:41:48 - [MESSAGE][INFO] - 0 hidden object(s)

22-06-2024T11:41:48 - [MESSAGE][PASSED] - Taking screenshot successfully
[[ATTACHMENT|keyes/keyes-current_viewport 1.png]]

22-06-2024T11:41:48 - [TEST_STEP][PASSED] - takeScreenshotAsCheckpoint("current_viewport 2 "): Taking screenshot successfully

22-06-2024T11:41:49 - [MESSAGE][INFO] - 0 hidden object(s)

22-06-2024T11:41:49 - [MESSAGE][PASSED] - Taking screenshot successfully
[[ATTACHMENT|keyes/keyes-current_viewport 2.png]]

22-06-2024T11:41:49 - [TEST_STEP][PASSED] - takeScreenshotAsCheckpoint("current_viewport 3"): Taking screenshot successfully

22-06-2024T11:41:49 - [MESSAGE][INFO] - 0 hidden object(s)

22-06-2024T11:41:50 - [MESSAGE][PASSED] - Taking screenshot successfully
[[ATTACHMENT|keyes/keyes-current_viewport 3.png]]

22-06-2024T11:41:50 - [TEST_STEP][PASSED] - takeScreenshotAsCheckpoint("current_viewport 4"): Taking screenshot successfully

22-06-2024T11:41:50 - [MESSAGE][INFO] - 0 hidden object(s)

22-06-2024T11:41:50 - [MESSAGE][PASSED] - Taking screenshot successfully
[[ATTACHMENT|keyes/keyes-current_viewport 4.png]]

22-06-2024T11:41:50 - [TEST_STEP][PASSED] - takeScreenshotAsCheckpoint("current_viewport 5"): Taking screenshot successfully

22-06-2024T11:41:51 - [MESSAGE][INFO] - 0 hidden object(s)

22-06-2024T11:41:51 - [MESSAGE][PASSED] - Taking screenshot successfully
[[ATTACHMENT|keyes/keyes-current_viewport 5.png]]

22-06-2024T11:41:51 - [TEST_STEP][PASSED] - takeScreenshotAsCheckpoint("current_viewport 6"): Taking screenshot successfully

22-06-2024T11:41:51 - [MESSAGE][INFO] - 0 hidden object(s)

22-06-2024T11:41:51 - [MESSAGE][PASSED] - Taking screenshot successfully
[[ATTACHMENT|keyes/keyes-current_viewport 6.png]]

22-06-2024T11:41:51 - [TEST_STEP][PASSED] - takeScreenshotAsCheckpoint("current_viewport 7"): Taking screenshot successfully

22-06-2024T11:41:52 - [MESSAGE][INFO] - 0 hidden object(s)

22-06-2024T11:41:52 - [MESSAGE][PASSED] - Taking screenshot successfully
[[ATTACHMENT|keyes/keyes-current_viewport 7.png]]

22-06-2024T11:41:52 - [TEST_STEP][PASSED] - takeScreenshotAsCheckpoint("current_viewport 8 "): Taking screenshot successfully

22-06-2024T11:41:53 - [MESSAGE][INFO] - 0 hidden object(s)

22-06-2024T11:41:53 - [MESSAGE][PASSED] - Taking screenshot successfully
[[ATTACHMENT|keyes/keyes-current_viewport 8.png]]

22-06-2024T11:41:53 - [TEST_STEP][PASSED] - takeScreenshotAsCheckpoint("current_viewport9"): Taking screenshot successfully

22-06-2024T11:41:53 - [MESSAGE][INFO] - 0 hidden object(s)

22-06-2024T11:41:53 - [MESSAGE][PASSED] - Taking screenshot successfully
[[ATTACHMENT|keyes/keyes-current_viewport9.png]]

22-06-2024T11:41:53 - [TEST_STEP][PASSED] - takeScreenshotAsCheckpoint("current_viewport 10"): Taking screenshot successfully

22-06-2024T11:41:54 - [MESSAGE][INFO] - 0 hidden object(s)

22-06-2024T11:41:54 - [MESSAGE][PASSED] - Taking screenshot successfully
[[ATTACHMENT|keyes/keyes-current_viewport 10.png]]

22-06-2024T11:41:54 - [TEST_STEP][PASSED] - takeScreenshotAsCheckpoint("current_viewport11"): Taking screenshot successfully

22-06-2024T11:41:54 - [MESSAGE][INFO] - 0 hidden object(s)

22-06-2024T11:41:54 - [MESSAGE][PASSED] - Taking screenshot successfully
[[ATTACHMENT|keyes/keyes-current_viewport11.png]]

22-06-2024T11:41:54 - [TEST_STEP][PASSED] - takeScreenshotAsCheckpoint("current_viewport12"): Taking screenshot successfully

22-06-2024T11:41:55 - [MESSAGE][INFO] - 0 hidden object(s)

22-06-2024T11:41:55 - [MESSAGE][PASSED] - Taking screenshot successfully
[[ATTACHMENT|keyes/keyes-current_viewport12.png]]

22-06-2024T11:41:55 - [TEST_STEP][PASSED] - takeScreenshotAsCheckpoint("current_viewport13"): Taking screenshot successfully

22-06-2024T11:41:56 - [MESSAGE][INFO] - 0 hidden object(s)

22-06-2024T11:41:56 - [MESSAGE][PASSED] - Taking screenshot successfully
[[ATTACHMENT|keyes/keyes-current_viewport13.png]]

22-06-2024T11:41:56 - [TEST_STEP][PASSED] - takeScreenshotAsCheckpoint("current_viewport14"): Taking screenshot successfully

22-06-2024T11:41:56 - [MESSAGE][INFO] - 0 hidden object(s)

22-06-2024T11:41:56 - [MESSAGE][PASSED] - Taking screenshot successfully
[[ATTACHMENT|keyes/keyes-current_viewport14.png]]

22-06-2024T11:41:56 - [TEST_STEP][PASSED] - takeScreenshotAsCheckpoint("current_viewport15"): Taking screenshot successfully

22-06-2024T11:41:57 - [MESSAGE][INFO] - 0 hidden object(s)

22-06-2024T11:41:57 - [MESSAGE][PASSED] - Taking screenshot successfully
[[ATTACHMENT|keyes/keyes-current_viewport15.png]]

22-06-2024T11:41:57 - [TEST_STEP][PASSED] - takeScreenshotAsCheckpoint("current_viewport16"): Taking screenshot successfully

22-06-2024T11:41:57 - [MESSAGE][INFO] - 0 hidden object(s)

22-06-2024T11:41:57 - [MESSAGE][PASSED] - Taking screenshot successfully
[[ATTACHMENT|keyes/keyes-current_viewport16.png]]

22-06-2024T11:41:57 - [TEST_STEP][PASSED] - takeScreenshotAsCheckpoint("current_viewport17"): Taking screenshot successfully

22-06-2024T11:41:58 - [MESSAGE][INFO] - 0 hidden object(s)

22-06-2024T11:41:58 - [MESSAGE][PASSED] - Taking screenshot successfully
[[ATTACHMENT|keyes/keyes-current_viewport17.png]]

22-06-2024T11:41:58 - [TEST_STEP][PASSED] - takeScreenshotAsCheckpoint("current_viewport16"): Taking screenshot successfully

22-06-2024T11:41:59 - [MESSAGE][INFO] - 0 hidden object(s)

22-06-2024T11:41:59 - [MESSAGE][PASSED] - Taking screenshot successfully
[[ATTACHMENT|keyes/keyes-current_viewport16.png]]

22-06-2024T11:41:59 - [TEST_STEP][PASSED] - closeBrowser(): Browser is closed

22-06-2024T11:41:59 - [MESSAGE][PASSED] - Browser is closed]]></system-out>
         <system-err><![CDATA[]]></system-err>
      </testcase>
      <testcase name="Test Cases/TCs_W/request" time="0.518" classname="Test Cases/TCs_W/request" status="PASSED">
         <system-out><![CDATA[22-06-2024T11:41:59 - [TEST_CASE][PASSED] - Test Cases/TCs_W/request: Test Cases/TCs_W/request

22-06-2024T11:41:59 - [TEST_STEP][PASSED] - sendRequest(findTestObject("New Request")): Send request successfully

22-06-2024T11:41:59 - [MESSAGE][INFO] - HAR: /Users/anhtran/git/KatlProj/Reports/20240622_114128/TSF/TS1/20240622_114129/requests/main/0.har

22-06-2024T11:41:59 - [MESSAGE][PASSED] - Send request successfully]]></system-out>
         <system-err><![CDATA[]]></system-err>
      </testcase>
      <testcase name="Test Cases/TCs_W/TC26" time="0.749" classname="Test Cases/TCs_W/TC26" status="PASSED">
         <system-out><![CDATA[22-06-2024T11:41:59 - [TEST_CASE][PASSED] - Test Cases/TCs_W/TC26: Test Cases/TCs_W/TC26

22-06-2024T11:41:59 - [TEST_STEP][PASSED] - openBrowser(""): Browser is opened with url: ''

22-06-2024T11:41:59 - [MESSAGE][INFO] - Starting 'Chrome' driver

22-06-2024T11:41:59 - [MESSAGE][INFO] - Action delay is set to 0 milliseconds

22-06-2024T11:42:00 - [MESSAGE][PASSED] - Browser is opened with url: ''

22-06-2024T11:42:00 - [TEST_STEP][PASSED] - closeBrowser(): Browser is closed

22-06-2024T11:42:00 - [MESSAGE][PASSED] - Browser is closed]]></system-out>
         <system-err><![CDATA[]]></system-err>
      </testcase>
      <testcase name="Test Cases/TCs_W/TC27" time="0.684" classname="Test Cases/TCs_W/TC27" status="PASSED">
         <system-out><![CDATA[22-06-2024T11:42:00 - [TEST_CASE][PASSED] - Test Cases/TCs_W/TC27: Test Cases/TCs_W/TC27

22-06-2024T11:42:00 - [TEST_STEP][PASSED] - openBrowser(""): Browser is opened with url: ''

22-06-2024T11:42:00 - [MESSAGE][INFO] - Starting 'Chrome' driver

22-06-2024T11:42:00 - [MESSAGE][INFO] - Action delay is set to 0 milliseconds

22-06-2024T11:42:01 - [MESSAGE][PASSED] - Browser is opened with url: ''

22-06-2024T11:42:01 - [TEST_STEP][PASSED] - closeBrowser(): Browser is closed

22-06-2024T11:42:01 - [MESSAGE][PASSED] - Browser is closed]]></system-out>
         <system-err><![CDATA[]]></system-err>
      </testcase>
      <testcase name="Test Cases/TCs_W/TC28" time="0.672" classname="Test Cases/TCs_W/TC28" status="PASSED">
         <system-out><![CDATA[22-06-2024T11:42:01 - [TEST_CASE][PASSED] - Test Cases/TCs_W/TC28: Test Cases/TCs_W/TC28

22-06-2024T11:42:01 - [TEST_STEP][PASSED] - openBrowser(""): Browser is opened with url: ''

22-06-2024T11:42:01 - [MESSAGE][INFO] - Starting 'Chrome' driver

22-06-2024T11:42:01 - [MESSAGE][INFO] - Action delay is set to 0 milliseconds

22-06-2024T11:42:01 - [MESSAGE][PASSED] - Browser is opened with url: ''

22-06-2024T11:42:01 - [TEST_STEP][PASSED] - closeBrowser(): Browser is closed

22-06-2024T11:42:01 - [MESSAGE][PASSED] - Browser is closed]]></system-out>
         <system-err><![CDATA[]]></system-err>
      </testcase>
      <testcase name="Test Cases/TCs_W/TC29" time="0.676" classname="Test Cases/TCs_W/TC29" status="PASSED">
         <system-out><![CDATA[22-06-2024T11:42:01 - [TEST_CASE][PASSED] - Test Cases/TCs_W/TC29: Test Cases/TCs_W/TC29

22-06-2024T11:42:01 - [TEST_STEP][PASSED] - openBrowser(""): Browser is opened with url: ''

22-06-2024T11:42:01 - [MESSAGE][INFO] - Starting 'Chrome' driver

22-06-2024T11:42:01 - [MESSAGE][INFO] - Action delay is set to 0 milliseconds

22-06-2024T11:42:02 - [MESSAGE][PASSED] - Browser is opened with url: ''

22-06-2024T11:42:02 - [TEST_STEP][PASSED] - closeBrowser(): Browser is closed

22-06-2024T11:42:02 - [MESSAGE][PASSED] - Browser is closed]]></system-out>
         <system-err><![CDATA[]]></system-err>
      </testcase>
      <testcase name="Test Cases/TCs_W/TC3" time="0.662" classname="Test Cases/TCs_W/TC3" status="PASSED">
         <system-out><![CDATA[22-06-2024T11:42:02 - [TEST_CASE][PASSED] - Test Cases/TCs_W/TC3: Test Cases/TCs_W/TC3

22-06-2024T11:42:02 - [TEST_STEP][PASSED] - openBrowser(""): Browser is opened with url: ''

22-06-2024T11:42:02 - [MESSAGE][INFO] - Starting 'Chrome' driver

22-06-2024T11:42:02 - [MESSAGE][INFO] - Action delay is set to 0 milliseconds

22-06-2024T11:42:03 - [MESSAGE][PASSED] - Browser is opened with url: ''

22-06-2024T11:42:03 - [TEST_STEP][PASSED] - closeBrowser(): Browser is closed

22-06-2024T11:42:03 - [MESSAGE][PASSED] - Browser is closed]]></system-out>
         <system-err><![CDATA[]]></system-err>
      </testcase>
      <testcase name="Test Cases/TCs_W/TC30" time="0.686" classname="Test Cases/TCs_W/TC30" status="PASSED">
         <system-out><![CDATA[22-06-2024T11:42:03 - [TEST_CASE][PASSED] - Test Cases/TCs_W/TC30: Test Cases/TCs_W/TC30

22-06-2024T11:42:03 - [TEST_STEP][PASSED] - openBrowser(""): Browser is opened with url: ''

22-06-2024T11:42:03 - [MESSAGE][INFO] - Starting 'Chrome' driver

22-06-2024T11:42:03 - [MESSAGE][INFO] - Action delay is set to 0 milliseconds

22-06-2024T11:42:03 - [MESSAGE][PASSED] - Browser is opened with url: ''

22-06-2024T11:42:03 - [TEST_STEP][PASSED] - closeBrowser(): Browser is closed

22-06-2024T11:42:03 - [MESSAGE][PASSED] - Browser is closed]]></system-out>
         <system-err><![CDATA[]]></system-err>
      </testcase>
      <testcase name="Test Cases/TCs_W/TC4" time="0.674" classname="Test Cases/TCs_W/TC4" status="PASSED">
         <system-out><![CDATA[22-06-2024T11:42:03 - [TEST_CASE][PASSED] - Test Cases/TCs_W/TC4: Test Cases/TCs_W/TC4

22-06-2024T11:42:03 - [TEST_STEP][PASSED] - openBrowser(""): Browser is opened with url: ''

22-06-2024T11:42:03 - [MESSAGE][INFO] - Starting 'Chrome' driver

22-06-2024T11:42:03 - [MESSAGE][INFO] - Action delay is set to 0 milliseconds

22-06-2024T11:42:04 - [MESSAGE][PASSED] - Browser is opened with url: ''

22-06-2024T11:42:04 - [TEST_STEP][PASSED] - closeBrowser(): Browser is closed

22-06-2024T11:42:04 - [MESSAGE][PASSED] - Browser is closed]]></system-out>
         <system-err><![CDATA[]]></system-err>
      </testcase>
      <testcase name="Test Cases/TCs_W/TC5" time="0.668" classname="Test Cases/TCs_W/TC5" status="PASSED">
         <system-out><![CDATA[22-06-2024T11:42:04 - [TEST_CASE][PASSED] - Test Cases/TCs_W/TC5: Test Cases/TCs_W/TC5

22-06-2024T11:42:04 - [TEST_STEP][PASSED] - openBrowser(""): Browser is opened with url: ''

22-06-2024T11:42:04 - [MESSAGE][INFO] - Starting 'Chrome' driver

22-06-2024T11:42:04 - [MESSAGE][INFO] - Action delay is set to 0 milliseconds

22-06-2024T11:42:05 - [MESSAGE][PASSED] - Browser is opened with url: ''

22-06-2024T11:42:05 - [TEST_STEP][PASSED] - closeBrowser(): Browser is closed

22-06-2024T11:42:05 - [MESSAGE][PASSED] - Browser is closed]]></system-out>
         <system-err><![CDATA[]]></system-err>
      </testcase>
      <testcase name="Test Cases/TCs_W/TC6" time="0.685" classname="Test Cases/TCs_W/TC6" status="PASSED">
         <system-out><![CDATA[22-06-2024T11:42:05 - [TEST_CASE][PASSED] - Test Cases/TCs_W/TC6: Test Cases/TCs_W/TC6

22-06-2024T11:42:05 - [TEST_STEP][PASSED] - openBrowser(""): Browser is opened with url: ''

22-06-2024T11:42:05 - [MESSAGE][INFO] - Starting 'Chrome' driver

22-06-2024T11:42:05 - [MESSAGE][INFO] - Action delay is set to 0 milliseconds

22-06-2024T11:42:05 - [MESSAGE][PASSED] - Browser is opened with url: ''

22-06-2024T11:42:05 - [TEST_STEP][PASSED] - closeBrowser(): Browser is closed

22-06-2024T11:42:06 - [MESSAGE][PASSED] - Browser is closed]]></system-out>
         <system-err><![CDATA[]]></system-err>
      </testcase>
      <testcase name="Test Cases/TCs_W/TC7" time="0.678" classname="Test Cases/TCs_W/TC7" status="PASSED">
         <system-out><![CDATA[22-06-2024T11:42:06 - [TEST_CASE][PASSED] - Test Cases/TCs_W/TC7: Test Cases/TCs_W/TC7

22-06-2024T11:42:06 - [TEST_STEP][PASSED] - openBrowser(""): Browser is opened with url: ''

22-06-2024T11:42:06 - [MESSAGE][INFO] - Starting 'Chrome' driver

22-06-2024T11:42:06 - [MESSAGE][INFO] - Action delay is set to 0 milliseconds

22-06-2024T11:42:06 - [MESSAGE][PASSED] - Browser is opened with url: ''

22-06-2024T11:42:06 - [TEST_STEP][PASSED] - closeBrowser(): Browser is closed

22-06-2024T11:42:06 - [MESSAGE][PASSED] - Browser is closed]]></system-out>
         <system-err><![CDATA[]]></system-err>
      </testcase>
      <testcase name="Test Cases/TCs_W/TC8" time="0.68" classname="Test Cases/TCs_W/TC8" status="PASSED">
         <system-out><![CDATA[22-06-2024T11:42:06 - [TEST_CASE][PASSED] - Test Cases/TCs_W/TC8: Test Cases/TCs_W/TC8

22-06-2024T11:42:06 - [TEST_STEP][PASSED] - openBrowser(""): Browser is opened with url: ''

22-06-2024T11:42:06 - [MESSAGE][INFO] - Starting 'Chrome' driver

22-06-2024T11:42:06 - [MESSAGE][INFO] - Action delay is set to 0 milliseconds

22-06-2024T11:42:07 - [MESSAGE][PASSED] - Browser is opened with url: ''

22-06-2024T11:42:07 - [TEST_STEP][PASSED] - closeBrowser(): Browser is closed

22-06-2024T11:42:07 - [MESSAGE][PASSED] - Browser is closed]]></system-out>
         <system-err><![CDATA[]]></system-err>
      </testcase>
      <testcase name="Test Cases/TCs_W/TC_O" time="4.065" classname="Test Cases/TCs_W/TC_O" status="PASSED">
         <system-out><![CDATA[22-06-2024T11:42:07 - [TEST_CASE][PASSED] - Test Cases/TCs_W/TC_O: Test Cases/TCs_W/TC_O

22-06-2024T11:42:07 - [TEST_STEP][PASSED] - openBrowser(""): Browser is opened with url: ''

22-06-2024T11:42:07 - [MESSAGE][INFO] - Starting 'Chrome' driver

22-06-2024T11:42:07 - [MESSAGE][INFO] - Action delay is set to 0 milliseconds

22-06-2024T11:42:07 - [MESSAGE][PASSED] - Browser is opened with url: ''

22-06-2024T11:42:07 - [TEST_STEP][PASSED] - navigateToUrl("https://katalon-demo-cura.herokuapp.com/"): Navigate to 'https://katalon-demo-cura.herokuapp.com/' successfully

22-06-2024T11:42:11 - [MESSAGE][PASSED] - Navigate to 'https://katalon-demo-cura.herokuapp.com/' successfully

22-06-2024T11:42:11 - [TEST_STEP][PASSED] - closeBrowser(): Browser is closed

22-06-2024T11:42:11 - [MESSAGE][PASSED] - Browser is closed]]></system-out>
         <system-err><![CDATA[]]></system-err>
      </testcase>
      <testcase name="Test Cases/TCs_W/TC9" time="0.723" classname="Test Cases/TCs_W/TC9" status="PASSED">
         <system-out><![CDATA[22-06-2024T11:42:11 - [TEST_CASE][PASSED] - Test Cases/TCs_W/TC9: Test Cases/TCs_W/TC9

22-06-2024T11:42:11 - [TEST_STEP][PASSED] - openBrowser(""): Browser is opened with url: ''

22-06-2024T11:42:11 - [MESSAGE][INFO] - Starting 'Chrome' driver

22-06-2024T11:42:11 - [MESSAGE][INFO] - Action delay is set to 0 milliseconds

22-06-2024T11:42:12 - [MESSAGE][PASSED] - Browser is opened with url: ''

22-06-2024T11:42:12 - [TEST_STEP][PASSED] - closeBrowser(): Browser is closed

22-06-2024T11:42:12 - [MESSAGE][PASSED] - Browser is closed]]></system-out>
         <system-err><![CDATA[]]></system-err>
      </testcase>
      <system-out><![CDATA[22-06-2024T11:41:35 - [TEST_SUITE][PASSED] - TS1: Test Cases/TCs_W/TC9]]></system-out>
      <system-err><![CDATA[]]></system-err>
   </testsuite>
   <testsuite name="TS3" tests="9" failures="0" errors="0" time="31.79" skipped="0" timestamp="22-06-2024T11:42:14" hostname="anhtran - 192.168.102.5" id="Test Suites/TSF/TS3">
      <properties>
         <property name="deviceName" value=""/>
         <property name="devicePlatform"/>
         <property name="logFolder" value="/Users/anhtran/git/KatlProj/Reports/20240622_114128/TSF/TS3/20240622_114131"/>
         <property name="logFiles" value="/Users/anhtran/git/KatlProj/Reports/20240622_114128/TSF/TS3/20240622_114131/execution0.log"/>
         <property name="attachments" value="keyes/keyes-current_viewport 1.png, keyes/keyes-current_viewport 2.png, keyes/keyes-current_viewport 3.png, keyes/keyes-current_viewport 4.png, keyes/keyes-current_viewport 5.png, keyes/keyes-current_viewport 6.png, keyes/keyes-current_viewport 7.png, keyes/keyes-current_viewport 8.png, keyes/keyes-current_viewport9.png, keyes/keyes-current_viewport 10.png, keyes/keyes-current_viewport11.png, keyes/keyes-current_viewport12.png, keyes/keyes-current_viewport13.png, keyes/keyes-current_viewport14.png, keyes/keyes-current_viewport15.png, keyes/keyes-current_viewport16.png, keyes/keyes-current_viewport17.png, keyes/keyes-current_viewport16.png"/>
         <property name="hostName" value="anhtran - 192.168.102.5"/>
         <property name="os" value="Mac OS X 64bit"/>
         <property name="katalonVersion" value="9.5.0.217"/>
         <property name="browser" value="Chrome 126.0.0.0"/>
         <property name="hostAddress" value="192.168.102.5"/>
         <property name="sessionId" value="2d8c64db35a541876f469de0021fd086"/>
         <property name="seleniumVersion" value="3.141.59"/>
         <property name="proxyInformation" value="ProxyInformation { proxyOption=NO_PROXY, proxyServerType=HTTP, username=, password=********, proxyServerAddress=, proxyServerPort=0, executionList=&quot;&quot;, isApplyToDesiredCapabilities=true }"/>
         <property name="platform" value="Mac OS X"/>
      </properties>
      <testcase name="Test Cases/TCs_W/TC1" time="1.071" classname="Test Cases/TCs_W/TC1" status="PASSED">
         <system-out><![CDATA[22-06-2024T11:42:14 - [TEST_CASE][PASSED] - Test Cases/TCs_W/TC1: Test Cases/TCs_W/TC1

22-06-2024T11:42:14 - [TEST_STEP][PASSED] - openBrowser(""): Browser is opened with url: ''

22-06-2024T11:42:14 - [MESSAGE][INFO] - Starting 'Chrome' driver

22-06-2024T11:42:14 - [MESSAGE][INFO] - Action delay is set to 0 milliseconds

22-06-2024T11:42:15 - [MESSAGE][PASSED] - Browser is opened with url: ''

22-06-2024T11:42:15 - [TEST_STEP][PASSED] - closeBrowser(): Browser is closed

22-06-2024T11:42:15 - [MESSAGE][PASSED] - Browser is closed]]></system-out>
         <system-err><![CDATA[]]></system-err>
      </testcase>
      <testcase name="Test Cases/TCs_W/TC10" time="0.698" classname="Test Cases/TCs_W/TC10" status="PASSED">
         <system-out><![CDATA[22-06-2024T11:42:15 - [TEST_CASE][PASSED] - Test Cases/TCs_W/TC10: Test Cases/TCs_W/TC10

22-06-2024T11:42:15 - [TEST_STEP][PASSED] - openBrowser(""): Browser is opened with url: ''

22-06-2024T11:42:15 - [MESSAGE][INFO] - Starting 'Chrome' driver

22-06-2024T11:42:15 - [MESSAGE][INFO] - Action delay is set to 0 milliseconds

22-06-2024T11:42:15 - [MESSAGE][PASSED] - Browser is opened with url: ''

22-06-2024T11:42:15 - [TEST_STEP][PASSED] - closeBrowser(): Browser is closed

22-06-2024T11:42:15 - [MESSAGE][PASSED] - Browser is closed]]></system-out>
         <system-err><![CDATA[]]></system-err>
      </testcase>
      <testcase name="Test Cases/TCs_W/request" time="0.51" classname="Test Cases/TCs_W/request" status="PASSED">
         <system-out><![CDATA[22-06-2024T11:42:15 - [TEST_CASE][PASSED] - Test Cases/TCs_W/request: Test Cases/TCs_W/request

22-06-2024T11:42:15 - [TEST_STEP][PASSED] - sendRequest(findTestObject("New Request")): Send request successfully

22-06-2024T11:42:16 - [MESSAGE][INFO] - HAR: /Users/anhtran/git/KatlProj/Reports/20240622_114128/TSF/TS3/20240622_114131/requests/main/0.har

22-06-2024T11:42:16 - [MESSAGE][PASSED] - Send request successfully]]></system-out>
         <system-err><![CDATA[]]></system-err>
      </testcase>
      <testcase name="Test Cases/TCs_W/checkpoint" time="26.045" classname="Test Cases/TCs_W/checkpoint" status="PASSED">
         <system-out><![CDATA[22-06-2024T11:42:16 - [TEST_CASE][PASSED] - Test Cases/TCs_W/checkpoint: Test Cases/TCs_W/checkpoint

22-06-2024T11:42:16 - [TEST_STEP][PASSED] - openBrowser(""): Browser is opened with url: ''

22-06-2024T11:42:16 - [MESSAGE][INFO] - Starting 'Chrome' driver

22-06-2024T11:42:16 - [MESSAGE][INFO] - Action delay is set to 0 milliseconds

22-06-2024T11:42:16 - [MESSAGE][PASSED] - Browser is opened with url: ''

22-06-2024T11:42:16 - [TEST_STEP][PASSED] - navigateToUrl("https://academy.katalon.com/"): Navigate to 'https://academy.katalon.com/' successfully

22-06-2024T11:42:29 - [MESSAGE][PASSED] - Navigate to 'https://academy.katalon.com/' successfully

22-06-2024T11:42:29 - [TEST_STEP][PASSED] - takeScreenshotAsCheckpoint("current_viewport 1"): Taking screenshot successfully

22-06-2024T11:42:31 - [MESSAGE][INFO] - 0 hidden object(s)

22-06-2024T11:42:32 - [MESSAGE][PASSED] - Taking screenshot successfully
[[ATTACHMENT|keyes/keyes-current_viewport 1.png]]

22-06-2024T11:42:32 - [TEST_STEP][PASSED] - takeScreenshotAsCheckpoint("current_viewport 2 "): Taking screenshot successfully

22-06-2024T11:42:32 - [MESSAGE][INFO] - 0 hidden object(s)

22-06-2024T11:42:32 - [MESSAGE][PASSED] - Taking screenshot successfully
[[ATTACHMENT|keyes/keyes-current_viewport 2.png]]

22-06-2024T11:42:32 - [TEST_STEP][PASSED] - takeScreenshotAsCheckpoint("current_viewport 3"): Taking screenshot successfully

22-06-2024T11:42:33 - [MESSAGE][INFO] - 0 hidden object(s)

22-06-2024T11:42:33 - [MESSAGE][PASSED] - Taking screenshot successfully
[[ATTACHMENT|keyes/keyes-current_viewport 3.png]]

22-06-2024T11:42:33 - [TEST_STEP][PASSED] - takeScreenshotAsCheckpoint("current_viewport 4"): Taking screenshot successfully

22-06-2024T11:42:33 - [MESSAGE][INFO] - 0 hidden object(s)

22-06-2024T11:42:33 - [MESSAGE][PASSED] - Taking screenshot successfully
[[ATTACHMENT|keyes/keyes-current_viewport 4.png]]

22-06-2024T11:42:33 - [TEST_STEP][PASSED] - takeScreenshotAsCheckpoint("current_viewport 5"): Taking screenshot successfully

22-06-2024T11:42:34 - [MESSAGE][INFO] - 0 hidden object(s)

22-06-2024T11:42:34 - [MESSAGE][PASSED] - Taking screenshot successfully
[[ATTACHMENT|keyes/keyes-current_viewport 5.png]]

22-06-2024T11:42:34 - [TEST_STEP][PASSED] - takeScreenshotAsCheckpoint("current_viewport 6"): Taking screenshot successfully

22-06-2024T11:42:35 - [MESSAGE][INFO] - 0 hidden object(s)

22-06-2024T11:42:35 - [MESSAGE][PASSED] - Taking screenshot successfully
[[ATTACHMENT|keyes/keyes-current_viewport 6.png]]

22-06-2024T11:42:35 - [TEST_STEP][PASSED] - takeScreenshotAsCheckpoint("current_viewport 7"): Taking screenshot successfully

22-06-2024T11:42:35 - [MESSAGE][INFO] - 0 hidden object(s)

22-06-2024T11:42:35 - [MESSAGE][PASSED] - Taking screenshot successfully
[[ATTACHMENT|keyes/keyes-current_viewport 7.png]]

22-06-2024T11:42:35 - [TEST_STEP][PASSED] - takeScreenshotAsCheckpoint("current_viewport 8 "): Taking screenshot successfully

22-06-2024T11:42:36 - [MESSAGE][INFO] - 0 hidden object(s)

22-06-2024T11:42:36 - [MESSAGE][PASSED] - Taking screenshot successfully
[[ATTACHMENT|keyes/keyes-current_viewport 8.png]]

22-06-2024T11:42:36 - [TEST_STEP][PASSED] - takeScreenshotAsCheckpoint("current_viewport9"): Taking screenshot successfully

22-06-2024T11:42:36 - [MESSAGE][INFO] - 0 hidden object(s)

22-06-2024T11:42:36 - [MESSAGE][PASSED] - Taking screenshot successfully
[[ATTACHMENT|keyes/keyes-current_viewport9.png]]

22-06-2024T11:42:36 - [TEST_STEP][PASSED] - takeScreenshotAsCheckpoint("current_viewport 10"): Taking screenshot successfully

22-06-2024T11:42:37 - [MESSAGE][INFO] - 0 hidden object(s)

22-06-2024T11:42:37 - [MESSAGE][PASSED] - Taking screenshot successfully
[[ATTACHMENT|keyes/keyes-current_viewport 10.png]]

22-06-2024T11:42:37 - [TEST_STEP][PASSED] - takeScreenshotAsCheckpoint("current_viewport11"): Taking screenshot successfully

22-06-2024T11:42:38 - [MESSAGE][INFO] - 0 hidden object(s)

22-06-2024T11:42:38 - [MESSAGE][PASSED] - Taking screenshot successfully
[[ATTACHMENT|keyes/keyes-current_viewport11.png]]

22-06-2024T11:42:38 - [TEST_STEP][PASSED] - takeScreenshotAsCheckpoint("current_viewport12"): Taking screenshot successfully

22-06-2024T11:42:38 - [MESSAGE][INFO] - 0 hidden object(s)

22-06-2024T11:42:38 - [MESSAGE][PASSED] - Taking screenshot successfully
[[ATTACHMENT|keyes/keyes-current_viewport12.png]]

22-06-2024T11:42:38 - [TEST_STEP][PASSED] - takeScreenshotAsCheckpoint("current_viewport13"): Taking screenshot successfully

22-06-2024T11:42:39 - [MESSAGE][INFO] - 0 hidden object(s)

22-06-2024T11:42:39 - [MESSAGE][PASSED] - Taking screenshot successfully
[[ATTACHMENT|keyes/keyes-current_viewport13.png]]

22-06-2024T11:42:39 - [TEST_STEP][PASSED] - takeScreenshotAsCheckpoint("current_viewport14"): Taking screenshot successfully

22-06-2024T11:42:39 - [MESSAGE][INFO] - 0 hidden object(s)

22-06-2024T11:42:39 - [MESSAGE][PASSED] - Taking screenshot successfully
[[ATTACHMENT|keyes/keyes-current_viewport14.png]]

22-06-2024T11:42:39 - [TEST_STEP][PASSED] - takeScreenshotAsCheckpoint("current_viewport15"): Taking screenshot successfully

22-06-2024T11:42:40 - [MESSAGE][INFO] - 0 hidden object(s)

22-06-2024T11:42:40 - [MESSAGE][PASSED] - Taking screenshot successfully
[[ATTACHMENT|keyes/keyes-current_viewport15.png]]

22-06-2024T11:42:40 - [TEST_STEP][PASSED] - takeScreenshotAsCheckpoint("current_viewport16"): Taking screenshot successfully

22-06-2024T11:42:40 - [MESSAGE][INFO] - 0 hidden object(s)

22-06-2024T11:42:41 - [MESSAGE][PASSED] - Taking screenshot successfully
[[ATTACHMENT|keyes/keyes-current_viewport16.png]]

22-06-2024T11:42:41 - [TEST_STEP][PASSED] - takeScreenshotAsCheckpoint("current_viewport17"): Taking screenshot successfully

22-06-2024T11:42:41 - [MESSAGE][INFO] - 0 hidden object(s)

22-06-2024T11:42:41 - [MESSAGE][PASSED] - Taking screenshot successfully
[[ATTACHMENT|keyes/keyes-current_viewport17.png]]

22-06-2024T11:42:41 - [TEST_STEP][PASSED] - takeScreenshotAsCheckpoint("current_viewport16"): Taking screenshot successfully

22-06-2024T11:42:42 - [MESSAGE][INFO] - 0 hidden object(s)

22-06-2024T11:42:42 - [MESSAGE][PASSED] - Taking screenshot successfully
[[ATTACHMENT|keyes/keyes-current_viewport16.png]]

22-06-2024T11:42:42 - [TEST_STEP][PASSED] - closeBrowser(): Browser is closed

22-06-2024T11:42:42 - [MESSAGE][PASSED] - Browser is closed]]></system-out>
         <system-err><![CDATA[]]></system-err>
      </testcase>
      <testcase name="Test Cases/TCs_W/TC11" time="0.731" classname="Test Cases/TCs_W/TC11" status="PASSED">
         <system-out><![CDATA[22-06-2024T11:42:42 - [TEST_CASE][PASSED] - Test Cases/TCs_W/TC11: Test Cases/TCs_W/TC11

22-06-2024T11:42:42 - [TEST_STEP][PASSED] - openBrowser(""): Browser is opened with url: ''

22-06-2024T11:42:42 - [MESSAGE][INFO] - Starting 'Chrome' driver

22-06-2024T11:42:42 - [MESSAGE][INFO] - Action delay is set to 0 milliseconds

22-06-2024T11:42:43 - [MESSAGE][PASSED] - Browser is opened with url: ''

22-06-2024T11:42:43 - [TEST_STEP][PASSED] - closeBrowser(): Browser is closed

22-06-2024T11:42:43 - [MESSAGE][PASSED] - Browser is closed]]></system-out>
         <system-err><![CDATA[]]></system-err>
      </testcase>
      <testcase name="Test Cases/TCs_W/TC12" time="0.669" classname="Test Cases/TCs_W/TC12" status="PASSED">
         <system-out><![CDATA[22-06-2024T11:42:43 - [TEST_CASE][PASSED] - Test Cases/TCs_W/TC12: Test Cases/TCs_W/TC12

22-06-2024T11:42:43 - [TEST_STEP][PASSED] - openBrowser(""): Browser is opened with url: ''

22-06-2024T11:42:43 - [MESSAGE][INFO] - Starting 'Chrome' driver

22-06-2024T11:42:43 - [MESSAGE][INFO] - Action delay is set to 0 milliseconds

22-06-2024T11:42:43 - [MESSAGE][PASSED] - Browser is opened with url: ''

22-06-2024T11:42:43 - [TEST_STEP][PASSED] - closeBrowser(): Browser is closed

22-06-2024T11:42:43 - [MESSAGE][PASSED] - Browser is closed]]></system-out>
         <system-err><![CDATA[]]></system-err>
      </testcase>
      <testcase name="Test Cases/TCs_W/TC13" time="0.686" classname="Test Cases/TCs_W/TC13" status="PASSED">
         <system-out><![CDATA[22-06-2024T11:42:43 - [TEST_CASE][PASSED] - Test Cases/TCs_W/TC13: Test Cases/TCs_W/TC13

22-06-2024T11:42:43 - [TEST_STEP][PASSED] - openBrowser(""): Browser is opened with url: ''

22-06-2024T11:42:43 - [MESSAGE][INFO] - Starting 'Chrome' driver

22-06-2024T11:42:43 - [MESSAGE][INFO] - Action delay is set to 0 milliseconds

22-06-2024T11:42:44 - [MESSAGE][PASSED] - Browser is opened with url: ''

22-06-2024T11:42:44 - [TEST_STEP][PASSED] - closeBrowser(): Browser is closed

22-06-2024T11:42:44 - [MESSAGE][PASSED] - Browser is closed]]></system-out>
         <system-err><![CDATA[]]></system-err>
      </testcase>
      <testcase name="Test Cases/TCs_W/TC14" time="0.652" classname="Test Cases/TCs_W/TC14" status="PASSED">
         <system-out><![CDATA[22-06-2024T11:42:44 - [TEST_CASE][PASSED] - Test Cases/TCs_W/TC14: Test Cases/TCs_W/TC14

22-06-2024T11:42:44 - [TEST_STEP][PASSED] - openBrowser(""): Browser is opened with url: ''

22-06-2024T11:42:44 - [MESSAGE][INFO] - Starting 'Chrome' driver

22-06-2024T11:42:44 - [MESSAGE][INFO] - Action delay is set to 0 milliseconds

22-06-2024T11:42:45 - [MESSAGE][PASSED] - Browser is opened with url: ''

22-06-2024T11:42:45 - [TEST_STEP][PASSED] - closeBrowser(): Browser is closed

22-06-2024T11:42:45 - [MESSAGE][PASSED] - Browser is closed]]></system-out>
         <system-err><![CDATA[]]></system-err>
      </testcase>
      <testcase name="Test Cases/TCs_W/TC15" time="0.659" classname="Test Cases/TCs_W/TC15" status="PASSED">
         <system-out><![CDATA[22-06-2024T11:42:45 - [TEST_CASE][PASSED] - Test Cases/TCs_W/TC15: Test Cases/TCs_W/TC15

22-06-2024T11:42:45 - [TEST_STEP][PASSED] - openBrowser(""): Browser is opened with url: ''

22-06-2024T11:42:45 - [MESSAGE][INFO] - Starting 'Chrome' driver

22-06-2024T11:42:45 - [MESSAGE][INFO] - Action delay is set to 0 milliseconds

22-06-2024T11:42:45 - [MESSAGE][PASSED] - Browser is opened with url: ''

22-06-2024T11:42:45 - [TEST_STEP][PASSED] - closeBrowser(): Browser is closed

22-06-2024T11:42:45 - [MESSAGE][PASSED] - Browser is closed]]></system-out>
         <system-err><![CDATA[]]></system-err>
      </testcase>
      <system-out><![CDATA[22-06-2024T11:42:14 - [TEST_SUITE][PASSED] - TS3: Test Cases/TCs_W/TC15]]></system-out>
      <system-err><![CDATA[]]></system-err>
   </testsuite>
   <testsuite name="TS2" tests="13" failures="0" errors="0" time="30.218" skipped="0" timestamp="22-06-2024T11:42:47" hostname="anhtran - 192.168.102.5" id="Test Suites/TSF/TS2">
      <properties>
         <property name="deviceName" value=""/>
         <property name="devicePlatform"/>
         <property name="logFolder" value="/Users/anhtran/git/KatlProj/Reports/20240622_114128/TSF/TS2/20240622_114133"/>
         <property name="logFiles" value="/Users/anhtran/git/KatlProj/Reports/20240622_114128/TSF/TS2/20240622_114133/execution0.log"/>
         <property name="attachments" value="keyes/keyes-current_viewport 1.png, keyes/keyes-current_viewport 2.png, keyes/keyes-current_viewport 3.png, keyes/keyes-current_viewport 4.png, keyes/keyes-current_viewport 5.png, keyes/keyes-current_viewport 6.png, keyes/keyes-current_viewport 7.png, keyes/keyes-current_viewport 8.png, keyes/keyes-current_viewport9.png, keyes/keyes-current_viewport 10.png, keyes/keyes-current_viewport11.png, keyes/keyes-current_viewport12.png, keyes/keyes-current_viewport13.png, keyes/keyes-current_viewport14.png, keyes/keyes-current_viewport15.png, keyes/keyes-current_viewport16.png, keyes/keyes-current_viewport17.png, keyes/keyes-current_viewport16.png"/>
         <property name="hostName" value="anhtran - 192.168.102.5"/>
         <property name="os" value="Mac OS X 64bit"/>
         <property name="katalonVersion" value="9.5.0.217"/>
         <property name="browser" value="Chrome 126.0.0.0"/>
         <property name="hostAddress" value="192.168.102.5"/>
         <property name="sessionId" value="5f21054293e44a6f9a3cda22b2845e83"/>
         <property name="seleniumVersion" value="3.141.59"/>
         <property name="proxyInformation" value="ProxyInformation { proxyOption=NO_PROXY, proxyServerType=HTTP, username=, password=********, proxyServerAddress=, proxyServerPort=0, executionList=&quot;&quot;, isApplyToDesiredCapabilities=true }"/>
         <property name="platform" value="Mac OS X"/>
      </properties>
      <testcase name="Test Cases/TCs_W/checkpoint" time="22.22" classname="Test Cases/TCs_W/checkpoint" status="PASSED">
         <system-out><![CDATA[22-06-2024T11:42:47 - [TEST_CASE][PASSED] - Test Cases/TCs_W/checkpoint: Test Cases/TCs_W/checkpoint

22-06-2024T11:42:47 - [TEST_STEP][PASSED] - openBrowser(""): Browser is opened with url: ''

22-06-2024T11:42:47 - [MESSAGE][INFO] - Starting 'Chrome' driver

22-06-2024T11:42:47 - [MESSAGE][INFO] - Action delay is set to 0 milliseconds

22-06-2024T11:42:48 - [MESSAGE][PASSED] - Browser is opened with url: ''

22-06-2024T11:42:48 - [TEST_STEP][PASSED] - navigateToUrl("https://academy.katalon.com/"): Navigate to 'https://academy.katalon.com/' successfully

22-06-2024T11:42:56 - [MESSAGE][PASSED] - Navigate to 'https://academy.katalon.com/' successfully

22-06-2024T11:42:56 - [TEST_STEP][PASSED] - takeScreenshotAsCheckpoint("current_viewport 1"): Taking screenshot successfully

22-06-2024T11:42:58 - [MESSAGE][INFO] - 0 hidden object(s)

22-06-2024T11:42:59 - [MESSAGE][PASSED] - Taking screenshot successfully
[[ATTACHMENT|keyes/keyes-current_viewport 1.png]]

22-06-2024T11:42:59 - [TEST_STEP][PASSED] - takeScreenshotAsCheckpoint("current_viewport 2 "): Taking screenshot successfully

22-06-2024T11:42:59 - [MESSAGE][INFO] - 0 hidden object(s)

22-06-2024T11:42:59 - [MESSAGE][PASSED] - Taking screenshot successfully
[[ATTACHMENT|keyes/keyes-current_viewport 2.png]]

22-06-2024T11:42:59 - [TEST_STEP][PASSED] - takeScreenshotAsCheckpoint("current_viewport 3"): Taking screenshot successfully

22-06-2024T11:43:00 - [MESSAGE][INFO] - 0 hidden object(s)

22-06-2024T11:43:00 - [MESSAGE][PASSED] - Taking screenshot successfully
[[ATTACHMENT|keyes/keyes-current_viewport 3.png]]

22-06-2024T11:43:00 - [TEST_STEP][PASSED] - takeScreenshotAsCheckpoint("current_viewport 4"): Taking screenshot successfully

22-06-2024T11:43:00 - [MESSAGE][INFO] - 0 hidden object(s)

22-06-2024T11:43:00 - [MESSAGE][PASSED] - Taking screenshot successfully
[[ATTACHMENT|keyes/keyes-current_viewport 4.png]]

22-06-2024T11:43:00 - [TEST_STEP][PASSED] - takeScreenshotAsCheckpoint("current_viewport 5"): Taking screenshot successfully

22-06-2024T11:43:01 - [MESSAGE][INFO] - 0 hidden object(s)

22-06-2024T11:43:01 - [MESSAGE][PASSED] - Taking screenshot successfully
[[ATTACHMENT|keyes/keyes-current_viewport 5.png]]

22-06-2024T11:43:01 - [TEST_STEP][PASSED] - takeScreenshotAsCheckpoint("current_viewport 6"): Taking screenshot successfully

22-06-2024T11:43:02 - [MESSAGE][INFO] - 0 hidden object(s)

22-06-2024T11:43:02 - [MESSAGE][PASSED] - Taking screenshot successfully
[[ATTACHMENT|keyes/keyes-current_viewport 6.png]]

22-06-2024T11:43:02 - [TEST_STEP][PASSED] - takeScreenshotAsCheckpoint("current_viewport 7"): Taking screenshot successfully

22-06-2024T11:43:02 - [MESSAGE][INFO] - 0 hidden object(s)

22-06-2024T11:43:02 - [MESSAGE][PASSED] - Taking screenshot successfully
[[ATTACHMENT|keyes/keyes-current_viewport 7.png]]

22-06-2024T11:43:02 - [TEST_STEP][PASSED] - takeScreenshotAsCheckpoint("current_viewport 8 "): Taking screenshot successfully

22-06-2024T11:43:03 - [MESSAGE][INFO] - 0 hidden object(s)

22-06-2024T11:43:03 - [MESSAGE][PASSED] - Taking screenshot successfully
[[ATTACHMENT|keyes/keyes-current_viewport 8.png]]

22-06-2024T11:43:03 - [TEST_STEP][PASSED] - takeScreenshotAsCheckpoint("current_viewport9"): Taking screenshot successfully

22-06-2024T11:43:04 - [MESSAGE][INFO] - 0 hidden object(s)

22-06-2024T11:43:04 - [MESSAGE][PASSED] - Taking screenshot successfully
[[ATTACHMENT|keyes/keyes-current_viewport9.png]]

22-06-2024T11:43:04 - [TEST_STEP][PASSED] - takeScreenshotAsCheckpoint("current_viewport 10"): Taking screenshot successfully

22-06-2024T11:43:04 - [MESSAGE][INFO] - 0 hidden object(s)

22-06-2024T11:43:04 - [MESSAGE][PASSED] - Taking screenshot successfully
[[ATTACHMENT|keyes/keyes-current_viewport 10.png]]

22-06-2024T11:43:04 - [TEST_STEP][PASSED] - takeScreenshotAsCheckpoint("current_viewport11"): Taking screenshot successfully

22-06-2024T11:43:05 - [MESSAGE][INFO] - 0 hidden object(s)

22-06-2024T11:43:05 - [MESSAGE][PASSED] - Taking screenshot successfully
[[ATTACHMENT|keyes/keyes-current_viewport11.png]]

22-06-2024T11:43:05 - [TEST_STEP][PASSED] - takeScreenshotAsCheckpoint("current_viewport12"): Taking screenshot successfully

22-06-2024T11:43:05 - [MESSAGE][INFO] - 0 hidden object(s)

22-06-2024T11:43:05 - [MESSAGE][PASSED] - Taking screenshot successfully
[[ATTACHMENT|keyes/keyes-current_viewport12.png]]

22-06-2024T11:43:05 - [TEST_STEP][PASSED] - takeScreenshotAsCheckpoint("current_viewport13"): Taking screenshot successfully

22-06-2024T11:43:06 - [MESSAGE][INFO] - 0 hidden object(s)

22-06-2024T11:43:06 - [MESSAGE][PASSED] - Taking screenshot successfully
[[ATTACHMENT|keyes/keyes-current_viewport13.png]]

22-06-2024T11:43:06 - [TEST_STEP][PASSED] - takeScreenshotAsCheckpoint("current_viewport14"): Taking screenshot successfully

22-06-2024T11:43:07 - [MESSAGE][INFO] - 0 hidden object(s)

22-06-2024T11:43:07 - [MESSAGE][PASSED] - Taking screenshot successfully
[[ATTACHMENT|keyes/keyes-current_viewport14.png]]

22-06-2024T11:43:07 - [TEST_STEP][PASSED] - takeScreenshotAsCheckpoint("current_viewport15"): Taking screenshot successfully

22-06-2024T11:43:07 - [MESSAGE][INFO] - 0 hidden object(s)

22-06-2024T11:43:07 - [MESSAGE][PASSED] - Taking screenshot successfully
[[ATTACHMENT|keyes/keyes-current_viewport15.png]]

22-06-2024T11:43:07 - [TEST_STEP][PASSED] - takeScreenshotAsCheckpoint("current_viewport16"): Taking screenshot successfully

22-06-2024T11:43:08 - [MESSAGE][INFO] - 0 hidden object(s)

22-06-2024T11:43:08 - [MESSAGE][PASSED] - Taking screenshot successfully
[[ATTACHMENT|keyes/keyes-current_viewport16.png]]

22-06-2024T11:43:08 - [TEST_STEP][PASSED] - takeScreenshotAsCheckpoint("current_viewport17"): Taking screenshot successfully

22-06-2024T11:43:08 - [MESSAGE][INFO] - 0 hidden object(s)

22-06-2024T11:43:08 - [MESSAGE][PASSED] - Taking screenshot successfully
[[ATTACHMENT|keyes/keyes-current_viewport17.png]]

22-06-2024T11:43:08 - [TEST_STEP][PASSED] - takeScreenshotAsCheckpoint("current_viewport16"): Taking screenshot successfully

22-06-2024T11:43:09 - [MESSAGE][INFO] - 0 hidden object(s)

22-06-2024T11:43:09 - [MESSAGE][PASSED] - Taking screenshot successfully
[[ATTACHMENT|keyes/keyes-current_viewport16.png]]

22-06-2024T11:43:09 - [TEST_STEP][PASSED] - closeBrowser(): Browser is closed

22-06-2024T11:43:09 - [MESSAGE][PASSED] - Browser is closed]]></system-out>
         <system-err><![CDATA[]]></system-err>
      </testcase>
      <testcase name="Test Cases/TCs_W/request" time="0.513" classname="Test Cases/TCs_W/request" status="PASSED">
         <system-out><![CDATA[22-06-2024T11:43:09 - [TEST_CASE][PASSED] - Test Cases/TCs_W/request: Test Cases/TCs_W/request

22-06-2024T11:43:09 - [TEST_STEP][PASSED] - sendRequest(findTestObject("New Request")): Send request successfully

22-06-2024T11:43:10 - [MESSAGE][INFO] - HAR: /Users/anhtran/git/KatlProj/Reports/20240622_114128/TSF/TS2/20240622_114133/requests/main/0.har

22-06-2024T11:43:10 - [MESSAGE][PASSED] - Send request successfully]]></system-out>
         <system-err><![CDATA[]]></system-err>
      </testcase>
      <testcase name="Test Cases/TCs_W/TC16" time="0.751" classname="Test Cases/TCs_W/TC16" status="PASSED">
         <system-out><![CDATA[22-06-2024T11:43:10 - [TEST_CASE][PASSED] - Test Cases/TCs_W/TC16: Test Cases/TCs_W/TC16

22-06-2024T11:43:10 - [TEST_STEP][PASSED] - openBrowser(""): Browser is opened with url: ''

22-06-2024T11:43:10 - [MESSAGE][INFO] - Starting 'Chrome' driver

22-06-2024T11:43:10 - [MESSAGE][INFO] - Action delay is set to 0 milliseconds

22-06-2024T11:43:10 - [MESSAGE][PASSED] - Browser is opened with url: ''

22-06-2024T11:43:10 - [TEST_STEP][PASSED] - closeBrowser(): Browser is closed

22-06-2024T11:43:10 - [MESSAGE][PASSED] - Browser is closed]]></system-out>
         <system-err><![CDATA[]]></system-err>
      </testcase>
      <testcase name="Test Cases/TCs_W/TC17" time="0.658" classname="Test Cases/TCs_W/TC17" status="PASSED">
         <system-out><![CDATA[22-06-2024T11:43:10 - [TEST_CASE][PASSED] - Test Cases/TCs_W/TC17: Test Cases/TCs_W/TC17

22-06-2024T11:43:10 - [TEST_STEP][PASSED] - openBrowser(""): Browser is opened with url: ''

22-06-2024T11:43:10 - [MESSAGE][INFO] - Starting 'Chrome' driver

22-06-2024T11:43:10 - [MESSAGE][INFO] - Action delay is set to 0 milliseconds

22-06-2024T11:43:11 - [MESSAGE][PASSED] - Browser is opened with url: ''

22-06-2024T11:43:11 - [TEST_STEP][PASSED] - closeBrowser(): Browser is closed

22-06-2024T11:43:11 - [MESSAGE][PASSED] - Browser is closed]]></system-out>
         <system-err><![CDATA[]]></system-err>
      </testcase>
      <testcase name="Test Cases/TCs_W/TC18" time="0.668" classname="Test Cases/TCs_W/TC18" status="PASSED">
         <system-out><![CDATA[22-06-2024T11:43:11 - [TEST_CASE][PASSED] - Test Cases/TCs_W/TC18: Test Cases/TCs_W/TC18

22-06-2024T11:43:11 - [TEST_STEP][PASSED] - openBrowser(""): Browser is opened with url: ''

22-06-2024T11:43:11 - [MESSAGE][INFO] - Starting 'Chrome' driver

22-06-2024T11:43:11 - [MESSAGE][INFO] - Action delay is set to 0 milliseconds

22-06-2024T11:43:12 - [MESSAGE][PASSED] - Browser is opened with url: ''

22-06-2024T11:43:12 - [TEST_STEP][PASSED] - closeBrowser(): Browser is closed

22-06-2024T11:43:12 - [MESSAGE][PASSED] - Browser is closed]]></system-out>
         <system-err><![CDATA[]]></system-err>
      </testcase>
      <testcase name="Test Cases/TCs_W/TC19" time="0.65" classname="Test Cases/TCs_W/TC19" status="PASSED">
         <system-out><![CDATA[22-06-2024T11:43:12 - [TEST_CASE][PASSED] - Test Cases/TCs_W/TC19: Test Cases/TCs_W/TC19

22-06-2024T11:43:12 - [TEST_STEP][PASSED] - openBrowser(""): Browser is opened with url: ''

22-06-2024T11:43:12 - [MESSAGE][INFO] - Starting 'Chrome' driver

22-06-2024T11:43:12 - [MESSAGE][INFO] - Action delay is set to 0 milliseconds

22-06-2024T11:43:12 - [MESSAGE][PASSED] - Browser is opened with url: ''

22-06-2024T11:43:12 - [TEST_STEP][PASSED] - closeBrowser(): Browser is closed

22-06-2024T11:43:12 - [MESSAGE][PASSED] - Browser is closed]]></system-out>
         <system-err><![CDATA[]]></system-err>
      </testcase>
      <testcase name="Test Cases/TCs_W/TC2" time="0.701" classname="Test Cases/TCs_W/TC2" status="PASSED">
         <system-out><![CDATA[22-06-2024T11:43:12 - [TEST_CASE][PASSED] - Test Cases/TCs_W/TC2: Test Cases/TCs_W/TC2

22-06-2024T11:43:12 - [TEST_STEP][PASSED] - openBrowser(""): Browser is opened with url: ''

22-06-2024T11:43:12 - [MESSAGE][INFO] - Starting 'Chrome' driver

22-06-2024T11:43:12 - [MESSAGE][INFO] - Action delay is set to 0 milliseconds

22-06-2024T11:43:13 - [MESSAGE][PASSED] - Browser is opened with url: ''

22-06-2024T11:43:13 - [TEST_STEP][PASSED] - closeBrowser(): Browser is closed

22-06-2024T11:43:13 - [MESSAGE][PASSED] - Browser is closed]]></system-out>
         <system-err><![CDATA[]]></system-err>
      </testcase>
      <testcase name="Test Cases/TCs_W/TC20" time="0.673" classname="Test Cases/TCs_W/TC20" status="PASSED">
         <system-out><![CDATA[22-06-2024T11:43:13 - [TEST_CASE][PASSED] - Test Cases/TCs_W/TC20: Test Cases/TCs_W/TC20

22-06-2024T11:43:13 - [TEST_STEP][PASSED] - openBrowser(""): Browser is opened with url: ''

22-06-2024T11:43:13 - [MESSAGE][INFO] - Starting 'Chrome' driver

22-06-2024T11:43:13 - [MESSAGE][INFO] - Action delay is set to 0 milliseconds

22-06-2024T11:43:14 - [MESSAGE][PASSED] - Browser is opened with url: ''

22-06-2024T11:43:14 - [TEST_STEP][PASSED] - closeBrowser(): Browser is closed

22-06-2024T11:43:14 - [MESSAGE][PASSED] - Browser is closed]]></system-out>
         <system-err><![CDATA[]]></system-err>
      </testcase>
      <testcase name="Test Cases/TCs_W/TC22" time="0.662" classname="Test Cases/TCs_W/TC22" status="PASSED">
         <system-out><![CDATA[22-06-2024T11:43:14 - [TEST_CASE][PASSED] - Test Cases/TCs_W/TC22: Test Cases/TCs_W/TC22

22-06-2024T11:43:14 - [TEST_STEP][PASSED] - openBrowser(""): Browser is opened with url: ''

22-06-2024T11:43:14 - [MESSAGE][INFO] - Starting 'Chrome' driver

22-06-2024T11:43:14 - [MESSAGE][INFO] - Action delay is set to 0 milliseconds

22-06-2024T11:43:14 - [MESSAGE][PASSED] - Browser is opened with url: ''

22-06-2024T11:43:14 - [TEST_STEP][PASSED] - closeBrowser(): Browser is closed

22-06-2024T11:43:14 - [MESSAGE][PASSED] - Browser is closed]]></system-out>
         <system-err><![CDATA[]]></system-err>
      </testcase>
      <testcase name="Test Cases/TCs_W/TC21" time="0.664" classname="Test Cases/TCs_W/TC21" status="PASSED">
         <system-out><![CDATA[22-06-2024T11:43:14 - [TEST_CASE][PASSED] - Test Cases/TCs_W/TC21: Test Cases/TCs_W/TC21

22-06-2024T11:43:14 - [TEST_STEP][PASSED] - openBrowser(""): Browser is opened with url: ''

22-06-2024T11:43:14 - [MESSAGE][INFO] - Starting 'Chrome' driver

22-06-2024T11:43:14 - [MESSAGE][INFO] - Action delay is set to 0 milliseconds

22-06-2024T11:43:15 - [MESSAGE][PASSED] - Browser is opened with url: ''

22-06-2024T11:43:15 - [TEST_STEP][PASSED] - closeBrowser(): Browser is closed

22-06-2024T11:43:15 - [MESSAGE][PASSED] - Browser is closed]]></system-out>
         <system-err><![CDATA[]]></system-err>
      </testcase>
      <testcase name="Test Cases/TCs_W/TC23" time="0.662" classname="Test Cases/TCs_W/TC23" status="PASSED">
         <system-out><![CDATA[22-06-2024T11:43:15 - [TEST_CASE][PASSED] - Test Cases/TCs_W/TC23: Test Cases/TCs_W/TC23

22-06-2024T11:43:15 - [TEST_STEP][PASSED] - openBrowser(""): Browser is opened with url: ''

22-06-2024T11:43:15 - [MESSAGE][INFO] - Starting 'Chrome' driver

22-06-2024T11:43:15 - [MESSAGE][INFO] - Action delay is set to 0 milliseconds

22-06-2024T11:43:16 - [MESSAGE][PASSED] - Browser is opened with url: ''

22-06-2024T11:43:16 - [TEST_STEP][PASSED] - closeBrowser(): Browser is closed

22-06-2024T11:43:16 - [MESSAGE][PASSED] - Browser is closed]]></system-out>
         <system-err><![CDATA[]]></system-err>
      </testcase>
      <testcase name="Test Cases/TCs_W/TC24" time="0.662" classname="Test Cases/TCs_W/TC24" status="PASSED">
         <system-out><![CDATA[22-06-2024T11:43:16 - [TEST_CASE][PASSED] - Test Cases/TCs_W/TC24: Test Cases/TCs_W/TC24

22-06-2024T11:43:16 - [TEST_STEP][PASSED] - openBrowser(""): Browser is opened with url: ''

22-06-2024T11:43:16 - [MESSAGE][INFO] - Starting 'Chrome' driver

22-06-2024T11:43:16 - [MESSAGE][INFO] - Action delay is set to 0 milliseconds

22-06-2024T11:43:16 - [MESSAGE][PASSED] - Browser is opened with url: ''

22-06-2024T11:43:16 - [TEST_STEP][PASSED] - closeBrowser(): Browser is closed

22-06-2024T11:43:16 - [MESSAGE][PASSED] - Browser is closed]]></system-out>
         <system-err><![CDATA[]]></system-err>
      </testcase>
      <testcase name="Test Cases/TCs_W/TC25" time="0.659" classname="Test Cases/TCs_W/TC25" status="PASSED">
         <system-out><![CDATA[22-06-2024T11:43:16 - [TEST_CASE][PASSED] - Test Cases/TCs_W/TC25: Test Cases/TCs_W/TC25

22-06-2024T11:43:16 - [TEST_STEP][PASSED] - openBrowser(""): Browser is opened with url: ''

22-06-2024T11:43:16 - [MESSAGE][INFO] - Starting 'Chrome' driver

22-06-2024T11:43:16 - [MESSAGE][INFO] - Action delay is set to 0 milliseconds

22-06-2024T11:43:17 - [MESSAGE][PASSED] - Browser is opened with url: ''

22-06-2024T11:43:17 - [TEST_STEP][PASSED] - closeBrowser(): Browser is closed

22-06-2024T11:43:17 - [MESSAGE][PASSED] - Browser is closed]]></system-out>
         <system-err><![CDATA[]]></system-err>
      </testcase>
      <system-out><![CDATA[22-06-2024T11:42:47 - [TEST_SUITE][PASSED] - TS2: Test Cases/TCs_W/TC25]]></system-out>
      <system-err><![CDATA[]]></system-err>
   </testsuite>
</testsuites>
