<?xml version="1.0" encoding="UTF-8"?>
<testsuites name="TS2" time="26.985" tests="13" failures="0" errors="0">
   <testsuite name="TS2" tests="13" failures="0" errors="0" time="26.985" skipped="0" timestamp="22-06-2024T11:38:53" hostname="anhtran - 192.168.102.5" id="Test Suites/TSF/TS2">
      <properties>
         <property name="deviceName" value=""/>
         <property name="devicePlatform"/>
         <property name="logFolder" value="/Users/anhtran/git/KatlProj/Reports/20240622_113808/TSF/TS2/20240622_113811"/>
         <property name="logFiles" value="/Users/anhtran/git/KatlProj/Reports/20240622_113808/TSF/TS2/20240622_113811/execution0.log"/>
         <property name="attachments" value="keyes/keyes-current_viewport 1.png, keyes/keyes-current_viewport 2.png, keyes/keyes-current_viewport 3.png, keyes/keyes-current_viewport 4.png, keyes/keyes-current_viewport 5.png, keyes/keyes-current_viewport 6.png, keyes/keyes-current_viewport 7.png, keyes/keyes-current_viewport 8.png, keyes/keyes-current_viewport9.png, keyes/keyes-current_viewport 10.png, keyes/keyes-current_viewport11.png, keyes/keyes-current_viewport12.png, keyes/keyes-current_viewport13.png, keyes/keyes-current_viewport14.png, keyes/keyes-current_viewport15.png, keyes/keyes-current_viewport16.png, keyes/keyes-current_viewport17.png, keyes/keyes-current_viewport16.png"/>
         <property name="hostName" value="anhtran - 192.168.102.5"/>
         <property name="os" value="Mac OS X 64bit"/>
         <property name="katalonVersion" value="9.5.0.217"/>
         <property name="browser" value="Chrome 126.0.0.0"/>
         <property name="hostAddress" value="192.168.102.5"/>
         <property name="sessionId" value="620e9bd3bf3cd179b8f1fe1c169dfe69"/>
         <property name="seleniumVersion" value="3.141.59"/>
         <property name="proxyInformation" value="ProxyInformation { proxyOption=NO_PROXY, proxyServerType=HTTP, username=, password=********, proxyServerAddress=, proxyServerPort=0, executionList=&quot;&quot;, isApplyToDesiredCapabilities=true }"/>
         <property name="platform" value="Mac OS X"/>
      </properties>
      <testcase name="Test Cases/TCs_W/checkpoint" time="18.862" classname="Test Cases/TCs_W/checkpoint" status="PASSED">
         <system-out><![CDATA[22-06-2024T11:38:53 - [TEST_CASE][PASSED] - Test Cases/TCs_W/checkpoint: Test Cases/TCs_W/checkpoint

22-06-2024T11:38:53 - [TEST_STEP][PASSED] - openBrowser(""): Browser is opened with url: ''

22-06-2024T11:38:53 - [MESSAGE][INFO] - Starting 'Chrome' driver

22-06-2024T11:38:53 - [MESSAGE][INFO] - Action delay is set to 0 milliseconds

22-06-2024T11:38:54 - [MESSAGE][PASSED] - Browser is opened with url: ''

22-06-2024T11:38:54 - [TEST_STEP][PASSED] - navigateToUrl("https://academy.katalon.com/"): Navigate to 'https://academy.katalon.com/' successfully

22-06-2024T11:38:59 - [MESSAGE][PASSED] - Navigate to 'https://academy.katalon.com/' successfully

22-06-2024T11:38:59 - [TEST_STEP][PASSED] - takeScreenshotAsCheckpoint("current_viewport 1"): Taking screenshot successfully

22-06-2024T11:39:01 - [MESSAGE][INFO] - 0 hidden object(s)

22-06-2024T11:39:01 - [MESSAGE][PASSED] - Taking screenshot successfully
[[ATTACHMENT|keyes/keyes-current_viewport 1.png]]

22-06-2024T11:39:01 - [TEST_STEP][PASSED] - takeScreenshotAsCheckpoint("current_viewport 2 "): Taking screenshot successfully

22-06-2024T11:39:02 - [MESSAGE][INFO] - 0 hidden object(s)

22-06-2024T11:39:02 - [MESSAGE][PASSED] - Taking screenshot successfully
[[ATTACHMENT|keyes/keyes-current_viewport 2.png]]

22-06-2024T11:39:02 - [TEST_STEP][PASSED] - takeScreenshotAsCheckpoint("current_viewport 3"): Taking screenshot successfully

22-06-2024T11:39:02 - [MESSAGE][INFO] - 0 hidden object(s)

22-06-2024T11:39:03 - [MESSAGE][PASSED] - Taking screenshot successfully
[[ATTACHMENT|keyes/keyes-current_viewport 3.png]]

22-06-2024T11:39:03 - [TEST_STEP][PASSED] - takeScreenshotAsCheckpoint("current_viewport 4"): Taking screenshot successfully

22-06-2024T11:39:03 - [MESSAGE][INFO] - 0 hidden object(s)

22-06-2024T11:39:03 - [MESSAGE][PASSED] - Taking screenshot successfully
[[ATTACHMENT|keyes/keyes-current_viewport 4.png]]

22-06-2024T11:39:03 - [TEST_STEP][PASSED] - takeScreenshotAsCheckpoint("current_viewport 5"): Taking screenshot successfully

22-06-2024T11:39:04 - [MESSAGE][INFO] - 0 hidden object(s)

22-06-2024T11:39:04 - [MESSAGE][PASSED] - Taking screenshot successfully
[[ATTACHMENT|keyes/keyes-current_viewport 5.png]]

22-06-2024T11:39:04 - [TEST_STEP][PASSED] - takeScreenshotAsCheckpoint("current_viewport 6"): Taking screenshot successfully

22-06-2024T11:39:04 - [MESSAGE][INFO] - 0 hidden object(s)

22-06-2024T11:39:05 - [MESSAGE][PASSED] - Taking screenshot successfully
[[ATTACHMENT|keyes/keyes-current_viewport 6.png]]

22-06-2024T11:39:05 - [TEST_STEP][PASSED] - takeScreenshotAsCheckpoint("current_viewport 7"): Taking screenshot successfully

22-06-2024T11:39:05 - [MESSAGE][INFO] - 0 hidden object(s)

22-06-2024T11:39:05 - [MESSAGE][PASSED] - Taking screenshot successfully
[[ATTACHMENT|keyes/keyes-current_viewport 7.png]]

22-06-2024T11:39:05 - [TEST_STEP][PASSED] - takeScreenshotAsCheckpoint("current_viewport 8 "): Taking screenshot successfully

22-06-2024T11:39:06 - [MESSAGE][INFO] - 0 hidden object(s)

22-06-2024T11:39:06 - [MESSAGE][PASSED] - Taking screenshot successfully
[[ATTACHMENT|keyes/keyes-current_viewport 8.png]]

22-06-2024T11:39:06 - [TEST_STEP][PASSED] - takeScreenshotAsCheckpoint("current_viewport9"): Taking screenshot successfully

22-06-2024T11:39:06 - [MESSAGE][INFO] - 0 hidden object(s)

22-06-2024T11:39:06 - [MESSAGE][PASSED] - Taking screenshot successfully
[[ATTACHMENT|keyes/keyes-current_viewport9.png]]

22-06-2024T11:39:06 - [TEST_STEP][PASSED] - takeScreenshotAsCheckpoint("current_viewport 10"): Taking screenshot successfully

22-06-2024T11:39:07 - [MESSAGE][INFO] - 0 hidden object(s)

22-06-2024T11:39:07 - [MESSAGE][PASSED] - Taking screenshot successfully
[[ATTACHMENT|keyes/keyes-current_viewport 10.png]]

22-06-2024T11:39:07 - [TEST_STEP][PASSED] - takeScreenshotAsCheckpoint("current_viewport11"): Taking screenshot successfully

22-06-2024T11:39:07 - [MESSAGE][INFO] - 0 hidden object(s)

22-06-2024T11:39:08 - [MESSAGE][PASSED] - Taking screenshot successfully
[[ATTACHMENT|keyes/keyes-current_viewport11.png]]

22-06-2024T11:39:08 - [TEST_STEP][PASSED] - takeScreenshotAsCheckpoint("current_viewport12"): Taking screenshot successfully

22-06-2024T11:39:08 - [MESSAGE][INFO] - 0 hidden object(s)

22-06-2024T11:39:08 - [MESSAGE][PASSED] - Taking screenshot successfully
[[ATTACHMENT|keyes/keyes-current_viewport12.png]]

22-06-2024T11:39:08 - [TEST_STEP][PASSED] - takeScreenshotAsCheckpoint("current_viewport13"): Taking screenshot successfully

22-06-2024T11:39:09 - [MESSAGE][INFO] - 0 hidden object(s)

22-06-2024T11:39:09 - [MESSAGE][PASSED] - Taking screenshot successfully
[[ATTACHMENT|keyes/keyes-current_viewport13.png]]

22-06-2024T11:39:09 - [TEST_STEP][PASSED] - takeScreenshotAsCheckpoint("current_viewport14"): Taking screenshot successfully

22-06-2024T11:39:09 - [MESSAGE][INFO] - 0 hidden object(s)

22-06-2024T11:39:09 - [MESSAGE][PASSED] - Taking screenshot successfully
[[ATTACHMENT|keyes/keyes-current_viewport14.png]]

22-06-2024T11:39:09 - [TEST_STEP][PASSED] - takeScreenshotAsCheckpoint("current_viewport15"): Taking screenshot successfully

22-06-2024T11:39:10 - [MESSAGE][INFO] - 0 hidden object(s)

22-06-2024T11:39:10 - [MESSAGE][PASSED] - Taking screenshot successfully
[[ATTACHMENT|keyes/keyes-current_viewport15.png]]

22-06-2024T11:39:10 - [TEST_STEP][PASSED] - takeScreenshotAsCheckpoint("current_viewport16"): Taking screenshot successfully

22-06-2024T11:39:10 - [MESSAGE][INFO] - 0 hidden object(s)

22-06-2024T11:39:11 - [MESSAGE][PASSED] - Taking screenshot successfully
[[ATTACHMENT|keyes/keyes-current_viewport16.png]]

22-06-2024T11:39:11 - [TEST_STEP][PASSED] - takeScreenshotAsCheckpoint("current_viewport17"): Taking screenshot successfully

22-06-2024T11:39:11 - [MESSAGE][INFO] - 0 hidden object(s)

22-06-2024T11:39:11 - [MESSAGE][PASSED] - Taking screenshot successfully
[[ATTACHMENT|keyes/keyes-current_viewport17.png]]

22-06-2024T11:39:11 - [TEST_STEP][PASSED] - takeScreenshotAsCheckpoint("current_viewport16"): Taking screenshot successfully

22-06-2024T11:39:12 - [MESSAGE][INFO] - 0 hidden object(s)

22-06-2024T11:39:12 - [MESSAGE][PASSED] - Taking screenshot successfully
[[ATTACHMENT|keyes/keyes-current_viewport16.png]]

22-06-2024T11:39:12 - [TEST_STEP][PASSED] - closeBrowser(): Browser is closed

22-06-2024T11:39:12 - [MESSAGE][PASSED] - Browser is closed]]></system-out>
         <system-err><![CDATA[]]></system-err>
      </testcase>
      <testcase name="Test Cases/TCs_W/request" time="0.469" classname="Test Cases/TCs_W/request" status="PASSED">
         <system-out><![CDATA[22-06-2024T11:39:12 - [TEST_CASE][PASSED] - Test Cases/TCs_W/request: Test Cases/TCs_W/request

22-06-2024T11:39:12 - [TEST_STEP][PASSED] - sendRequest(findTestObject("New Request")): Send request successfully

22-06-2024T11:39:12 - [MESSAGE][INFO] - HAR: /Users/anhtran/git/KatlProj/Reports/20240622_113808/TSF/TS2/20240622_113811/requests/main/0.har

22-06-2024T11:39:12 - [MESSAGE][PASSED] - Send request successfully]]></system-out>
         <system-err><![CDATA[]]></system-err>
      </testcase>
      <testcase name="Test Cases/TCs_W/TC16" time="0.759" classname="Test Cases/TCs_W/TC16" status="PASSED">
         <system-out><![CDATA[22-06-2024T11:39:12 - [TEST_CASE][PASSED] - Test Cases/TCs_W/TC16: Test Cases/TCs_W/TC16

22-06-2024T11:39:12 - [TEST_STEP][PASSED] - openBrowser(""): Browser is opened with url: ''

22-06-2024T11:39:12 - [MESSAGE][INFO] - Starting 'Chrome' driver

22-06-2024T11:39:12 - [MESSAGE][INFO] - Action delay is set to 0 milliseconds

22-06-2024T11:39:13 - [MESSAGE][PASSED] - Browser is opened with url: ''

22-06-2024T11:39:13 - [TEST_STEP][PASSED] - closeBrowser(): Browser is closed

22-06-2024T11:39:13 - [MESSAGE][PASSED] - Browser is closed]]></system-out>
         <system-err><![CDATA[]]></system-err>
      </testcase>
      <testcase name="Test Cases/TCs_W/TC17" time="0.667" classname="Test Cases/TCs_W/TC17" status="PASSED">
         <system-out><![CDATA[22-06-2024T11:39:13 - [TEST_CASE][PASSED] - Test Cases/TCs_W/TC17: Test Cases/TCs_W/TC17

22-06-2024T11:39:13 - [TEST_STEP][PASSED] - openBrowser(""): Browser is opened with url: ''

22-06-2024T11:39:13 - [MESSAGE][INFO] - Starting 'Chrome' driver

22-06-2024T11:39:13 - [MESSAGE][INFO] - Action delay is set to 0 milliseconds

22-06-2024T11:39:14 - [MESSAGE][PASSED] - Browser is opened with url: ''

22-06-2024T11:39:14 - [TEST_STEP][PASSED] - closeBrowser(): Browser is closed

22-06-2024T11:39:14 - [MESSAGE][PASSED] - Browser is closed]]></system-out>
         <system-err><![CDATA[]]></system-err>
      </testcase>
      <testcase name="Test Cases/TCs_W/TC18" time="0.681" classname="Test Cases/TCs_W/TC18" status="PASSED">
         <system-out><![CDATA[22-06-2024T11:39:14 - [TEST_CASE][PASSED] - Test Cases/TCs_W/TC18: Test Cases/TCs_W/TC18

22-06-2024T11:39:14 - [TEST_STEP][PASSED] - openBrowser(""): Browser is opened with url: ''

22-06-2024T11:39:14 - [MESSAGE][INFO] - Starting 'Chrome' driver

22-06-2024T11:39:14 - [MESSAGE][INFO] - Action delay is set to 0 milliseconds

22-06-2024T11:39:14 - [MESSAGE][PASSED] - Browser is opened with url: ''

22-06-2024T11:39:14 - [TEST_STEP][PASSED] - closeBrowser(): Browser is closed

22-06-2024T11:39:14 - [MESSAGE][PASSED] - Browser is closed]]></system-out>
         <system-err><![CDATA[]]></system-err>
      </testcase>
      <testcase name="Test Cases/TCs_W/TC19" time="0.662" classname="Test Cases/TCs_W/TC19" status="PASSED">
         <system-out><![CDATA[22-06-2024T11:39:14 - [TEST_CASE][PASSED] - Test Cases/TCs_W/TC19: Test Cases/TCs_W/TC19

22-06-2024T11:39:14 - [TEST_STEP][PASSED] - openBrowser(""): Browser is opened with url: ''

22-06-2024T11:39:14 - [MESSAGE][INFO] - Starting 'Chrome' driver

22-06-2024T11:39:14 - [MESSAGE][INFO] - Action delay is set to 0 milliseconds

22-06-2024T11:39:15 - [MESSAGE][PASSED] - Browser is opened with url: ''

22-06-2024T11:39:15 - [TEST_STEP][PASSED] - closeBrowser(): Browser is closed

22-06-2024T11:39:15 - [MESSAGE][PASSED] - Browser is closed]]></system-out>
         <system-err><![CDATA[]]></system-err>
      </testcase>
      <testcase name="Test Cases/TCs_W/TC2" time="0.679" classname="Test Cases/TCs_W/TC2" status="PASSED">
         <system-out><![CDATA[22-06-2024T11:39:15 - [TEST_CASE][PASSED] - Test Cases/TCs_W/TC2: Test Cases/TCs_W/TC2

22-06-2024T11:39:15 - [TEST_STEP][PASSED] - openBrowser(""): Browser is opened with url: ''

22-06-2024T11:39:15 - [MESSAGE][INFO] - Starting 'Chrome' driver

22-06-2024T11:39:15 - [MESSAGE][INFO] - Action delay is set to 0 milliseconds

22-06-2024T11:39:16 - [MESSAGE][PASSED] - Browser is opened with url: ''

22-06-2024T11:39:16 - [TEST_STEP][PASSED] - closeBrowser(): Browser is closed

22-06-2024T11:39:16 - [MESSAGE][PASSED] - Browser is closed]]></system-out>
         <system-err><![CDATA[]]></system-err>
      </testcase>
      <testcase name="Test Cases/TCs_W/TC20" time="0.679" classname="Test Cases/TCs_W/TC20" status="PASSED">
         <system-out><![CDATA[22-06-2024T11:39:16 - [TEST_CASE][PASSED] - Test Cases/TCs_W/TC20: Test Cases/TCs_W/TC20

22-06-2024T11:39:16 - [TEST_STEP][PASSED] - openBrowser(""): Browser is opened with url: ''

22-06-2024T11:39:16 - [MESSAGE][INFO] - Starting 'Chrome' driver

22-06-2024T11:39:16 - [MESSAGE][INFO] - Action delay is set to 0 milliseconds

22-06-2024T11:39:16 - [MESSAGE][PASSED] - Browser is opened with url: ''

22-06-2024T11:39:16 - [TEST_STEP][PASSED] - closeBrowser(): Browser is closed

22-06-2024T11:39:16 - [MESSAGE][PASSED] - Browser is closed]]></system-out>
         <system-err><![CDATA[]]></system-err>
      </testcase>
      <testcase name="Test Cases/TCs_W/TC22" time="0.723" classname="Test Cases/TCs_W/TC22" status="PASSED">
         <system-out><![CDATA[22-06-2024T11:39:16 - [TEST_CASE][PASSED] - Test Cases/TCs_W/TC22: Test Cases/TCs_W/TC22

22-06-2024T11:39:16 - [TEST_STEP][PASSED] - openBrowser(""): Browser is opened with url: ''

22-06-2024T11:39:16 - [MESSAGE][INFO] - Starting 'Chrome' driver

22-06-2024T11:39:16 - [MESSAGE][INFO] - Action delay is set to 0 milliseconds

22-06-2024T11:39:17 - [MESSAGE][PASSED] - Browser is opened with url: ''

22-06-2024T11:39:17 - [TEST_STEP][PASSED] - closeBrowser(): Browser is closed

22-06-2024T11:39:17 - [MESSAGE][PASSED] - Browser is closed]]></system-out>
         <system-err><![CDATA[]]></system-err>
      </testcase>
      <testcase name="Test Cases/TCs_W/TC21" time="0.699" classname="Test Cases/TCs_W/TC21" status="PASSED">
         <system-out><![CDATA[22-06-2024T11:39:17 - [TEST_CASE][PASSED] - Test Cases/TCs_W/TC21: Test Cases/TCs_W/TC21

22-06-2024T11:39:17 - [TEST_STEP][PASSED] - openBrowser(""): Browser is opened with url: ''

22-06-2024T11:39:17 - [MESSAGE][INFO] - Starting 'Chrome' driver

22-06-2024T11:39:17 - [MESSAGE][INFO] - Action delay is set to 0 milliseconds

22-06-2024T11:39:18 - [MESSAGE][PASSED] - Browser is opened with url: ''

22-06-2024T11:39:18 - [TEST_STEP][PASSED] - closeBrowser(): Browser is closed

22-06-2024T11:39:18 - [MESSAGE][PASSED] - Browser is closed]]></system-out>
         <system-err><![CDATA[]]></system-err>
      </testcase>
      <testcase name="Test Cases/TCs_W/TC23" time="0.703" classname="Test Cases/TCs_W/TC23" status="PASSED">
         <system-out><![CDATA[22-06-2024T11:39:18 - [TEST_CASE][PASSED] - Test Cases/TCs_W/TC23: Test Cases/TCs_W/TC23

22-06-2024T11:39:18 - [TEST_STEP][PASSED] - openBrowser(""): Browser is opened with url: ''

22-06-2024T11:39:18 - [MESSAGE][INFO] - Starting 'Chrome' driver

22-06-2024T11:39:18 - [MESSAGE][INFO] - Action delay is set to 0 milliseconds

22-06-2024T11:39:19 - [MESSAGE][PASSED] - Browser is opened with url: ''

22-06-2024T11:39:19 - [TEST_STEP][PASSED] - closeBrowser(): Browser is closed

22-06-2024T11:39:19 - [MESSAGE][PASSED] - Browser is closed]]></system-out>
         <system-err><![CDATA[]]></system-err>
      </testcase>
      <testcase name="Test Cases/TCs_W/TC24" time="0.657" classname="Test Cases/TCs_W/TC24" status="PASSED">
         <system-out><![CDATA[22-06-2024T11:39:19 - [TEST_CASE][PASSED] - Test Cases/TCs_W/TC24: Test Cases/TCs_W/TC24

22-06-2024T11:39:19 - [TEST_STEP][PASSED] - openBrowser(""): Browser is opened with url: ''

22-06-2024T11:39:19 - [MESSAGE][INFO] - Starting 'Chrome' driver

22-06-2024T11:39:19 - [MESSAGE][INFO] - Action delay is set to 0 milliseconds

22-06-2024T11:39:19 - [MESSAGE][PASSED] - Browser is opened with url: ''

22-06-2024T11:39:19 - [TEST_STEP][PASSED] - closeBrowser(): Browser is closed

22-06-2024T11:39:19 - [MESSAGE][PASSED] - Browser is closed]]></system-out>
         <system-err><![CDATA[]]></system-err>
      </testcase>
      <testcase name="Test Cases/TCs_W/TC25" time="0.671" classname="Test Cases/TCs_W/TC25" status="PASSED">
         <system-out><![CDATA[22-06-2024T11:39:19 - [TEST_CASE][PASSED] - Test Cases/TCs_W/TC25: Test Cases/TCs_W/TC25

22-06-2024T11:39:19 - [TEST_STEP][PASSED] - openBrowser(""): Browser is opened with url: ''

22-06-2024T11:39:19 - [MESSAGE][INFO] - Starting 'Chrome' driver

22-06-2024T11:39:19 - [MESSAGE][INFO] - Action delay is set to 0 milliseconds

22-06-2024T11:39:20 - [MESSAGE][PASSED] - Browser is opened with url: ''

22-06-2024T11:39:20 - [TEST_STEP][PASSED] - closeBrowser(): Browser is closed

22-06-2024T11:39:20 - [MESSAGE][PASSED] - Browser is closed]]></system-out>
         <system-err><![CDATA[]]></system-err>
      </testcase>
      <system-out><![CDATA[22-06-2024T11:38:53 - [TEST_SUITE][PASSED] - TS2: Test Cases/TCs_W/TC25]]></system-out>
      <system-err><![CDATA[]]></system-err>
   </testsuite>
</testsuites>
