<?xml version="1.0" encoding="UTF-8"?>
<testsuites name="TS2" time="30.788" tests="13" failures="0" errors="0">
   <testsuite name="TS2" tests="13" failures="0" errors="0" time="30.788" skipped="0" timestamp="22-06-2024T00:08:18" hostname="anhtran - 192.168.102.5" id="Test Suites/TSF/TS2">
      <properties>
         <property name="deviceName" value=""/>
         <property name="devicePlatform"/>
         <property name="logFolder" value="/Users/anhtran/git/KatlProj/Reports/20240622_000816/TSF/TS2/20240622_000816"/>
         <property name="logFiles" value="/Users/anhtran/git/KatlProj/Reports/20240622_000816/TSF/TS2/20240622_000816/execution0.log"/>
         <property name="attachments" value="keyes/keyes-current_viewport 1.png, keyes/keyes-current_viewport 2.png, keyes/keyes-current_viewport 3.png, keyes/keyes-current_viewport 4.png, keyes/keyes-current_viewport 5.png, keyes/keyes-current_viewport 6.png, keyes/keyes-current_viewport 7.png, keyes/keyes-current_viewport 8.png, keyes/keyes-current_viewport9.png, keyes/keyes-current_viewport 10.png, keyes/keyes-current_viewport11.png, keyes/keyes-current_viewport12.png, keyes/keyes-current_viewport13.png, keyes/keyes-current_viewport14.png, keyes/keyes-current_viewport15.png, keyes/keyes-current_viewport16.png, keyes/keyes-current_viewport17.png, keyes/keyes-current_viewport16.png"/>
         <property name="hostName" value="anhtran - 192.168.102.5"/>
         <property name="os" value="Mac OS X 64bit"/>
         <property name="katalonVersion" value="9.5.0.217"/>
         <property name="browser" value="Chrome 126.0.0.0"/>
         <property name="hostAddress" value="192.168.102.5"/>
         <property name="sessionId" value="2982e711bdc21f27114d531145578f0f"/>
         <property name="seleniumVersion" value="3.141.59"/>
         <property name="proxyInformation" value="ProxyInformation { proxyOption=NO_PROXY, proxyServerType=HTTP, username=, password=********, proxyServerAddress=, proxyServerPort=0, executionList=&quot;&quot;, isApplyToDesiredCapabilities=true }"/>
         <property name="platform" value="Mac OS X"/>
      </properties>
      <testcase name="Test Cases/TCs_W/checkpoint" time="21.596" classname="Test Cases/TCs_W/checkpoint" status="PASSED">
         <system-out><![CDATA[22-06-2024T00:08:18 - [TEST_CASE][PASSED] - Test Cases/TCs_W/checkpoint: Test Cases/TCs_W/checkpoint

22-06-2024T00:08:18 - [TEST_STEP][PASSED] - openBrowser(""): Browser is opened with url: ''

22-06-2024T00:08:18 - [MESSAGE][INFO] - Starting 'Chrome' driver

22-06-2024T00:08:18 - [MESSAGE][INFO] - Action delay is set to 0 milliseconds

22-06-2024T00:08:20 - [MESSAGE][PASSED] - Browser is opened with url: ''

22-06-2024T00:08:20 - [TEST_STEP][PASSED] - navigateToUrl("https://academy.katalon.com/"): Navigate to 'https://academy.katalon.com/' successfully

22-06-2024T00:08:25 - [MESSAGE][PASSED] - Navigate to 'https://academy.katalon.com/' successfully

22-06-2024T00:08:25 - [TEST_STEP][PASSED] - takeScreenshotAsCheckpoint("current_viewport 1"): Taking screenshot successfully

22-06-2024T00:08:28 - [MESSAGE][INFO] - 0 hidden object(s)

22-06-2024T00:08:28 - [MESSAGE][PASSED] - Taking screenshot successfully
[[ATTACHMENT|keyes/keyes-current_viewport 1.png]]

22-06-2024T00:08:28 - [TEST_STEP][PASSED] - takeScreenshotAsCheckpoint("current_viewport 2 "): Taking screenshot successfully

22-06-2024T00:08:29 - [MESSAGE][INFO] - 0 hidden object(s)

22-06-2024T00:08:29 - [MESSAGE][PASSED] - Taking screenshot successfully
[[ATTACHMENT|keyes/keyes-current_viewport 2.png]]

22-06-2024T00:08:29 - [TEST_STEP][PASSED] - takeScreenshotAsCheckpoint("current_viewport 3"): Taking screenshot successfully

22-06-2024T00:08:30 - [MESSAGE][INFO] - 0 hidden object(s)

22-06-2024T00:08:30 - [MESSAGE][PASSED] - Taking screenshot successfully
[[ATTACHMENT|keyes/keyes-current_viewport 3.png]]

22-06-2024T00:08:30 - [TEST_STEP][PASSED] - takeScreenshotAsCheckpoint("current_viewport 4"): Taking screenshot successfully

22-06-2024T00:08:31 - [MESSAGE][INFO] - 0 hidden object(s)

22-06-2024T00:08:31 - [MESSAGE][PASSED] - Taking screenshot successfully
[[ATTACHMENT|keyes/keyes-current_viewport 4.png]]

22-06-2024T00:08:31 - [TEST_STEP][PASSED] - takeScreenshotAsCheckpoint("current_viewport 5"): Taking screenshot successfully

22-06-2024T00:08:31 - [MESSAGE][INFO] - 0 hidden object(s)

22-06-2024T00:08:31 - [MESSAGE][PASSED] - Taking screenshot successfully
[[ATTACHMENT|keyes/keyes-current_viewport 5.png]]

22-06-2024T00:08:31 - [TEST_STEP][PASSED] - takeScreenshotAsCheckpoint("current_viewport 6"): Taking screenshot successfully

22-06-2024T00:08:32 - [MESSAGE][INFO] - 0 hidden object(s)

22-06-2024T00:08:32 - [MESSAGE][PASSED] - Taking screenshot successfully
[[ATTACHMENT|keyes/keyes-current_viewport 6.png]]

22-06-2024T00:08:32 - [TEST_STEP][PASSED] - takeScreenshotAsCheckpoint("current_viewport 7"): Taking screenshot successfully

22-06-2024T00:08:33 - [MESSAGE][INFO] - 0 hidden object(s)

22-06-2024T00:08:33 - [MESSAGE][PASSED] - Taking screenshot successfully
[[ATTACHMENT|keyes/keyes-current_viewport 7.png]]

22-06-2024T00:08:33 - [TEST_STEP][PASSED] - takeScreenshotAsCheckpoint("current_viewport 8 "): Taking screenshot successfully

22-06-2024T00:08:33 - [MESSAGE][INFO] - 0 hidden object(s)

22-06-2024T00:08:33 - [MESSAGE][PASSED] - Taking screenshot successfully
[[ATTACHMENT|keyes/keyes-current_viewport 8.png]]

22-06-2024T00:08:33 - [TEST_STEP][PASSED] - takeScreenshotAsCheckpoint("current_viewport9"): Taking screenshot successfully

22-06-2024T00:08:34 - [MESSAGE][INFO] - 0 hidden object(s)

22-06-2024T00:08:34 - [MESSAGE][PASSED] - Taking screenshot successfully
[[ATTACHMENT|keyes/keyes-current_viewport9.png]]

22-06-2024T00:08:34 - [TEST_STEP][PASSED] - takeScreenshotAsCheckpoint("current_viewport 10"): Taking screenshot successfully

22-06-2024T00:08:34 - [MESSAGE][INFO] - 0 hidden object(s)

22-06-2024T00:08:35 - [MESSAGE][PASSED] - Taking screenshot successfully
[[ATTACHMENT|keyes/keyes-current_viewport 10.png]]

22-06-2024T00:08:35 - [TEST_STEP][PASSED] - takeScreenshotAsCheckpoint("current_viewport11"): Taking screenshot successfully

22-06-2024T00:08:35 - [MESSAGE][INFO] - 0 hidden object(s)

22-06-2024T00:08:35 - [MESSAGE][PASSED] - Taking screenshot successfully
[[ATTACHMENT|keyes/keyes-current_viewport11.png]]

22-06-2024T00:08:35 - [TEST_STEP][PASSED] - takeScreenshotAsCheckpoint("current_viewport12"): Taking screenshot successfully

22-06-2024T00:08:36 - [MESSAGE][INFO] - 0 hidden object(s)

22-06-2024T00:08:36 - [MESSAGE][PASSED] - Taking screenshot successfully
[[ATTACHMENT|keyes/keyes-current_viewport12.png]]

22-06-2024T00:08:36 - [TEST_STEP][PASSED] - takeScreenshotAsCheckpoint("current_viewport13"): Taking screenshot successfully

22-06-2024T00:08:36 - [MESSAGE][INFO] - 0 hidden object(s)

22-06-2024T00:08:36 - [MESSAGE][PASSED] - Taking screenshot successfully
[[ATTACHMENT|keyes/keyes-current_viewport13.png]]

22-06-2024T00:08:36 - [TEST_STEP][PASSED] - takeScreenshotAsCheckpoint("current_viewport14"): Taking screenshot successfully

22-06-2024T00:08:37 - [MESSAGE][INFO] - 0 hidden object(s)

22-06-2024T00:08:37 - [MESSAGE][PASSED] - Taking screenshot successfully
[[ATTACHMENT|keyes/keyes-current_viewport14.png]]

22-06-2024T00:08:37 - [TEST_STEP][PASSED] - takeScreenshotAsCheckpoint("current_viewport15"): Taking screenshot successfully

22-06-2024T00:08:37 - [MESSAGE][INFO] - 0 hidden object(s)

22-06-2024T00:08:38 - [MESSAGE][PASSED] - Taking screenshot successfully
[[ATTACHMENT|keyes/keyes-current_viewport15.png]]

22-06-2024T00:08:38 - [TEST_STEP][PASSED] - takeScreenshotAsCheckpoint("current_viewport16"): Taking screenshot successfully

22-06-2024T00:08:38 - [MESSAGE][INFO] - 0 hidden object(s)

22-06-2024T00:08:38 - [MESSAGE][PASSED] - Taking screenshot successfully
[[ATTACHMENT|keyes/keyes-current_viewport16.png]]

22-06-2024T00:08:38 - [TEST_STEP][PASSED] - takeScreenshotAsCheckpoint("current_viewport17"): Taking screenshot successfully

22-06-2024T00:08:39 - [MESSAGE][INFO] - 0 hidden object(s)

22-06-2024T00:08:39 - [MESSAGE][PASSED] - Taking screenshot successfully
[[ATTACHMENT|keyes/keyes-current_viewport17.png]]

22-06-2024T00:08:39 - [TEST_STEP][PASSED] - takeScreenshotAsCheckpoint("current_viewport16"): Taking screenshot successfully

22-06-2024T00:08:39 - [MESSAGE][INFO] - 0 hidden object(s)

22-06-2024T00:08:39 - [MESSAGE][PASSED] - Taking screenshot successfully
[[ATTACHMENT|keyes/keyes-current_viewport16.png]]

22-06-2024T00:08:39 - [TEST_STEP][PASSED] - closeBrowser(): Browser is closed

22-06-2024T00:08:39 - [MESSAGE][PASSED] - Browser is closed]]></system-out>
         <system-err><![CDATA[]]></system-err>
      </testcase>
      <testcase name="Test Cases/TCs_W/request" time="0.653" classname="Test Cases/TCs_W/request" status="PASSED">
         <system-out><![CDATA[22-06-2024T00:08:39 - [TEST_CASE][PASSED] - Test Cases/TCs_W/request: Test Cases/TCs_W/request

22-06-2024T00:08:40 - [TEST_STEP][PASSED] - sendRequest(findTestObject("New Request")): Send request successfully

22-06-2024T00:08:40 - [MESSAGE][INFO] - HAR: /Users/anhtran/git/KatlProj/Reports/20240622_000816/TSF/TS2/20240622_000816/requests/main/0.har

22-06-2024T00:08:40 - [MESSAGE][PASSED] - Send request successfully]]></system-out>
         <system-err><![CDATA[]]></system-err>
      </testcase>
      <testcase name="Test Cases/TCs_W/TC16" time="0.871" classname="Test Cases/TCs_W/TC16" status="PASSED">
         <system-out><![CDATA[22-06-2024T00:08:40 - [TEST_CASE][PASSED] - Test Cases/TCs_W/TC16: Test Cases/TCs_W/TC16

22-06-2024T00:08:40 - [TEST_STEP][PASSED] - openBrowser(""): Browser is opened with url: ''

22-06-2024T00:08:40 - [MESSAGE][INFO] - Starting 'Chrome' driver

22-06-2024T00:08:40 - [MESSAGE][INFO] - Action delay is set to 0 milliseconds

22-06-2024T00:08:41 - [MESSAGE][PASSED] - Browser is opened with url: ''

22-06-2024T00:08:41 - [TEST_STEP][PASSED] - closeBrowser(): Browser is closed

22-06-2024T00:08:41 - [MESSAGE][PASSED] - Browser is closed]]></system-out>
         <system-err><![CDATA[]]></system-err>
      </testcase>
      <testcase name="Test Cases/TCs_W/TC17" time="0.779" classname="Test Cases/TCs_W/TC17" status="PASSED">
         <system-out><![CDATA[22-06-2024T00:08:41 - [TEST_CASE][PASSED] - Test Cases/TCs_W/TC17: Test Cases/TCs_W/TC17

22-06-2024T00:08:41 - [TEST_STEP][PASSED] - openBrowser(""): Browser is opened with url: ''

22-06-2024T00:08:41 - [MESSAGE][INFO] - Starting 'Chrome' driver

22-06-2024T00:08:41 - [MESSAGE][INFO] - Action delay is set to 0 milliseconds

22-06-2024T00:08:42 - [MESSAGE][PASSED] - Browser is opened with url: ''

22-06-2024T00:08:42 - [TEST_STEP][PASSED] - closeBrowser(): Browser is closed

22-06-2024T00:08:42 - [MESSAGE][PASSED] - Browser is closed]]></system-out>
         <system-err><![CDATA[]]></system-err>
      </testcase>
      <testcase name="Test Cases/TCs_W/TC18" time="0.745" classname="Test Cases/TCs_W/TC18" status="PASSED">
         <system-out><![CDATA[22-06-2024T00:08:42 - [TEST_CASE][PASSED] - Test Cases/TCs_W/TC18: Test Cases/TCs_W/TC18

22-06-2024T00:08:42 - [TEST_STEP][PASSED] - openBrowser(""): Browser is opened with url: ''

22-06-2024T00:08:42 - [MESSAGE][INFO] - Starting 'Chrome' driver

22-06-2024T00:08:42 - [MESSAGE][INFO] - Action delay is set to 0 milliseconds

22-06-2024T00:08:42 - [MESSAGE][PASSED] - Browser is opened with url: ''

22-06-2024T00:08:42 - [TEST_STEP][PASSED] - closeBrowser(): Browser is closed

22-06-2024T00:08:43 - [MESSAGE][PASSED] - Browser is closed]]></system-out>
         <system-err><![CDATA[]]></system-err>
      </testcase>
      <testcase name="Test Cases/TCs_W/TC19" time="0.792" classname="Test Cases/TCs_W/TC19" status="PASSED">
         <system-out><![CDATA[22-06-2024T00:08:43 - [TEST_CASE][PASSED] - Test Cases/TCs_W/TC19: Test Cases/TCs_W/TC19

22-06-2024T00:08:43 - [TEST_STEP][PASSED] - openBrowser(""): Browser is opened with url: ''

22-06-2024T00:08:43 - [MESSAGE][INFO] - Starting 'Chrome' driver

22-06-2024T00:08:43 - [MESSAGE][INFO] - Action delay is set to 0 milliseconds

22-06-2024T00:08:43 - [MESSAGE][PASSED] - Browser is opened with url: ''

22-06-2024T00:08:43 - [TEST_STEP][PASSED] - closeBrowser(): Browser is closed

22-06-2024T00:08:43 - [MESSAGE][PASSED] - Browser is closed]]></system-out>
         <system-err><![CDATA[]]></system-err>
      </testcase>
      <testcase name="Test Cases/TCs_W/TC2" time="0.768" classname="Test Cases/TCs_W/TC2" status="PASSED">
         <system-out><![CDATA[22-06-2024T00:08:43 - [TEST_CASE][PASSED] - Test Cases/TCs_W/TC2: Test Cases/TCs_W/TC2

22-06-2024T00:08:43 - [TEST_STEP][PASSED] - openBrowser(""): Browser is opened with url: ''

22-06-2024T00:08:43 - [MESSAGE][INFO] - Starting 'Chrome' driver

22-06-2024T00:08:43 - [MESSAGE][INFO] - Action delay is set to 0 milliseconds

22-06-2024T00:08:44 - [MESSAGE][PASSED] - Browser is opened with url: ''

22-06-2024T00:08:44 - [TEST_STEP][PASSED] - closeBrowser(): Browser is closed

22-06-2024T00:08:44 - [MESSAGE][PASSED] - Browser is closed]]></system-out>
         <system-err><![CDATA[]]></system-err>
      </testcase>
      <testcase name="Test Cases/TCs_W/TC20" time="0.731" classname="Test Cases/TCs_W/TC20" status="PASSED">
         <system-out><![CDATA[22-06-2024T00:08:44 - [TEST_CASE][PASSED] - Test Cases/TCs_W/TC20: Test Cases/TCs_W/TC20

22-06-2024T00:08:44 - [TEST_STEP][PASSED] - openBrowser(""): Browser is opened with url: ''

22-06-2024T00:08:44 - [MESSAGE][INFO] - Starting 'Chrome' driver

22-06-2024T00:08:44 - [MESSAGE][INFO] - Action delay is set to 0 milliseconds

22-06-2024T00:08:45 - [MESSAGE][PASSED] - Browser is opened with url: ''

22-06-2024T00:08:45 - [TEST_STEP][PASSED] - closeBrowser(): Browser is closed

22-06-2024T00:08:45 - [MESSAGE][PASSED] - Browser is closed]]></system-out>
         <system-err><![CDATA[]]></system-err>
      </testcase>
      <testcase name="Test Cases/TCs_W/TC22" time="0.736" classname="Test Cases/TCs_W/TC22" status="PASSED">
         <system-out><![CDATA[22-06-2024T00:08:45 - [TEST_CASE][PASSED] - Test Cases/TCs_W/TC22: Test Cases/TCs_W/TC22

22-06-2024T00:08:45 - [TEST_STEP][PASSED] - openBrowser(""): Browser is opened with url: ''

22-06-2024T00:08:45 - [MESSAGE][INFO] - Starting 'Chrome' driver

22-06-2024T00:08:45 - [MESSAGE][INFO] - Action delay is set to 0 milliseconds

22-06-2024T00:08:45 - [MESSAGE][PASSED] - Browser is opened with url: ''

22-06-2024T00:08:45 - [TEST_STEP][PASSED] - closeBrowser(): Browser is closed

22-06-2024T00:08:46 - [MESSAGE][PASSED] - Browser is closed]]></system-out>
         <system-err><![CDATA[]]></system-err>
      </testcase>
      <testcase name="Test Cases/TCs_W/TC21" time="0.763" classname="Test Cases/TCs_W/TC21" status="PASSED">
         <system-out><![CDATA[22-06-2024T00:08:46 - [TEST_CASE][PASSED] - Test Cases/TCs_W/TC21: Test Cases/TCs_W/TC21

22-06-2024T00:08:46 - [TEST_STEP][PASSED] - openBrowser(""): Browser is opened with url: ''

22-06-2024T00:08:46 - [MESSAGE][INFO] - Starting 'Chrome' driver

22-06-2024T00:08:46 - [MESSAGE][INFO] - Action delay is set to 0 milliseconds

22-06-2024T00:08:46 - [MESSAGE][PASSED] - Browser is opened with url: ''

22-06-2024T00:08:46 - [TEST_STEP][PASSED] - closeBrowser(): Browser is closed

22-06-2024T00:08:46 - [MESSAGE][PASSED] - Browser is closed]]></system-out>
         <system-err><![CDATA[]]></system-err>
      </testcase>
      <testcase name="Test Cases/TCs_W/TC23" time="0.762" classname="Test Cases/TCs_W/TC23" status="PASSED">
         <system-out><![CDATA[22-06-2024T00:08:46 - [TEST_CASE][PASSED] - Test Cases/TCs_W/TC23: Test Cases/TCs_W/TC23

22-06-2024T00:08:46 - [TEST_STEP][PASSED] - openBrowser(""): Browser is opened with url: ''

22-06-2024T00:08:46 - [MESSAGE][INFO] - Starting 'Chrome' driver

22-06-2024T00:08:46 - [MESSAGE][INFO] - Action delay is set to 0 milliseconds

22-06-2024T00:08:47 - [MESSAGE][PASSED] - Browser is opened with url: ''

22-06-2024T00:08:47 - [TEST_STEP][PASSED] - closeBrowser(): Browser is closed

22-06-2024T00:08:47 - [MESSAGE][PASSED] - Browser is closed]]></system-out>
         <system-err><![CDATA[]]></system-err>
      </testcase>
      <testcase name="Test Cases/TCs_W/TC24" time="0.713" classname="Test Cases/TCs_W/TC24" status="PASSED">
         <system-out><![CDATA[22-06-2024T00:08:47 - [TEST_CASE][PASSED] - Test Cases/TCs_W/TC24: Test Cases/TCs_W/TC24

22-06-2024T00:08:47 - [TEST_STEP][PASSED] - openBrowser(""): Browser is opened with url: ''

22-06-2024T00:08:47 - [MESSAGE][INFO] - Starting 'Chrome' driver

22-06-2024T00:08:47 - [MESSAGE][INFO] - Action delay is set to 0 milliseconds

22-06-2024T00:08:48 - [MESSAGE][PASSED] - Browser is opened with url: ''

22-06-2024T00:08:48 - [TEST_STEP][PASSED] - closeBrowser(): Browser is closed

22-06-2024T00:08:48 - [MESSAGE][PASSED] - Browser is closed]]></system-out>
         <system-err><![CDATA[]]></system-err>
      </testcase>
      <testcase name="Test Cases/TCs_W/TC25" time="0.765" classname="Test Cases/TCs_W/TC25" status="PASSED">
         <system-out><![CDATA[22-06-2024T00:08:48 - [TEST_CASE][PASSED] - Test Cases/TCs_W/TC25: Test Cases/TCs_W/TC25

22-06-2024T00:08:48 - [TEST_STEP][PASSED] - openBrowser(""): Browser is opened with url: ''

22-06-2024T00:08:48 - [MESSAGE][INFO] - Starting 'Chrome' driver

22-06-2024T00:08:48 - [MESSAGE][INFO] - Action delay is set to 0 milliseconds

22-06-2024T00:08:48 - [MESSAGE][PASSED] - Browser is opened with url: ''

22-06-2024T00:08:48 - [TEST_STEP][PASSED] - closeBrowser(): Browser is closed

22-06-2024T00:08:49 - [MESSAGE][PASSED] - Browser is closed]]></system-out>
         <system-err><![CDATA[]]></system-err>
      </testcase>
      <system-out><![CDATA[22-06-2024T00:08:18 - [TEST_SUITE][PASSED] - TS2: Test Cases/TCs_W/TC25]]></system-out>
      <system-err><![CDATA[]]></system-err>
   </testsuite>
</testsuites>
