<?xml version="1.0" encoding="UTF-8"?>
<testsuites name="TS3" time="36.779" tests="9" failures="0" errors="0">
   <testsuite name="TS3" tests="9" failures="0" errors="0" time="36.779" skipped="0" timestamp="22-06-2024T00:06:47" hostname="anhtran - 192.168.102.5" id="Test Suites/TSF/TS3">
      <properties>
         <property name="deviceName" value=""/>
         <property name="devicePlatform"/>
         <property name="logFolder" value="/Users/anhtran/git/KatlProj/Reports/20240622_000644/TSF/TS3/20240622_000645"/>
         <property name="logFiles" value="/Users/anhtran/git/KatlProj/Reports/20240622_000644/TSF/TS3/20240622_000645/execution0.log"/>
         <property name="attachments" value="keyes/keyes-current_viewport 1.png, keyes/keyes-current_viewport 2.png, keyes/keyes-current_viewport 3.png, keyes/keyes-current_viewport 4.png, keyes/keyes-current_viewport 5.png, keyes/keyes-current_viewport 6.png, keyes/keyes-current_viewport 7.png, keyes/keyes-current_viewport 8.png, keyes/keyes-current_viewport9.png, keyes/keyes-current_viewport 10.png, keyes/keyes-current_viewport11.png, keyes/keyes-current_viewport12.png, keyes/keyes-current_viewport13.png, keyes/keyes-current_viewport14.png, keyes/keyes-current_viewport15.png, keyes/keyes-current_viewport16.png, keyes/keyes-current_viewport17.png, keyes/keyes-current_viewport16.png"/>
         <property name="hostName" value="anhtran - 192.168.102.5"/>
         <property name="os" value="Mac OS X 64bit"/>
         <property name="katalonVersion" value="9.5.0.217"/>
         <property name="browser" value="Chrome 126.0.0.0"/>
         <property name="hostAddress" value="192.168.102.5"/>
         <property name="sessionId" value="7aa321bcbbad5d1977aa1878f00b9138"/>
         <property name="seleniumVersion" value="3.141.59"/>
         <property name="proxyInformation" value="ProxyInformation { proxyOption=NO_PROXY, proxyServerType=HTTP, username=, password=********, proxyServerAddress=, proxyServerPort=0, executionList=&quot;&quot;, isApplyToDesiredCapabilities=true }"/>
         <property name="platform" value="Mac OS X"/>
      </properties>
      <testcase name="Test Cases/TCs_W/TC1" time="3.069" classname="Test Cases/TCs_W/TC1" status="PASSED">
         <system-out><![CDATA[22-06-2024T00:06:47 - [TEST_CASE][PASSED] - Test Cases/TCs_W/TC1: Test Cases/TCs_W/TC1

22-06-2024T00:06:47 - [TEST_STEP][PASSED] - openBrowser(""): Browser is opened with url: ''

22-06-2024T00:06:47 - [MESSAGE][INFO] - Starting 'Chrome' driver

22-06-2024T00:06:47 - [MESSAGE][INFO] - Action delay is set to 0 milliseconds

22-06-2024T00:06:50 - [MESSAGE][PASSED] - Browser is opened with url: ''

22-06-2024T00:06:50 - [TEST_STEP][PASSED] - closeBrowser(): Browser is closed

22-06-2024T00:06:50 - [MESSAGE][PASSED] - Browser is closed]]></system-out>
         <system-err><![CDATA[]]></system-err>
      </testcase>
      <testcase name="Test Cases/TCs_W/TC10" time="1.043" classname="Test Cases/TCs_W/TC10" status="PASSED">
         <system-out><![CDATA[22-06-2024T00:06:50 - [TEST_CASE][PASSED] - Test Cases/TCs_W/TC10: Test Cases/TCs_W/TC10

22-06-2024T00:06:50 - [TEST_STEP][PASSED] - openBrowser(""): Browser is opened with url: ''

22-06-2024T00:06:50 - [MESSAGE][INFO] - Starting 'Chrome' driver

22-06-2024T00:06:50 - [MESSAGE][INFO] - Action delay is set to 0 milliseconds

22-06-2024T00:06:51 - [MESSAGE][PASSED] - Browser is opened with url: ''

22-06-2024T00:06:51 - [TEST_STEP][PASSED] - closeBrowser(): Browser is closed

22-06-2024T00:06:51 - [MESSAGE][PASSED] - Browser is closed]]></system-out>
         <system-err><![CDATA[]]></system-err>
      </testcase>
      <testcase name="Test Cases/TCs_W/request" time="0.883" classname="Test Cases/TCs_W/request" status="PASSED">
         <system-out><![CDATA[22-06-2024T00:06:51 - [TEST_CASE][PASSED] - Test Cases/TCs_W/request: Test Cases/TCs_W/request

22-06-2024T00:06:51 - [TEST_STEP][PASSED] - sendRequest(findTestObject("New Request")): Send request successfully

22-06-2024T00:06:52 - [MESSAGE][INFO] - HAR: /Users/anhtran/git/KatlProj/Reports/20240622_000644/TSF/TS3/20240622_000645/requests/main/0.har

22-06-2024T00:06:52 - [MESSAGE][PASSED] - Send request successfully]]></system-out>
         <system-err><![CDATA[]]></system-err>
      </testcase>
      <testcase name="Test Cases/TCs_W/checkpoint" time="26.966" classname="Test Cases/TCs_W/checkpoint" status="PASSED">
         <system-out><![CDATA[22-06-2024T00:06:52 - [TEST_CASE][PASSED] - Test Cases/TCs_W/checkpoint: Test Cases/TCs_W/checkpoint

22-06-2024T00:06:52 - [TEST_STEP][PASSED] - openBrowser(""): Browser is opened with url: ''

22-06-2024T00:06:52 - [MESSAGE][INFO] - Starting 'Chrome' driver

22-06-2024T00:06:52 - [MESSAGE][INFO] - Action delay is set to 0 milliseconds

22-06-2024T00:06:53 - [MESSAGE][PASSED] - Browser is opened with url: ''

22-06-2024T00:06:53 - [TEST_STEP][PASSED] - navigateToUrl("https://academy.katalon.com/"): Navigate to 'https://academy.katalon.com/' successfully

22-06-2024T00:07:02 - [MESSAGE][PASSED] - Navigate to 'https://academy.katalon.com/' successfully

22-06-2024T00:07:02 - [TEST_STEP][PASSED] - takeScreenshotAsCheckpoint("current_viewport 1"): Taking screenshot successfully

22-06-2024T00:07:06 - [MESSAGE][INFO] - 0 hidden object(s)

22-06-2024T00:07:06 - [MESSAGE][PASSED] - Taking screenshot successfully
[[ATTACHMENT|keyes/keyes-current_viewport 1.png]]

22-06-2024T00:07:06 - [TEST_STEP][PASSED] - takeScreenshotAsCheckpoint("current_viewport 2 "): Taking screenshot successfully

22-06-2024T00:07:07 - [MESSAGE][INFO] - 0 hidden object(s)

22-06-2024T00:07:07 - [MESSAGE][PASSED] - Taking screenshot successfully
[[ATTACHMENT|keyes/keyes-current_viewport 2.png]]

22-06-2024T00:07:07 - [TEST_STEP][PASSED] - takeScreenshotAsCheckpoint("current_viewport 3"): Taking screenshot successfully

22-06-2024T00:07:08 - [MESSAGE][INFO] - 0 hidden object(s)

22-06-2024T00:07:08 - [MESSAGE][PASSED] - Taking screenshot successfully
[[ATTACHMENT|keyes/keyes-current_viewport 3.png]]

22-06-2024T00:07:08 - [TEST_STEP][PASSED] - takeScreenshotAsCheckpoint("current_viewport 4"): Taking screenshot successfully

22-06-2024T00:07:09 - [MESSAGE][INFO] - 0 hidden object(s)

22-06-2024T00:07:10 - [MESSAGE][PASSED] - Taking screenshot successfully
[[ATTACHMENT|keyes/keyes-current_viewport 4.png]]

22-06-2024T00:07:10 - [TEST_STEP][PASSED] - takeScreenshotAsCheckpoint("current_viewport 5"): Taking screenshot successfully

22-06-2024T00:07:10 - [MESSAGE][INFO] - 0 hidden object(s)

22-06-2024T00:07:10 - [MESSAGE][PASSED] - Taking screenshot successfully
[[ATTACHMENT|keyes/keyes-current_viewport 5.png]]

22-06-2024T00:07:10 - [TEST_STEP][PASSED] - takeScreenshotAsCheckpoint("current_viewport 6"): Taking screenshot successfully

22-06-2024T00:07:11 - [MESSAGE][INFO] - 0 hidden object(s)

22-06-2024T00:07:11 - [MESSAGE][PASSED] - Taking screenshot successfully
[[ATTACHMENT|keyes/keyes-current_viewport 6.png]]

22-06-2024T00:07:11 - [TEST_STEP][PASSED] - takeScreenshotAsCheckpoint("current_viewport 7"): Taking screenshot successfully

22-06-2024T00:07:12 - [MESSAGE][INFO] - 0 hidden object(s)

22-06-2024T00:07:12 - [MESSAGE][PASSED] - Taking screenshot successfully
[[ATTACHMENT|keyes/keyes-current_viewport 7.png]]

22-06-2024T00:07:12 - [TEST_STEP][PASSED] - takeScreenshotAsCheckpoint("current_viewport 8 "): Taking screenshot successfully

22-06-2024T00:07:12 - [MESSAGE][INFO] - 0 hidden object(s)

22-06-2024T00:07:13 - [MESSAGE][PASSED] - Taking screenshot successfully
[[ATTACHMENT|keyes/keyes-current_viewport 8.png]]

22-06-2024T00:07:13 - [TEST_STEP][PASSED] - takeScreenshotAsCheckpoint("current_viewport9"): Taking screenshot successfully

22-06-2024T00:07:13 - [MESSAGE][INFO] - 0 hidden object(s)

22-06-2024T00:07:13 - [MESSAGE][PASSED] - Taking screenshot successfully
[[ATTACHMENT|keyes/keyes-current_viewport9.png]]

22-06-2024T00:07:13 - [TEST_STEP][PASSED] - takeScreenshotAsCheckpoint("current_viewport 10"): Taking screenshot successfully

22-06-2024T00:07:14 - [MESSAGE][INFO] - 0 hidden object(s)

22-06-2024T00:07:14 - [MESSAGE][PASSED] - Taking screenshot successfully
[[ATTACHMENT|keyes/keyes-current_viewport 10.png]]

22-06-2024T00:07:14 - [TEST_STEP][PASSED] - takeScreenshotAsCheckpoint("current_viewport11"): Taking screenshot successfully

22-06-2024T00:07:15 - [MESSAGE][INFO] - 0 hidden object(s)

22-06-2024T00:07:15 - [MESSAGE][PASSED] - Taking screenshot successfully
[[ATTACHMENT|keyes/keyes-current_viewport11.png]]

22-06-2024T00:07:15 - [TEST_STEP][PASSED] - takeScreenshotAsCheckpoint("current_viewport12"): Taking screenshot successfully

22-06-2024T00:07:15 - [MESSAGE][INFO] - 0 hidden object(s)

22-06-2024T00:07:15 - [MESSAGE][PASSED] - Taking screenshot successfully
[[ATTACHMENT|keyes/keyes-current_viewport12.png]]

22-06-2024T00:07:15 - [TEST_STEP][PASSED] - takeScreenshotAsCheckpoint("current_viewport13"): Taking screenshot successfully

22-06-2024T00:07:16 - [MESSAGE][INFO] - 0 hidden object(s)

22-06-2024T00:07:16 - [MESSAGE][PASSED] - Taking screenshot successfully
[[ATTACHMENT|keyes/keyes-current_viewport13.png]]

22-06-2024T00:07:16 - [TEST_STEP][PASSED] - takeScreenshotAsCheckpoint("current_viewport14"): Taking screenshot successfully

22-06-2024T00:07:16 - [MESSAGE][INFO] - 0 hidden object(s)

22-06-2024T00:07:17 - [MESSAGE][PASSED] - Taking screenshot successfully
[[ATTACHMENT|keyes/keyes-current_viewport14.png]]

22-06-2024T00:07:17 - [TEST_STEP][PASSED] - takeScreenshotAsCheckpoint("current_viewport15"): Taking screenshot successfully

22-06-2024T00:07:17 - [MESSAGE][INFO] - 0 hidden object(s)

22-06-2024T00:07:17 - [MESSAGE][PASSED] - Taking screenshot successfully
[[ATTACHMENT|keyes/keyes-current_viewport15.png]]

22-06-2024T00:07:17 - [TEST_STEP][PASSED] - takeScreenshotAsCheckpoint("current_viewport16"): Taking screenshot successfully

22-06-2024T00:07:18 - [MESSAGE][INFO] - 0 hidden object(s)

22-06-2024T00:07:18 - [MESSAGE][PASSED] - Taking screenshot successfully
[[ATTACHMENT|keyes/keyes-current_viewport16.png]]

22-06-2024T00:07:18 - [TEST_STEP][PASSED] - takeScreenshotAsCheckpoint("current_viewport17"): Taking screenshot successfully

22-06-2024T00:07:18 - [MESSAGE][INFO] - 0 hidden object(s)

22-06-2024T00:07:18 - [MESSAGE][PASSED] - Taking screenshot successfully
[[ATTACHMENT|keyes/keyes-current_viewport17.png]]

22-06-2024T00:07:18 - [TEST_STEP][PASSED] - takeScreenshotAsCheckpoint("current_viewport16"): Taking screenshot successfully

22-06-2024T00:07:19 - [MESSAGE][INFO] - 0 hidden object(s)

22-06-2024T00:07:19 - [MESSAGE][PASSED] - Taking screenshot successfully
[[ATTACHMENT|keyes/keyes-current_viewport16.png]]

22-06-2024T00:07:19 - [TEST_STEP][PASSED] - closeBrowser(): Browser is closed

22-06-2024T00:07:19 - [MESSAGE][PASSED] - Browser is closed]]></system-out>
         <system-err><![CDATA[]]></system-err>
      </testcase>
      <testcase name="Test Cases/TCs_W/TC11" time="1.386" classname="Test Cases/TCs_W/TC11" status="PASSED">
         <system-out><![CDATA[22-06-2024T00:07:19 - [TEST_CASE][PASSED] - Test Cases/TCs_W/TC11: Test Cases/TCs_W/TC11

22-06-2024T00:07:19 - [TEST_STEP][PASSED] - openBrowser(""): Browser is opened with url: ''

22-06-2024T00:07:19 - [MESSAGE][INFO] - Starting 'Chrome' driver

22-06-2024T00:07:19 - [MESSAGE][INFO] - Action delay is set to 0 milliseconds

22-06-2024T00:07:20 - [MESSAGE][PASSED] - Browser is opened with url: ''

22-06-2024T00:07:20 - [TEST_STEP][PASSED] - closeBrowser(): Browser is closed

22-06-2024T00:07:21 - [MESSAGE][PASSED] - Browser is closed]]></system-out>
         <system-err><![CDATA[]]></system-err>
      </testcase>
      <testcase name="Test Cases/TCs_W/TC12" time="0.825" classname="Test Cases/TCs_W/TC12" status="PASSED">
         <system-out><![CDATA[22-06-2024T00:07:21 - [TEST_CASE][PASSED] - Test Cases/TCs_W/TC12: Test Cases/TCs_W/TC12

22-06-2024T00:07:21 - [TEST_STEP][PASSED] - openBrowser(""): Browser is opened with url: ''

22-06-2024T00:07:21 - [MESSAGE][INFO] - Starting 'Chrome' driver

22-06-2024T00:07:21 - [MESSAGE][INFO] - Action delay is set to 0 milliseconds

22-06-2024T00:07:21 - [MESSAGE][PASSED] - Browser is opened with url: ''

22-06-2024T00:07:21 - [TEST_STEP][PASSED] - closeBrowser(): Browser is closed

22-06-2024T00:07:21 - [MESSAGE][PASSED] - Browser is closed]]></system-out>
         <system-err><![CDATA[]]></system-err>
      </testcase>
      <testcase name="Test Cases/TCs_W/TC13" time="0.866" classname="Test Cases/TCs_W/TC13" status="PASSED">
         <system-out><![CDATA[22-06-2024T00:07:21 - [TEST_CASE][PASSED] - Test Cases/TCs_W/TC13: Test Cases/TCs_W/TC13

22-06-2024T00:07:21 - [TEST_STEP][PASSED] - openBrowser(""): Browser is opened with url: ''

22-06-2024T00:07:21 - [MESSAGE][INFO] - Starting 'Chrome' driver

22-06-2024T00:07:21 - [MESSAGE][INFO] - Action delay is set to 0 milliseconds

22-06-2024T00:07:22 - [MESSAGE][PASSED] - Browser is opened with url: ''

22-06-2024T00:07:22 - [TEST_STEP][PASSED] - closeBrowser(): Browser is closed

22-06-2024T00:07:22 - [MESSAGE][PASSED] - Browser is closed]]></system-out>
         <system-err><![CDATA[]]></system-err>
      </testcase>
      <testcase name="Test Cases/TCs_W/TC14" time="0.812" classname="Test Cases/TCs_W/TC14" status="PASSED">
         <system-out><![CDATA[22-06-2024T00:07:22 - [TEST_CASE][PASSED] - Test Cases/TCs_W/TC14: Test Cases/TCs_W/TC14

22-06-2024T00:07:22 - [TEST_STEP][PASSED] - openBrowser(""): Browser is opened with url: ''

22-06-2024T00:07:22 - [MESSAGE][INFO] - Starting 'Chrome' driver

22-06-2024T00:07:22 - [MESSAGE][INFO] - Action delay is set to 0 milliseconds

22-06-2024T00:07:23 - [MESSAGE][PASSED] - Browser is opened with url: ''

22-06-2024T00:07:23 - [TEST_STEP][PASSED] - closeBrowser(): Browser is closed

22-06-2024T00:07:23 - [MESSAGE][PASSED] - Browser is closed]]></system-out>
         <system-err><![CDATA[]]></system-err>
      </testcase>
      <testcase name="Test Cases/TCs_W/TC15" time="0.791" classname="Test Cases/TCs_W/TC15" status="PASSED">
         <system-out><![CDATA[22-06-2024T00:07:23 - [TEST_CASE][PASSED] - Test Cases/TCs_W/TC15: Test Cases/TCs_W/TC15

22-06-2024T00:07:23 - [TEST_STEP][PASSED] - openBrowser(""): Browser is opened with url: ''

22-06-2024T00:07:23 - [MESSAGE][INFO] - Starting 'Chrome' driver

22-06-2024T00:07:23 - [MESSAGE][INFO] - Action delay is set to 0 milliseconds

22-06-2024T00:07:24 - [MESSAGE][PASSED] - Browser is opened with url: ''

22-06-2024T00:07:24 - [TEST_STEP][PASSED] - closeBrowser(): Browser is closed

22-06-2024T00:07:24 - [MESSAGE][PASSED] - Browser is closed]]></system-out>
         <system-err><![CDATA[]]></system-err>
      </testcase>
      <system-out><![CDATA[22-06-2024T00:06:47 - [TEST_SUITE][PASSED] - TS3: Test Cases/TCs_W/TC15]]></system-out>
      <system-err><![CDATA[]]></system-err>
   </testsuite>
</testsuites>
