<?xml version="1.0" encoding="UTF-8"?>
<testsuites name="TS5" time="4.184" tests="3" failures="0" errors="0">
   <testsuite name="TS5" tests="3" failures="0" errors="0" time="4.184" skipped="0" timestamp="22-06-2024T11:32:41" hostname="anhtran - 192.168.102.5" id="Test Suites/TSF/TS5">
      <properties>
         <property name="deviceName" value=""/>
         <property name="devicePlatform"/>
         <property name="logFolder" value="/Users/anhtran/git/KatlProj/Reports/20240622_113239/TSF/TS5/20240622_113240"/>
         <property name="logFiles" value="/Users/anhtran/git/KatlProj/Reports/20240622_113239/TSF/TS5/20240622_113240/execution0.log"/>
         <property name="attachments" value=""/>
         <property name="hostName" value="anhtran - 192.168.102.5"/>
         <property name="os" value="Mac OS X 64bit"/>
         <property name="katalonVersion" value="9.5.0.217"/>
         <property name="browser" value="Chrome 126.0.0.0"/>
         <property name="hostAddress" value="192.168.102.5"/>
         <property name="sessionId" value="076e8e1ef81136e96a3da9b7cd537f00"/>
         <property name="seleniumVersion" value="3.141.59"/>
         <property name="proxyInformation" value="ProxyInformation { proxyOption=NO_PROXY, proxyServerType=HTTP, username=, password=********, proxyServerAddress=, proxyServerPort=0, executionList=&quot;&quot;, isApplyToDesiredCapabilities=true }"/>
         <property name="platform" value="Mac OS X"/>
      </properties>
      <testcase name="Test Cases/TCs_W/TC1" time="2.536" classname="Test Cases/TCs_W/TC1" status="PASSED">
         <system-out><![CDATA[22-06-2024T11:32:42 - [TEST_CASE][PASSED] - Test Cases/TCs_W/TC1: Test Cases/TCs_W/TC1

22-06-2024T11:32:42 - [TEST_STEP][PASSED] - openBrowser(""): Browser is opened with url: ''

22-06-2024T11:32:42 - [MESSAGE][INFO] - Starting 'Chrome' driver

22-06-2024T11:32:42 - [MESSAGE][INFO] - Action delay is set to 0 milliseconds

22-06-2024T11:32:44 - [MESSAGE][PASSED] - Browser is opened with url: ''

22-06-2024T11:32:44 - [TEST_STEP][PASSED] - closeBrowser(): Browser is closed

22-06-2024T11:32:44 - [MESSAGE][PASSED] - Browser is closed]]></system-out>
         <system-err><![CDATA[]]></system-err>
      </testcase>
      <testcase name="Test Cases/TCs_W/TC10" time="0.905" classname="Test Cases/TCs_W/TC10" status="PASSED">
         <system-out><![CDATA[22-06-2024T11:32:44 - [TEST_CASE][PASSED] - Test Cases/TCs_W/TC10: Test Cases/TCs_W/TC10

22-06-2024T11:32:44 - [TEST_STEP][PASSED] - openBrowser(""): Browser is opened with url: ''

22-06-2024T11:32:44 - [MESSAGE][INFO] - Starting 'Chrome' driver

22-06-2024T11:32:44 - [MESSAGE][INFO] - Action delay is set to 0 milliseconds

22-06-2024T11:32:45 - [MESSAGE][PASSED] - Browser is opened with url: ''

22-06-2024T11:32:45 - [TEST_STEP][PASSED] - closeBrowser(): Browser is closed

22-06-2024T11:32:45 - [MESSAGE][PASSED] - Browser is closed]]></system-out>
         <system-err><![CDATA[]]></system-err>
      </testcase>
      <testcase name="Test Cases/TCs_W/TC11" time="0.678" classname="Test Cases/TCs_W/TC11" status="PASSED">
         <system-out><![CDATA[22-06-2024T11:32:45 - [TEST_CASE][PASSED] - Test Cases/TCs_W/TC11: Test Cases/TCs_W/TC11

22-06-2024T11:32:45 - [TEST_STEP][PASSED] - openBrowser(""): Browser is opened with url: ''

22-06-2024T11:32:45 - [MESSAGE][INFO] - Starting 'Chrome' driver

22-06-2024T11:32:45 - [MESSAGE][INFO] - Action delay is set to 0 milliseconds

22-06-2024T11:32:46 - [MESSAGE][PASSED] - Browser is opened with url: ''

22-06-2024T11:32:46 - [TEST_STEP][PASSED] - closeBrowser(): Browser is closed

22-06-2024T11:32:46 - [MESSAGE][PASSED] - Browser is closed]]></system-out>
         <system-err><![CDATA[]]></system-err>
      </testcase>
      <system-out><![CDATA[22-06-2024T11:32:41 - [TEST_SUITE][PASSED] - TS5: Test Cases/TCs_W/TC11]]></system-out>
      <system-err><![CDATA[]]></system-err>
   </testsuite>
</testsuites>
