<?xml version="1.0" encoding="UTF-8"?>
<testsuites name="TSAll" time="45.455" tests="33" failures="0" errors="0">
   <testsuite name="TSAll" tests="33" failures="0" errors="0" time="45.455" skipped="0" timestamp="22-06-2024T09:52:36" hostname="anhtran - 192.168.102.5" id="Test Suites/TSF/TSAll">
      <properties>
         <property name="deviceName" value=""/>
         <property name="devicePlatform"/>
         <property name="logFolder" value="/Users/anhtran/git/KatlProj/Reports/20240622_095233/TSF/TSAll/20240622_095234"/>
         <property name="logFiles" value="/Users/anhtran/git/KatlProj/Reports/20240622_095233/TSF/TSAll/20240622_095234/execution0.log"/>
         <property name="attachments" value="keyes/keyes-current_viewport 1.png, keyes/keyes-current_viewport 2.png, keyes/keyes-current_viewport 3.png, keyes/keyes-current_viewport 4.png, keyes/keyes-current_viewport 5.png, keyes/keyes-current_viewport 6.png, keyes/keyes-current_viewport 7.png, keyes/keyes-current_viewport 8.png, keyes/keyes-current_viewport9.png, keyes/keyes-current_viewport 10.png, keyes/keyes-current_viewport11.png, keyes/keyes-current_viewport12.png, keyes/keyes-current_viewport13.png, keyes/keyes-current_viewport14.png, keyes/keyes-current_viewport15.png, keyes/keyes-current_viewport16.png, keyes/keyes-current_viewport17.png, keyes/keyes-current_viewport16.png"/>
         <property name="hostName" value="anhtran - 192.168.102.5"/>
         <property name="os" value="Mac OS X 64bit"/>
         <property name="katalonVersion" value="9.5.0.217"/>
         <property name="browser" value="Chrome 126.0.0.0"/>
         <property name="hostAddress" value="192.168.102.5"/>
         <property name="sessionId" value="47843856500a655f009a9a64ea1c6a12"/>
         <property name="seleniumVersion" value="3.141.59"/>
         <property name="proxyInformation" value="ProxyInformation { proxyOption=NO_PROXY, proxyServerType=HTTP, username=, password=********, proxyServerAddress=, proxyServerPort=0, executionList=&quot;&quot;, isApplyToDesiredCapabilities=true }"/>
         <property name="platform" value="Mac OS X"/>
      </properties>
      <testcase name="Test Cases/TCs_W/request" time="0.71" classname="Test Cases/TCs_W/request" status="PASSED">
         <system-out><![CDATA[22-06-2024T09:52:36 - [TEST_CASE][PASSED] - Test Cases/TCs_W/request: Test Cases/TCs_W/request

22-06-2024T09:52:36 - [TEST_STEP][PASSED] - sendRequest(findTestObject("New Request")): Send request successfully

22-06-2024T09:52:36 - [MESSAGE][INFO] - HAR: /Users/anhtran/git/KatlProj/Reports/20240622_095233/TSF/TSAll/20240622_095234/requests/main/0.har

22-06-2024T09:52:36 - [MESSAGE][PASSED] - Send request successfully]]></system-out>
         <system-err><![CDATA[]]></system-err>
      </testcase>
      <testcase name="Test Cases/TCs_W/TC21" time="2.389" classname="Test Cases/TCs_W/TC21" status="PASSED">
         <system-out><![CDATA[22-06-2024T09:52:36 - [TEST_CASE][PASSED] - Test Cases/TCs_W/TC21: Test Cases/TCs_W/TC21

22-06-2024T09:52:36 - [TEST_STEP][PASSED] - openBrowser(""): Browser is opened with url: ''

22-06-2024T09:52:36 - [MESSAGE][INFO] - Starting 'Chrome' driver

22-06-2024T09:52:36 - [MESSAGE][INFO] - Action delay is set to 0 milliseconds

22-06-2024T09:52:39 - [MESSAGE][PASSED] - Browser is opened with url: ''

22-06-2024T09:52:39 - [TEST_STEP][PASSED] - closeBrowser(): Browser is closed

22-06-2024T09:52:39 - [MESSAGE][PASSED] - Browser is closed]]></system-out>
         <system-err><![CDATA[]]></system-err>
      </testcase>
      <testcase name="Test Cases/TCs_W/TC15" time="0.844" classname="Test Cases/TCs_W/TC15" status="PASSED">
         <system-out><![CDATA[22-06-2024T09:52:39 - [TEST_CASE][PASSED] - Test Cases/TCs_W/TC15: Test Cases/TCs_W/TC15

22-06-2024T09:52:39 - [TEST_STEP][PASSED] - openBrowser(""): Browser is opened with url: ''

22-06-2024T09:52:39 - [MESSAGE][INFO] - Starting 'Chrome' driver

22-06-2024T09:52:39 - [MESSAGE][INFO] - Action delay is set to 0 milliseconds

22-06-2024T09:52:40 - [MESSAGE][PASSED] - Browser is opened with url: ''

22-06-2024T09:52:40 - [TEST_STEP][PASSED] - closeBrowser(): Browser is closed

22-06-2024T09:52:40 - [MESSAGE][PASSED] - Browser is closed]]></system-out>
         <system-err><![CDATA[]]></system-err>
      </testcase>
      <testcase name="Test Cases/TCs_W/TC_O" time="3.356" classname="Test Cases/TCs_W/TC_O" status="PASSED">
         <system-out><![CDATA[22-06-2024T09:52:40 - [TEST_CASE][PASSED] - Test Cases/TCs_W/TC_O: Test Cases/TCs_W/TC_O

22-06-2024T09:52:40 - [TEST_STEP][PASSED] - openBrowser(""): Browser is opened with url: ''

22-06-2024T09:52:40 - [MESSAGE][INFO] - Starting 'Chrome' driver

22-06-2024T09:52:40 - [MESSAGE][INFO] - Action delay is set to 0 milliseconds

22-06-2024T09:52:40 - [MESSAGE][PASSED] - Browser is opened with url: ''

22-06-2024T09:52:40 - [TEST_STEP][PASSED] - navigateToUrl("https://katalon-demo-cura.herokuapp.com/"): Navigate to 'https://katalon-demo-cura.herokuapp.com/' successfully

22-06-2024T09:52:43 - [MESSAGE][PASSED] - Navigate to 'https://katalon-demo-cura.herokuapp.com/' successfully

22-06-2024T09:52:43 - [TEST_STEP][PASSED] - closeBrowser(): Browser is closed

22-06-2024T09:52:43 - [MESSAGE][PASSED] - Browser is closed]]></system-out>
         <system-err><![CDATA[]]></system-err>
      </testcase>
      <testcase name="Test Cases/TCs_W/TC8" time="0.719" classname="Test Cases/TCs_W/TC8" status="PASSED">
         <system-out><![CDATA[22-06-2024T09:52:43 - [TEST_CASE][PASSED] - Test Cases/TCs_W/TC8: Test Cases/TCs_W/TC8

22-06-2024T09:52:43 - [TEST_STEP][PASSED] - openBrowser(""): Browser is opened with url: ''

22-06-2024T09:52:43 - [MESSAGE][INFO] - Starting 'Chrome' driver

22-06-2024T09:52:43 - [MESSAGE][INFO] - Action delay is set to 0 milliseconds

22-06-2024T09:52:44 - [MESSAGE][PASSED] - Browser is opened with url: ''

22-06-2024T09:52:44 - [TEST_STEP][PASSED] - closeBrowser(): Browser is closed

22-06-2024T09:52:44 - [MESSAGE][PASSED] - Browser is closed]]></system-out>
         <system-err><![CDATA[]]></system-err>
      </testcase>
      <testcase name="Test Cases/TCs_W/TC11" time="0.685" classname="Test Cases/TCs_W/TC11" status="PASSED">
         <system-out><![CDATA[22-06-2024T09:52:44 - [TEST_CASE][PASSED] - Test Cases/TCs_W/TC11: Test Cases/TCs_W/TC11

22-06-2024T09:52:44 - [TEST_STEP][PASSED] - openBrowser(""): Browser is opened with url: ''

22-06-2024T09:52:44 - [MESSAGE][INFO] - Starting 'Chrome' driver

22-06-2024T09:52:44 - [MESSAGE][INFO] - Action delay is set to 0 milliseconds

22-06-2024T09:52:44 - [MESSAGE][PASSED] - Browser is opened with url: ''

22-06-2024T09:52:44 - [TEST_STEP][PASSED] - closeBrowser(): Browser is closed

22-06-2024T09:52:44 - [MESSAGE][PASSED] - Browser is closed]]></system-out>
         <system-err><![CDATA[]]></system-err>
      </testcase>
      <testcase name="Test Cases/TCs_W/TC25" time="0.665" classname="Test Cases/TCs_W/TC25" status="PASSED">
         <system-out><![CDATA[22-06-2024T09:52:44 - [TEST_CASE][PASSED] - Test Cases/TCs_W/TC25: Test Cases/TCs_W/TC25

22-06-2024T09:52:44 - [TEST_STEP][PASSED] - openBrowser(""): Browser is opened with url: ''

22-06-2024T09:52:44 - [MESSAGE][INFO] - Starting 'Chrome' driver

22-06-2024T09:52:44 - [MESSAGE][INFO] - Action delay is set to 0 milliseconds

22-06-2024T09:52:45 - [MESSAGE][PASSED] - Browser is opened with url: ''

22-06-2024T09:52:45 - [TEST_STEP][PASSED] - closeBrowser(): Browser is closed

22-06-2024T09:52:45 - [MESSAGE][PASSED] - Browser is closed]]></system-out>
         <system-err><![CDATA[]]></system-err>
      </testcase>
      <testcase name="Test Cases/TCs_W/TC9" time="0.661" classname="Test Cases/TCs_W/TC9" status="PASSED">
         <system-out><![CDATA[22-06-2024T09:52:45 - [TEST_CASE][PASSED] - Test Cases/TCs_W/TC9: Test Cases/TCs_W/TC9

22-06-2024T09:52:45 - [TEST_STEP][PASSED] - openBrowser(""): Browser is opened with url: ''

22-06-2024T09:52:45 - [MESSAGE][INFO] - Starting 'Chrome' driver

22-06-2024T09:52:45 - [MESSAGE][INFO] - Action delay is set to 0 milliseconds

22-06-2024T09:52:46 - [MESSAGE][PASSED] - Browser is opened with url: ''

22-06-2024T09:52:46 - [TEST_STEP][PASSED] - closeBrowser(): Browser is closed

22-06-2024T09:52:46 - [MESSAGE][PASSED] - Browser is closed]]></system-out>
         <system-err><![CDATA[]]></system-err>
      </testcase>
      <testcase name="Test Cases/TCs_W/TC10" time="0.667" classname="Test Cases/TCs_W/TC10" status="PASSED">
         <system-out><![CDATA[22-06-2024T09:52:46 - [TEST_CASE][PASSED] - Test Cases/TCs_W/TC10: Test Cases/TCs_W/TC10

22-06-2024T09:52:46 - [TEST_STEP][PASSED] - openBrowser(""): Browser is opened with url: ''

22-06-2024T09:52:46 - [MESSAGE][INFO] - Starting 'Chrome' driver

22-06-2024T09:52:46 - [MESSAGE][INFO] - Action delay is set to 0 milliseconds

22-06-2024T09:52:46 - [MESSAGE][PASSED] - Browser is opened with url: ''

22-06-2024T09:52:46 - [TEST_STEP][PASSED] - closeBrowser(): Browser is closed

22-06-2024T09:52:46 - [MESSAGE][PASSED] - Browser is closed]]></system-out>
         <system-err><![CDATA[]]></system-err>
      </testcase>
      <testcase name="Test Cases/TCs_W/TC24" time="0.667" classname="Test Cases/TCs_W/TC24" status="PASSED">
         <system-out><![CDATA[22-06-2024T09:52:46 - [TEST_CASE][PASSED] - Test Cases/TCs_W/TC24: Test Cases/TCs_W/TC24

22-06-2024T09:52:46 - [TEST_STEP][PASSED] - openBrowser(""): Browser is opened with url: ''

22-06-2024T09:52:46 - [MESSAGE][INFO] - Starting 'Chrome' driver

22-06-2024T09:52:46 - [MESSAGE][INFO] - Action delay is set to 0 milliseconds

22-06-2024T09:52:47 - [MESSAGE][PASSED] - Browser is opened with url: ''

22-06-2024T09:52:47 - [TEST_STEP][PASSED] - closeBrowser(): Browser is closed

22-06-2024T09:52:47 - [MESSAGE][PASSED] - Browser is closed]]></system-out>
         <system-err><![CDATA[]]></system-err>
      </testcase>
      <testcase name="Test Cases/TCs_W/TC30" time="0.679" classname="Test Cases/TCs_W/TC30" status="PASSED">
         <system-out><![CDATA[22-06-2024T09:52:47 - [TEST_CASE][PASSED] - Test Cases/TCs_W/TC30: Test Cases/TCs_W/TC30

22-06-2024T09:52:47 - [TEST_STEP][PASSED] - openBrowser(""): Browser is opened with url: ''

22-06-2024T09:52:47 - [MESSAGE][INFO] - Starting 'Chrome' driver

22-06-2024T09:52:47 - [MESSAGE][INFO] - Action delay is set to 0 milliseconds

22-06-2024T09:52:48 - [MESSAGE][PASSED] - Browser is opened with url: ''

22-06-2024T09:52:48 - [TEST_STEP][PASSED] - closeBrowser(): Browser is closed

22-06-2024T09:52:48 - [MESSAGE][PASSED] - Browser is closed]]></system-out>
         <system-err><![CDATA[]]></system-err>
      </testcase>
      <testcase name="Test Cases/TCs_W/TC20" time="0.682" classname="Test Cases/TCs_W/TC20" status="PASSED">
         <system-out><![CDATA[22-06-2024T09:52:48 - [TEST_CASE][PASSED] - Test Cases/TCs_W/TC20: Test Cases/TCs_W/TC20

22-06-2024T09:52:48 - [TEST_STEP][PASSED] - openBrowser(""): Browser is opened with url: ''

22-06-2024T09:52:48 - [MESSAGE][INFO] - Starting 'Chrome' driver

22-06-2024T09:52:48 - [MESSAGE][INFO] - Action delay is set to 0 milliseconds

22-06-2024T09:52:48 - [MESSAGE][PASSED] - Browser is opened with url: ''

22-06-2024T09:52:48 - [TEST_STEP][PASSED] - closeBrowser(): Browser is closed

22-06-2024T09:52:48 - [MESSAGE][PASSED] - Browser is closed]]></system-out>
         <system-err><![CDATA[]]></system-err>
      </testcase>
      <testcase name="Test Cases/TCs_W/TC14" time="0.696" classname="Test Cases/TCs_W/TC14" status="PASSED">
         <system-out><![CDATA[22-06-2024T09:52:48 - [TEST_CASE][PASSED] - Test Cases/TCs_W/TC14: Test Cases/TCs_W/TC14

22-06-2024T09:52:48 - [TEST_STEP][PASSED] - openBrowser(""): Browser is opened with url: ''

22-06-2024T09:52:48 - [MESSAGE][INFO] - Starting 'Chrome' driver

22-06-2024T09:52:48 - [MESSAGE][INFO] - Action delay is set to 0 milliseconds

22-06-2024T09:52:49 - [MESSAGE][PASSED] - Browser is opened with url: ''

22-06-2024T09:52:49 - [TEST_STEP][PASSED] - closeBrowser(): Browser is closed

22-06-2024T09:52:49 - [MESSAGE][PASSED] - Browser is closed]]></system-out>
         <system-err><![CDATA[]]></system-err>
      </testcase>
      <testcase name="Test Cases/TCs_W/checkpoint" time="18.448" classname="Test Cases/TCs_W/checkpoint" status="PASSED">
         <system-out><![CDATA[22-06-2024T09:52:49 - [TEST_CASE][PASSED] - Test Cases/TCs_W/checkpoint: Test Cases/TCs_W/checkpoint

22-06-2024T09:52:49 - [TEST_STEP][PASSED] - openBrowser(""): Browser is opened with url: ''

22-06-2024T09:52:49 - [MESSAGE][INFO] - Starting 'Chrome' driver

22-06-2024T09:52:49 - [MESSAGE][INFO] - Action delay is set to 0 milliseconds

22-06-2024T09:52:50 - [MESSAGE][PASSED] - Browser is opened with url: ''

22-06-2024T09:52:50 - [TEST_STEP][PASSED] - navigateToUrl("https://academy.katalon.com/"): Navigate to 'https://academy.katalon.com/' successfully

22-06-2024T09:52:55 - [MESSAGE][PASSED] - Navigate to 'https://academy.katalon.com/' successfully

22-06-2024T09:52:55 - [TEST_STEP][PASSED] - takeScreenshotAsCheckpoint("current_viewport 1"): Taking screenshot successfully

22-06-2024T09:52:57 - [MESSAGE][INFO] - 0 hidden object(s)

22-06-2024T09:52:57 - [MESSAGE][PASSED] - Taking screenshot successfully
[[ATTACHMENT|keyes/keyes-current_viewport 1.png]]

22-06-2024T09:52:57 - [TEST_STEP][PASSED] - takeScreenshotAsCheckpoint("current_viewport 2 "): Taking screenshot successfully

22-06-2024T09:52:57 - [MESSAGE][INFO] - 0 hidden object(s)

22-06-2024T09:52:58 - [MESSAGE][PASSED] - Taking screenshot successfully
[[ATTACHMENT|keyes/keyes-current_viewport 2.png]]

22-06-2024T09:52:58 - [TEST_STEP][PASSED] - takeScreenshotAsCheckpoint("current_viewport 3"): Taking screenshot successfully

22-06-2024T09:52:58 - [MESSAGE][INFO] - 0 hidden object(s)

22-06-2024T09:52:58 - [MESSAGE][PASSED] - Taking screenshot successfully
[[ATTACHMENT|keyes/keyes-current_viewport 3.png]]

22-06-2024T09:52:58 - [TEST_STEP][PASSED] - takeScreenshotAsCheckpoint("current_viewport 4"): Taking screenshot successfully

22-06-2024T09:52:59 - [MESSAGE][INFO] - 0 hidden object(s)

22-06-2024T09:52:59 - [MESSAGE][PASSED] - Taking screenshot successfully
[[ATTACHMENT|keyes/keyes-current_viewport 4.png]]

22-06-2024T09:52:59 - [TEST_STEP][PASSED] - takeScreenshotAsCheckpoint("current_viewport 5"): Taking screenshot successfully

22-06-2024T09:52:59 - [MESSAGE][INFO] - 0 hidden object(s)

22-06-2024T09:52:59 - [MESSAGE][PASSED] - Taking screenshot successfully
[[ATTACHMENT|keyes/keyes-current_viewport 5.png]]

22-06-2024T09:52:59 - [TEST_STEP][PASSED] - takeScreenshotAsCheckpoint("current_viewport 6"): Taking screenshot successfully

22-06-2024T09:53:00 - [MESSAGE][INFO] - 0 hidden object(s)

22-06-2024T09:53:00 - [MESSAGE][PASSED] - Taking screenshot successfully
[[ATTACHMENT|keyes/keyes-current_viewport 6.png]]

22-06-2024T09:53:00 - [TEST_STEP][PASSED] - takeScreenshotAsCheckpoint("current_viewport 7"): Taking screenshot successfully

22-06-2024T09:53:01 - [MESSAGE][INFO] - 0 hidden object(s)

22-06-2024T09:53:01 - [MESSAGE][PASSED] - Taking screenshot successfully
[[ATTACHMENT|keyes/keyes-current_viewport 7.png]]

22-06-2024T09:53:01 - [TEST_STEP][PASSED] - takeScreenshotAsCheckpoint("current_viewport 8 "): Taking screenshot successfully

22-06-2024T09:53:01 - [MESSAGE][INFO] - 0 hidden object(s)

22-06-2024T09:53:01 - [MESSAGE][PASSED] - Taking screenshot successfully
[[ATTACHMENT|keyes/keyes-current_viewport 8.png]]

22-06-2024T09:53:01 - [TEST_STEP][PASSED] - takeScreenshotAsCheckpoint("current_viewport9"): Taking screenshot successfully

22-06-2024T09:53:02 - [MESSAGE][INFO] - 0 hidden object(s)

22-06-2024T09:53:02 - [MESSAGE][PASSED] - Taking screenshot successfully
[[ATTACHMENT|keyes/keyes-current_viewport9.png]]

22-06-2024T09:53:02 - [TEST_STEP][PASSED] - takeScreenshotAsCheckpoint("current_viewport 10"): Taking screenshot successfully

22-06-2024T09:53:02 - [MESSAGE][INFO] - 0 hidden object(s)

22-06-2024T09:53:03 - [MESSAGE][PASSED] - Taking screenshot successfully
[[ATTACHMENT|keyes/keyes-current_viewport 10.png]]

22-06-2024T09:53:03 - [TEST_STEP][PASSED] - takeScreenshotAsCheckpoint("current_viewport11"): Taking screenshot successfully

22-06-2024T09:53:03 - [MESSAGE][INFO] - 0 hidden object(s)

22-06-2024T09:53:03 - [MESSAGE][PASSED] - Taking screenshot successfully
[[ATTACHMENT|keyes/keyes-current_viewport11.png]]

22-06-2024T09:53:03 - [TEST_STEP][PASSED] - takeScreenshotAsCheckpoint("current_viewport12"): Taking screenshot successfully

22-06-2024T09:53:04 - [MESSAGE][INFO] - 0 hidden object(s)

22-06-2024T09:53:04 - [MESSAGE][PASSED] - Taking screenshot successfully
[[ATTACHMENT|keyes/keyes-current_viewport12.png]]

22-06-2024T09:53:04 - [TEST_STEP][PASSED] - takeScreenshotAsCheckpoint("current_viewport13"): Taking screenshot successfully

22-06-2024T09:53:04 - [MESSAGE][INFO] - 0 hidden object(s)

22-06-2024T09:53:04 - [MESSAGE][PASSED] - Taking screenshot successfully
[[ATTACHMENT|keyes/keyes-current_viewport13.png]]

22-06-2024T09:53:04 - [TEST_STEP][PASSED] - takeScreenshotAsCheckpoint("current_viewport14"): Taking screenshot successfully

22-06-2024T09:53:05 - [MESSAGE][INFO] - 0 hidden object(s)

22-06-2024T09:53:05 - [MESSAGE][PASSED] - Taking screenshot successfully
[[ATTACHMENT|keyes/keyes-current_viewport14.png]]

22-06-2024T09:53:05 - [TEST_STEP][PASSED] - takeScreenshotAsCheckpoint("current_viewport15"): Taking screenshot successfully

22-06-2024T09:53:05 - [MESSAGE][INFO] - 0 hidden object(s)

22-06-2024T09:53:06 - [MESSAGE][PASSED] - Taking screenshot successfully
[[ATTACHMENT|keyes/keyes-current_viewport15.png]]

22-06-2024T09:53:06 - [TEST_STEP][PASSED] - takeScreenshotAsCheckpoint("current_viewport16"): Taking screenshot successfully

22-06-2024T09:53:06 - [MESSAGE][INFO] - 0 hidden object(s)

22-06-2024T09:53:06 - [MESSAGE][PASSED] - Taking screenshot successfully
[[ATTACHMENT|keyes/keyes-current_viewport16.png]]

22-06-2024T09:53:06 - [TEST_STEP][PASSED] - takeScreenshotAsCheckpoint("current_viewport17"): Taking screenshot successfully

22-06-2024T09:53:07 - [MESSAGE][INFO] - 0 hidden object(s)

22-06-2024T09:53:07 - [MESSAGE][PASSED] - Taking screenshot successfully
[[ATTACHMENT|keyes/keyes-current_viewport17.png]]

22-06-2024T09:53:07 - [TEST_STEP][PASSED] - takeScreenshotAsCheckpoint("current_viewport16"): Taking screenshot successfully

22-06-2024T09:53:07 - [MESSAGE][INFO] - 0 hidden object(s)

22-06-2024T09:53:07 - [MESSAGE][PASSED] - Taking screenshot successfully
[[ATTACHMENT|keyes/keyes-current_viewport16.png]]

22-06-2024T09:53:07 - [TEST_STEP][PASSED] - closeBrowser(): Browser is closed

22-06-2024T09:53:08 - [MESSAGE][PASSED] - Browser is closed]]></system-out>
         <system-err><![CDATA[]]></system-err>
      </testcase>
      <testcase name="Test Cases/TCs_W/TC6" time="0.764" classname="Test Cases/TCs_W/TC6" status="PASSED">
         <system-out><![CDATA[22-06-2024T09:53:08 - [TEST_CASE][PASSED] - Test Cases/TCs_W/TC6: Test Cases/TCs_W/TC6

22-06-2024T09:53:08 - [TEST_STEP][PASSED] - openBrowser(""): Browser is opened with url: ''

22-06-2024T09:53:08 - [MESSAGE][INFO] - Starting 'Chrome' driver

22-06-2024T09:53:08 - [MESSAGE][INFO] - Action delay is set to 0 milliseconds

22-06-2024T09:53:08 - [MESSAGE][PASSED] - Browser is opened with url: ''

22-06-2024T09:53:08 - [TEST_STEP][PASSED] - closeBrowser(): Browser is closed

22-06-2024T09:53:08 - [MESSAGE][PASSED] - Browser is closed]]></system-out>
         <system-err><![CDATA[]]></system-err>
      </testcase>
      <testcase name="Test Cases/TCs_W/TC2" time="0.903" classname="Test Cases/TCs_W/TC2" status="PASSED">
         <system-out><![CDATA[22-06-2024T09:53:08 - [TEST_CASE][PASSED] - Test Cases/TCs_W/TC2: Test Cases/TCs_W/TC2

22-06-2024T09:53:08 - [TEST_STEP][PASSED] - openBrowser(""): Browser is opened with url: ''

22-06-2024T09:53:08 - [MESSAGE][INFO] - Starting 'Chrome' driver

22-06-2024T09:53:08 - [MESSAGE][INFO] - Action delay is set to 0 milliseconds

22-06-2024T09:53:09 - [MESSAGE][PASSED] - Browser is opened with url: ''

22-06-2024T09:53:09 - [TEST_STEP][PASSED] - closeBrowser(): Browser is closed

22-06-2024T09:53:09 - [MESSAGE][PASSED] - Browser is closed]]></system-out>
         <system-err><![CDATA[]]></system-err>
      </testcase>
      <testcase name="Test Cases/TCs_W/TC3" time="0.76" classname="Test Cases/TCs_W/TC3" status="PASSED">
         <system-out><![CDATA[22-06-2024T09:53:09 - [TEST_CASE][PASSED] - Test Cases/TCs_W/TC3: Test Cases/TCs_W/TC3

22-06-2024T09:53:09 - [TEST_STEP][PASSED] - openBrowser(""): Browser is opened with url: ''

22-06-2024T09:53:09 - [MESSAGE][INFO] - Starting 'Chrome' driver

22-06-2024T09:53:09 - [MESSAGE][INFO] - Action delay is set to 0 milliseconds

22-06-2024T09:53:10 - [MESSAGE][PASSED] - Browser is opened with url: ''

22-06-2024T09:53:10 - [TEST_STEP][PASSED] - closeBrowser(): Browser is closed

22-06-2024T09:53:10 - [MESSAGE][PASSED] - Browser is closed]]></system-out>
         <system-err><![CDATA[]]></system-err>
      </testcase>
      <testcase name="Test Cases/TCs_W/TC7" time="0.695" classname="Test Cases/TCs_W/TC7" status="PASSED">
         <system-out><![CDATA[22-06-2024T09:53:10 - [TEST_CASE][PASSED] - Test Cases/TCs_W/TC7: Test Cases/TCs_W/TC7

22-06-2024T09:53:10 - [TEST_STEP][PASSED] - openBrowser(""): Browser is opened with url: ''

22-06-2024T09:53:10 - [MESSAGE][INFO] - Starting 'Chrome' driver

22-06-2024T09:53:10 - [MESSAGE][INFO] - Action delay is set to 0 milliseconds

22-06-2024T09:53:11 - [MESSAGE][PASSED] - Browser is opened with url: ''

22-06-2024T09:53:11 - [TEST_STEP][PASSED] - closeBrowser(): Browser is closed

22-06-2024T09:53:11 - [MESSAGE][PASSED] - Browser is closed]]></system-out>
         <system-err><![CDATA[]]></system-err>
      </testcase>
      <testcase name="Test Cases/TCs_W/TC19" time="0.766" classname="Test Cases/TCs_W/TC19" status="PASSED">
         <system-out><![CDATA[22-06-2024T09:53:11 - [TEST_CASE][PASSED] - Test Cases/TCs_W/TC19: Test Cases/TCs_W/TC19

22-06-2024T09:53:11 - [TEST_STEP][PASSED] - openBrowser(""): Browser is opened with url: ''

22-06-2024T09:53:11 - [MESSAGE][INFO] - Starting 'Chrome' driver

22-06-2024T09:53:11 - [MESSAGE][INFO] - Action delay is set to 0 milliseconds

22-06-2024T09:53:11 - [MESSAGE][PASSED] - Browser is opened with url: ''

22-06-2024T09:53:11 - [TEST_STEP][PASSED] - closeBrowser(): Browser is closed

22-06-2024T09:53:11 - [MESSAGE][PASSED] - Browser is closed]]></system-out>
         <system-err><![CDATA[]]></system-err>
      </testcase>
      <testcase name="Test Cases/TCs_W/TC29" time="0.706" classname="Test Cases/TCs_W/TC29" status="PASSED">
         <system-out><![CDATA[22-06-2024T09:53:11 - [TEST_CASE][PASSED] - Test Cases/TCs_W/TC29: Test Cases/TCs_W/TC29

22-06-2024T09:53:11 - [TEST_STEP][PASSED] - openBrowser(""): Browser is opened with url: ''

22-06-2024T09:53:11 - [MESSAGE][INFO] - Starting 'Chrome' driver

22-06-2024T09:53:11 - [MESSAGE][INFO] - Action delay is set to 0 milliseconds

22-06-2024T09:53:12 - [MESSAGE][PASSED] - Browser is opened with url: ''

22-06-2024T09:53:12 - [TEST_STEP][PASSED] - closeBrowser(): Browser is closed

22-06-2024T09:53:12 - [MESSAGE][PASSED] - Browser is closed]]></system-out>
         <system-err><![CDATA[]]></system-err>
      </testcase>
      <testcase name="Test Cases/TCs_W/TC4" time="0.66" classname="Test Cases/TCs_W/TC4" status="PASSED">
         <system-out><![CDATA[22-06-2024T09:53:12 - [TEST_CASE][PASSED] - Test Cases/TCs_W/TC4: Test Cases/TCs_W/TC4

22-06-2024T09:53:12 - [TEST_STEP][PASSED] - openBrowser(""): Browser is opened with url: ''

22-06-2024T09:53:12 - [MESSAGE][INFO] - Starting 'Chrome' driver

22-06-2024T09:53:12 - [MESSAGE][INFO] - Action delay is set to 0 milliseconds

22-06-2024T09:53:13 - [MESSAGE][PASSED] - Browser is opened with url: ''

22-06-2024T09:53:13 - [TEST_STEP][PASSED] - closeBrowser(): Browser is closed

22-06-2024T09:53:13 - [MESSAGE][PASSED] - Browser is closed]]></system-out>
         <system-err><![CDATA[]]></system-err>
      </testcase>
      <testcase name="Test Cases/TCs_W/TC28" time="0.679" classname="Test Cases/TCs_W/TC28" status="PASSED">
         <system-out><![CDATA[22-06-2024T09:53:13 - [TEST_CASE][PASSED] - Test Cases/TCs_W/TC28: Test Cases/TCs_W/TC28

22-06-2024T09:53:13 - [TEST_STEP][PASSED] - openBrowser(""): Browser is opened with url: ''

22-06-2024T09:53:13 - [MESSAGE][INFO] - Starting 'Chrome' driver

22-06-2024T09:53:13 - [MESSAGE][INFO] - Action delay is set to 0 milliseconds

22-06-2024T09:53:13 - [MESSAGE][PASSED] - Browser is opened with url: ''

22-06-2024T09:53:13 - [TEST_STEP][PASSED] - closeBrowser(): Browser is closed

22-06-2024T09:53:14 - [MESSAGE][PASSED] - Browser is closed]]></system-out>
         <system-err><![CDATA[]]></system-err>
      </testcase>
      <testcase name="Test Cases/TCs_W/TC5" time="0.667" classname="Test Cases/TCs_W/TC5" status="PASSED">
         <system-out><![CDATA[22-06-2024T09:53:14 - [TEST_CASE][PASSED] - Test Cases/TCs_W/TC5: Test Cases/TCs_W/TC5

22-06-2024T09:53:14 - [TEST_STEP][PASSED] - openBrowser(""): Browser is opened with url: ''

22-06-2024T09:53:14 - [MESSAGE][INFO] - Starting 'Chrome' driver

22-06-2024T09:53:14 - [MESSAGE][INFO] - Action delay is set to 0 milliseconds

22-06-2024T09:53:14 - [MESSAGE][PASSED] - Browser is opened with url: ''

22-06-2024T09:53:14 - [TEST_STEP][PASSED] - closeBrowser(): Browser is closed

22-06-2024T09:53:14 - [MESSAGE][PASSED] - Browser is closed]]></system-out>
         <system-err><![CDATA[]]></system-err>
      </testcase>
      <testcase name="Test Cases/TCs_W/TC18" time="0.66" classname="Test Cases/TCs_W/TC18" status="PASSED">
         <system-out><![CDATA[22-06-2024T09:53:14 - [TEST_CASE][PASSED] - Test Cases/TCs_W/TC18: Test Cases/TCs_W/TC18

22-06-2024T09:53:14 - [TEST_STEP][PASSED] - openBrowser(""): Browser is opened with url: ''

22-06-2024T09:53:14 - [MESSAGE][INFO] - Starting 'Chrome' driver

22-06-2024T09:53:14 - [MESSAGE][INFO] - Action delay is set to 0 milliseconds

22-06-2024T09:53:15 - [MESSAGE][PASSED] - Browser is opened with url: ''

22-06-2024T09:53:15 - [TEST_STEP][PASSED] - closeBrowser(): Browser is closed

22-06-2024T09:53:15 - [MESSAGE][PASSED] - Browser is closed]]></system-out>
         <system-err><![CDATA[]]></system-err>
      </testcase>
      <testcase name="Test Cases/TCs_W/TC1" time="0.669" classname="Test Cases/TCs_W/TC1" status="PASSED">
         <system-out><![CDATA[22-06-2024T09:53:15 - [TEST_CASE][PASSED] - Test Cases/TCs_W/TC1: Test Cases/TCs_W/TC1

22-06-2024T09:53:15 - [TEST_STEP][PASSED] - openBrowser(""): Browser is opened with url: ''

22-06-2024T09:53:15 - [MESSAGE][INFO] - Starting 'Chrome' driver

22-06-2024T09:53:15 - [MESSAGE][INFO] - Action delay is set to 0 milliseconds

22-06-2024T09:53:15 - [MESSAGE][PASSED] - Browser is opened with url: ''

22-06-2024T09:53:15 - [TEST_STEP][PASSED] - closeBrowser(): Browser is closed

22-06-2024T09:53:16 - [MESSAGE][PASSED] - Browser is closed]]></system-out>
         <system-err><![CDATA[]]></system-err>
      </testcase>
      <testcase name="Test Cases/TCs_W/TC13" time="0.732" classname="Test Cases/TCs_W/TC13" status="PASSED">
         <system-out><![CDATA[22-06-2024T09:53:16 - [TEST_CASE][PASSED] - Test Cases/TCs_W/TC13: Test Cases/TCs_W/TC13

22-06-2024T09:53:16 - [TEST_STEP][PASSED] - openBrowser(""): Browser is opened with url: ''

22-06-2024T09:53:16 - [MESSAGE][INFO] - Starting 'Chrome' driver

22-06-2024T09:53:16 - [MESSAGE][INFO] - Action delay is set to 0 milliseconds

22-06-2024T09:53:16 - [MESSAGE][PASSED] - Browser is opened with url: ''

22-06-2024T09:53:16 - [TEST_STEP][PASSED] - closeBrowser(): Browser is closed

22-06-2024T09:53:16 - [MESSAGE][PASSED] - Browser is closed]]></system-out>
         <system-err><![CDATA[]]></system-err>
      </testcase>
      <testcase name="Test Cases/TCs_W/TC27" time="0.691" classname="Test Cases/TCs_W/TC27" status="PASSED">
         <system-out><![CDATA[22-06-2024T09:53:16 - [TEST_CASE][PASSED] - Test Cases/TCs_W/TC27: Test Cases/TCs_W/TC27

22-06-2024T09:53:16 - [TEST_STEP][PASSED] - openBrowser(""): Browser is opened with url: ''

22-06-2024T09:53:16 - [MESSAGE][INFO] - Starting 'Chrome' driver

22-06-2024T09:53:16 - [MESSAGE][INFO] - Action delay is set to 0 milliseconds

22-06-2024T09:53:17 - [MESSAGE][PASSED] - Browser is opened with url: ''

22-06-2024T09:53:17 - [TEST_STEP][PASSED] - closeBrowser(): Browser is closed

22-06-2024T09:53:17 - [MESSAGE][PASSED] - Browser is closed]]></system-out>
         <system-err><![CDATA[]]></system-err>
      </testcase>
      <testcase name="Test Cases/TCs_W/TC23" time="0.656" classname="Test Cases/TCs_W/TC23" status="PASSED">
         <system-out><![CDATA[22-06-2024T09:53:17 - [TEST_CASE][PASSED] - Test Cases/TCs_W/TC23: Test Cases/TCs_W/TC23

22-06-2024T09:53:17 - [TEST_STEP][PASSED] - openBrowser(""): Browser is opened with url: ''

22-06-2024T09:53:17 - [MESSAGE][INFO] - Starting 'Chrome' driver

22-06-2024T09:53:17 - [MESSAGE][INFO] - Action delay is set to 0 milliseconds

22-06-2024T09:53:18 - [MESSAGE][PASSED] - Browser is opened with url: ''

22-06-2024T09:53:18 - [TEST_STEP][PASSED] - closeBrowser(): Browser is closed

22-06-2024T09:53:18 - [MESSAGE][PASSED] - Browser is closed]]></system-out>
         <system-err><![CDATA[]]></system-err>
      </testcase>
      <testcase name="Test Cases/TCs_W/TC17" time="0.68" classname="Test Cases/TCs_W/TC17" status="PASSED">
         <system-out><![CDATA[22-06-2024T09:53:18 - [TEST_CASE][PASSED] - Test Cases/TCs_W/TC17: Test Cases/TCs_W/TC17

22-06-2024T09:53:18 - [TEST_STEP][PASSED] - openBrowser(""): Browser is opened with url: ''

22-06-2024T09:53:18 - [MESSAGE][INFO] - Starting 'Chrome' driver

22-06-2024T09:53:18 - [MESSAGE][INFO] - Action delay is set to 0 milliseconds

22-06-2024T09:53:18 - [MESSAGE][PASSED] - Browser is opened with url: ''

22-06-2024T09:53:18 - [TEST_STEP][PASSED] - closeBrowser(): Browser is closed

22-06-2024T09:53:18 - [MESSAGE][PASSED] - Browser is closed]]></system-out>
         <system-err><![CDATA[]]></system-err>
      </testcase>
      <testcase name="Test Cases/TCs_W/TC22" time="0.662" classname="Test Cases/TCs_W/TC22" status="PASSED">
         <system-out><![CDATA[22-06-2024T09:53:18 - [TEST_CASE][PASSED] - Test Cases/TCs_W/TC22: Test Cases/TCs_W/TC22

22-06-2024T09:53:18 - [TEST_STEP][PASSED] - openBrowser(""): Browser is opened with url: ''

22-06-2024T09:53:18 - [MESSAGE][INFO] - Starting 'Chrome' driver

22-06-2024T09:53:18 - [MESSAGE][INFO] - Action delay is set to 0 milliseconds

22-06-2024T09:53:19 - [MESSAGE][PASSED] - Browser is opened with url: ''

22-06-2024T09:53:19 - [TEST_STEP][PASSED] - closeBrowser(): Browser is closed

22-06-2024T09:53:19 - [MESSAGE][PASSED] - Browser is closed]]></system-out>
         <system-err><![CDATA[]]></system-err>
      </testcase>
      <testcase name="Test Cases/TCs_W/TC16" time="0.769" classname="Test Cases/TCs_W/TC16" status="PASSED">
         <system-out><![CDATA[22-06-2024T09:53:19 - [TEST_CASE][PASSED] - Test Cases/TCs_W/TC16: Test Cases/TCs_W/TC16

22-06-2024T09:53:19 - [TEST_STEP][PASSED] - openBrowser(""): Browser is opened with url: ''

22-06-2024T09:53:19 - [MESSAGE][INFO] - Starting 'Chrome' driver

22-06-2024T09:53:19 - [MESSAGE][INFO] - Action delay is set to 0 milliseconds

22-06-2024T09:53:20 - [MESSAGE][PASSED] - Browser is opened with url: ''

22-06-2024T09:53:20 - [TEST_STEP][PASSED] - closeBrowser(): Browser is closed

22-06-2024T09:53:20 - [MESSAGE][PASSED] - Browser is closed]]></system-out>
         <system-err><![CDATA[]]></system-err>
      </testcase>
      <testcase name="Test Cases/TCs_W/TC12" time="0.679" classname="Test Cases/TCs_W/TC12" status="PASSED">
         <system-out><![CDATA[22-06-2024T09:53:20 - [TEST_CASE][PASSED] - Test Cases/TCs_W/TC12: Test Cases/TCs_W/TC12

22-06-2024T09:53:20 - [TEST_STEP][PASSED] - openBrowser(""): Browser is opened with url: ''

22-06-2024T09:53:20 - [MESSAGE][INFO] - Starting 'Chrome' driver

22-06-2024T09:53:20 - [MESSAGE][INFO] - Action delay is set to 0 milliseconds

22-06-2024T09:53:20 - [MESSAGE][PASSED] - Browser is opened with url: ''

22-06-2024T09:53:20 - [TEST_STEP][PASSED] - closeBrowser(): Browser is closed

22-06-2024T09:53:20 - [MESSAGE][PASSED] - Browser is closed]]></system-out>
         <system-err><![CDATA[]]></system-err>
      </testcase>
      <testcase name="Test Cases/TCs_W/TC26" time="0.662" classname="Test Cases/TCs_W/TC26" status="PASSED">
         <system-out><![CDATA[22-06-2024T09:53:20 - [TEST_CASE][PASSED] - Test Cases/TCs_W/TC26: Test Cases/TCs_W/TC26

22-06-2024T09:53:20 - [TEST_STEP][PASSED] - openBrowser(""): Browser is opened with url: ''

22-06-2024T09:53:20 - [MESSAGE][INFO] - Starting 'Chrome' driver

22-06-2024T09:53:20 - [MESSAGE][INFO] - Action delay is set to 0 milliseconds

22-06-2024T09:53:21 - [MESSAGE][PASSED] - Browser is opened with url: ''

22-06-2024T09:53:21 - [TEST_STEP][PASSED] - closeBrowser(): Browser is closed

22-06-2024T09:53:21 - [MESSAGE][PASSED] - Browser is closed]]></system-out>
         <system-err><![CDATA[]]></system-err>
      </testcase>
      <system-out><![CDATA[22-06-2024T09:52:36 - [TEST_SUITE][PASSED] - TSAll: Test Cases/TCs_W/TC26]]></system-out>
      <system-err><![CDATA[]]></system-err>
   </testsuite>
</testsuites>
